#
# There is insufficient memory for the Java Runtime Environment to continue.
# Native memory allocation (malloc) failed to allocate 1790576 bytes for Chunk::new
# Possible reasons:
#   The system is out of physical RAM or swap space
#   The process is running with CompressedOops enabled, and the Java Heap may be blocking the growth of the native heap
# Possible solutions:
#   Reduce memory load on the system
#   Increase physical memory or swap space
#   Check if swap backing store is full
#   Decrease Java heap size (-Xmx/-Xms)
#   Decrease number of Java threads
#   Decrease Java thread stack sizes (-Xss)
#   Set larger code cache with -XX:ReservedCodeCacheSize=
#   JVM is running with Unscaled Compressed Oops mode in which the Java heap is
#     placed in the first 4GB address space. The Java Heap base address is the
#     maximum limit for the native heap growth. Please use -XX:HeapBaseMinAddress
#     to set the Java Heap base and to place the Java Heap above 4GB virtual address.
# This output file may be truncated or incomplete.
#
#  Out of Memory Error (arena.cpp:191), pid=5828, tid=2760
#
# JRE version: OpenJDK Runtime Environment (17.0.9) (build 17.0.9+0--11185874)
# Java VM: OpenJDK 64-Bit Server VM (17.0.9+0--11185874, mixed mode, tiered, compressed oops, compressed class ptrs, g1 gc, windows-amd64)
# No core dump will be written. Minidumps are not enabled by default on client versions of Windows
#

---------------  S U M M A R Y ------------

Command Line: --add-opens=java.base/java.util=ALL-UNNAMED --add-opens=java.base/java.lang=ALL-UNNAMED --add-opens=java.base/java.lang.invoke=ALL-UNNAMED --add-opens=java.prefs/java.util.prefs=ALL-UNNAMED --add-opens=java.base/java.nio.charset=ALL-UNNAMED --add-opens=java.base/java.net=ALL-UNNAMED --add-opens=java.base/java.util.concurrent.atomic=ALL-UNNAMED -Xmx2048m -Dfile.encoding=UTF-8 -Duser.country=FR -Duser.language=fr -Duser.variant -javaagent:C:\Users\user\.gradle\wrapper\dists\gradle-8.4-bin\1w5dpkrfk8irigvoxmyhowfim\gradle-8.4\lib\agents\gradle-instrumentation-agent-8.4.jar org.gradle.launcher.daemon.bootstrap.GradleDaemon 8.4

Host: Intel(R) Pentium(R) CPU  N3700  @ 1.60GHz, 4 cores, 3G,  Windows 10 , 64 bit Build 19041 (10.0.19041.3636)
Time: Sat Dec 23 18:47:38 2023 Paris, Madrid elapsed time: 44.318934 seconds (0d 0h 0m 44s)

---------------  T H R E A D  ---------------

Current thread (0x000001dcfd0b1550):  JavaThread "C2 CompilerThread0" daemon [_thread_in_native, id=2760, stack(0x000000a17be00000,0x000000a17bf00000)]


Current CompileTask:
C2:  44319 6201   !   4       java.net.URLClassLoader::findClass (47 bytes)

Stack: [0x000000a17be00000,0x000000a17bf00000]
Native frames: (J=compiled Java code, j=interpreted, Vv=VM code, C=native code)
V  [jvm.dll+0x6886e9]
V  [jvm.dll+0x841e4a]
V  [jvm.dll+0x843a8e]
V  [jvm.dll+0x8440f3]
V  [jvm.dll+0x24c14f]
V  [jvm.dll+0xac44c]
V  [jvm.dll+0xaca9c]
V  [jvm.dll+0x36c1a2]
V  [jvm.dll+0x33651a]
V  [jvm.dll+0x3359ba]
V  [jvm.dll+0x21ddb1]
V  [jvm.dll+0x21d1d1]
V  [jvm.dll+0x1a674d]
V  [jvm.dll+0x22d088]
V  [jvm.dll+0x22b1c0]
V  [jvm.dll+0x7f62f7]
V  [jvm.dll+0x7f06aa]
V  [jvm.dll+0x687565]
C  [ucrtbase.dll+0x21bb2]
C  [KERNEL32.DLL+0x17344]
C  [ntdll.dll+0x526b1]


---------------  P R O C E S S  ---------------

Threads class SMR info:
_java_thread_list=0x000001dc85db7d90, length=42, elements={
0x000001dce18cb500, 0x000001dcfce02660, 0x000001dcfce03670, 0x000001dcfce29010,
0x000001dcfce2b500, 0x000001dcfd0b0080, 0x000001dcfd0b0950, 0x000001dcfd0b1550,
0x000001dcfce3e5a0, 0x000001dcfd11bf70, 0x000001dcfd233020, 0x000001dcfd3da490,
0x000001dcfe9be110, 0x000001dcff71cac0, 0x000001dcfdbed3c0, 0x000001dcfd1476d0,
0x000001dcfe428010, 0x000001dcfec71030, 0x000001dcfec71510, 0x000001dcfd369a40,
0x000001dcfd36ae80, 0x000001dcfd369530, 0x000001dcfd368600, 0x000001dcfd36a460,
0x000001dcfd36a970, 0x000001dcfd36b390, 0x000001dcfd36b8a0, 0x000001dcfd3680f0,
0x000001dcfd369020, 0x000001dcfd368b10, 0x000001dcfe39ac70, 0x000001dcfe394730,
0x000001dcfe398900, 0x000001dcfe397ee0, 0x000001dcfe396080, 0x000001dcfe3983f0,
0x000001dcfe394220, 0x000001dcfe398e10, 0x000001dcfe39a760, 0x000001dcfe399320,
0x000001dcfe399d40, 0x000001dc85c35ae0
}

Java Threads: ( => current thread )
  0x000001dce18cb500 JavaThread "main" [_thread_blocked, id=4276, stack(0x000000a17b100000,0x000000a17b200000)]
  0x000001dcfce02660 JavaThread "Reference Handler" daemon [_thread_blocked, id=3740, stack(0x000000a17b800000,0x000000a17b900000)]
  0x000001dcfce03670 JavaThread "Finalizer" daemon [_thread_blocked, id=7212, stack(0x000000a17b900000,0x000000a17ba00000)]
  0x000001dcfce29010 JavaThread "Signal Dispatcher" daemon [_thread_blocked, id=10120, stack(0x000000a17ba00000,0x000000a17bb00000)]
  0x000001dcfce2b500 JavaThread "Attach Listener" daemon [_thread_blocked, id=3780, stack(0x000000a17bb00000,0x000000a17bc00000)]
  0x000001dcfd0b0080 JavaThread "Service Thread" daemon [_thread_blocked, id=7300, stack(0x000000a17bc00000,0x000000a17bd00000)]
  0x000001dcfd0b0950 JavaThread "Monitor Deflation Thread" daemon [_thread_blocked, id=9244, stack(0x000000a17bd00000,0x000000a17be00000)]
=>0x000001dcfd0b1550 JavaThread "C2 CompilerThread0" daemon [_thread_in_native, id=2760, stack(0x000000a17be00000,0x000000a17bf00000)]
  0x000001dcfce3e5a0 JavaThread "C1 CompilerThread0" daemon [_thread_blocked, id=5040, stack(0x000000a17bf00000,0x000000a17c000000)]
  0x000001dcfd11bf70 JavaThread "Sweeper thread" daemon [_thread_blocked, id=6472, stack(0x000000a17c000000,0x000000a17c100000)]
  0x000001dcfd233020 JavaThread "Common-Cleaner" daemon [_thread_blocked, id=9540, stack(0x000000a17c100000,0x000000a17c200000)]
  0x000001dcfd3da490 JavaThread "Notification Thread" daemon [_thread_blocked, id=4940, stack(0x000000a17c200000,0x000000a17c300000)]
  0x000001dcfe9be110 JavaThread "Daemon health stats" [_thread_blocked, id=7956, stack(0x000000a17c700000,0x000000a17c800000)]
  0x000001dcff71cac0 JavaThread "Incoming local TCP Connector on port 56144" [_thread_in_native, id=9008, stack(0x000000a17c800000,0x000000a17c900000)]
  0x000001dcfdbed3c0 JavaThread "Daemon periodic checks" [_thread_blocked, id=4824, stack(0x000000a17c900000,0x000000a17ca00000)]
  0x000001dcfd1476d0 JavaThread "Daemon" [_thread_blocked, id=6732, stack(0x000000a17ca00000,0x000000a17cb00000)]
  0x000001dcfe428010 JavaThread "Handler for socket connection from /127.0.0.1:56144 to /127.0.0.1:56145" [_thread_in_native, id=4012, stack(0x000000a17cb00000,0x000000a17cc00000)]
  0x000001dcfec71030 JavaThread "Cancel handler" [_thread_blocked, id=5516, stack(0x000000a17cc00000,0x000000a17cd00000)]
  0x000001dcfec71510 JavaThread "Daemon worker" [_thread_in_vm, id=8016, stack(0x000000a17cd00000,0x000000a17ce00000)]
  0x000001dcfd369a40 JavaThread "Asynchronous log dispatcher for DefaultDaemonConnection: socket connection from /127.0.0.1:56144 to /127.0.0.1:56145" [_thread_blocked, id=6372, stack(0x000000a17ce00000,0x000000a17cf00000)]
  0x000001dcfd36ae80 JavaThread "Stdin handler" [_thread_blocked, id=5368, stack(0x000000a17cf00000,0x000000a17d000000)]
  0x000001dcfd369530 JavaThread "Daemon client event forwarder" [_thread_blocked, id=9440, stack(0x000000a17d000000,0x000000a17d100000)]
  0x000001dcfd368600 JavaThread "Cache worker for journal cache (C:\Users\user\.gradle\caches\journal-1)" [_thread_blocked, id=4388, stack(0x000000a17d100000,0x000000a17d200000)]
  0x000001dcfd36a460 JavaThread "File lock request listener" [_thread_in_native, id=8372, stack(0x000000a17d200000,0x000000a17d300000)]
  0x000001dcfd36a970 JavaThread "File lock release action executor" [_thread_blocked, id=2776, stack(0x000000a17d300000,0x000000a17d400000)]
  0x000001dcfd36b390 JavaThread "Cache worker for file hash cache (C:\Users\user\.gradle\caches\8.4\fileHashes)" [_thread_blocked, id=10224, stack(0x000000a17d400000,0x000000a17d500000)]
  0x000001dcfd36b8a0 JavaThread "File watcher server" daemon [_thread_in_native, id=8676, stack(0x000000a17d600000,0x000000a17d700000)]
  0x000001dcfd3680f0 JavaThread "File watcher consumer" daemon [_thread_blocked, id=7328, stack(0x000000a17d700000,0x000000a17d800000)]
  0x000001dcfd369020 JavaThread "Cache worker for checksums cache (C:\Users\user\AndroidStudioProjects\MyNotes\.gradle\8.4\checksums)" [_thread_blocked, id=8252, stack(0x000000a17d800000,0x000000a17d900000)]
  0x000001dcfd368b10 JavaThread "Cache worker for file hash cache (C:\Users\user\AndroidStudioProjects\MyNotes\.gradle\8.4\fileHashes)" [_thread_blocked, id=2264, stack(0x000000a17d900000,0x000000a17da00000)]
  0x000001dcfe39ac70 JavaThread "Cache worker for cache directory md-supplier (C:\Users\user\.gradle\caches\8.4\md-supplier)" [_thread_blocked, id=5340, stack(0x000000a17da00000,0x000000a17db00000)]
  0x000001dcfe394730 JavaThread "Cache worker for file content cache (C:\Users\user\.gradle\caches\8.4\fileContent)" [_thread_blocked, id=2580, stack(0x000000a17d500000,0x000000a17d600000)]
  0x000001dcfe398900 JavaThread "Cache worker for cache directory md-rule (C:\Users\user\.gradle\caches\8.4\md-rule)" [_thread_blocked, id=9736, stack(0x000000a17db00000,0x000000a17dc00000)]
  0x000001dcfe397ee0 JavaThread "Cache worker for execution history cache (C:\Users\user\.gradle\caches\8.4\executionHistory)" [_thread_blocked, id=3564, stack(0x000000a17dc00000,0x000000a17dd00000)]
  0x000001dcfe396080 JavaThread "jar transforms" [_thread_blocked, id=5872, stack(0x000000a17de00000,0x000000a17df00000)]
  0x000001dcfe3983f0 JavaThread "jar transforms Thread 2" [_thread_blocked, id=5308, stack(0x000000a17dd00000,0x000000a17de00000)]
  0x000001dcfe394220 JavaThread "jar transforms Thread 3" [_thread_blocked, id=1804, stack(0x000000a17e000000,0x000000a17e100000)]
  0x000001dcfe398e10 JavaThread "jar transforms Thread 4" [_thread_blocked, id=3348, stack(0x000000a17e100000,0x000000a17e200000)]
  0x000001dcfe39a760 JavaThread "Cache worker for kotlin-dsl (C:\Users\user\.gradle\caches\8.4\kotlin-dsl)" [_thread_blocked, id=3672, stack(0x000000a17b000000,0x000000a17b100000)]
  0x000001dcfe399320 JavaThread "Cache worker for dependencies-accessors (C:\Users\user\AndroidStudioProjects\MyNotes\.gradle\8.4\dependencies-accessors)" [_thread_blocked, id=10068, stack(0x000000a17e200000,0x000000a17e300000)]
  0x000001dcfe399d40 JavaThread "Cache worker for Build Output Cleanup Cache (C:\Users\user\AndroidStudioProjects\MyNotes\.gradle\buildOutputCleanup)" [_thread_blocked, id=8240, stack(0x000000a17e500000,0x000000a17e600000)]
  0x000001dc85c35ae0 JavaThread "C2 CompilerThread1" daemon [_thread_blocked, id=6384, stack(0x000000a17df00000,0x000000a17e000000)]

Other Threads:
  0x000001dcfcddc640 VMThread "VM Thread" [stack: 0x000000a17b700000,0x000000a17b800000] [id=8228]
  0x000001dce18cc170 WatcherThread [stack: 0x000000a17c300000,0x000000a17c400000] [id=7304]
  0x000001dce19277a0 GCTaskThread "GC Thread#0" [stack: 0x000000a17b200000,0x000000a17b300000] [id=9252]
  0x000001dcfd82c770 GCTaskThread "GC Thread#1" [stack: 0x000000a17c400000,0x000000a17c500000] [id=9652]
  0x000001dcfd4ae810 GCTaskThread "GC Thread#2" [stack: 0x000000a17c500000,0x000000a17c600000] [id=5852]
  0x000001dcfdec8ae0 GCTaskThread "GC Thread#3" [stack: 0x000000a17c600000,0x000000a17c700000] [id=668]
  0x000001dce1938600 ConcurrentGCThread "G1 Main Marker" [stack: 0x000000a17b300000,0x000000a17b400000] [id=1092]
  0x000001dce19396d0 ConcurrentGCThread "G1 Conc#0" [stack: 0x000000a17b400000,0x000000a17b500000] [id=2416]
  0x000001dce1985ea0 ConcurrentGCThread "G1 Refine#0" [stack: 0x000000a17b500000,0x000000a17b600000] [id=8256]
  0x000001dce19867e0 ConcurrentGCThread "G1 Service" [stack: 0x000000a17b600000,0x000000a17b700000] [id=9284]

Threads with active compile tasks:
C2 CompilerThread0    44405 6201   !   4       java.net.URLClassLoader::findClass (47 bytes)

VM state: not at safepoint (normal execution)

VM Mutex/Monitor currently owned by a thread: None

Heap address: 0x0000000080000000, size: 2048 MB, Compressed Oops mode: 32-bit

CDS archive(s) not mapped
Compressed class space mapped at: 0x0000000100000000-0x0000000140000000, reserved size: 1073741824
Narrow klass base: 0x0000000000000000, Narrow klass shift: 3, Narrow klass range: 0x140000000

GC Precious Log:
 CPUs: 4 total, 4 available
 Memory: 4015M
 Large Page Support: Disabled
 NUMA Support: Disabled
 Compressed Oops: Enabled (32-bit)
 Heap Region Size: 1M
 Heap Min Capacity: 8M
 Heap Initial Capacity: 64M
 Heap Max Capacity: 2G
 Pre-touch: Disabled
 Parallel Workers: 4
 Concurrent Workers: 1
 Concurrent Refinement Workers: 4
 Periodic GC: Disabled

Heap:
 garbage-first heap   total 92160K, used 70071K [0x0000000080000000, 0x0000000100000000)
  region size 1024K, 30 young (30720K), 4 survivors (4096K)
 Metaspace       used 63495K, committed 64064K, reserved 1114112K
  class space    used 8648K, committed 8896K, reserved 1048576K

Heap Regions: E=young(eden), S=young(survivor), O=old, HS=humongous(starts), HC=humongous(continues), CS=collection set, F=free, OA=open archive, CA=closed archive, TAMS=top-at-mark-start (previous, next)
|   0|0x0000000080000000, 0x0000000080100000, 0x0000000080100000|100%| O|  |TAMS 0x0000000080100000, 0x0000000080000000| Untracked 
|   1|0x0000000080100000, 0x0000000080200000, 0x0000000080200000|100%| O|  |TAMS 0x0000000080200000, 0x0000000080100000| Untracked 
|   2|0x0000000080200000, 0x0000000080300000, 0x0000000080300000|100%|HS|  |TAMS 0x0000000080300000, 0x0000000080200000| Complete 
|   3|0x0000000080300000, 0x0000000080400000, 0x0000000080400000|100%|HC|  |TAMS 0x0000000080400000, 0x0000000080300000| Complete 
|   4|0x0000000080400000, 0x0000000080500000, 0x0000000080500000|100%|HC|  |TAMS 0x0000000080500000, 0x0000000080400000| Complete 
|   5|0x0000000080500000, 0x0000000080600000, 0x0000000080600000|100%|HC|  |TAMS 0x0000000080600000, 0x0000000080500000| Complete 
|   6|0x0000000080600000, 0x0000000080700000, 0x0000000080700000|100%| O|  |TAMS 0x0000000080700000, 0x0000000080600000| Untracked 
|   7|0x0000000080700000, 0x0000000080800000, 0x0000000080800000|100%| O|  |TAMS 0x0000000080800000, 0x0000000080700000| Untracked 
|   8|0x0000000080800000, 0x0000000080900000, 0x0000000080900000|100%| O|  |TAMS 0x0000000080900000, 0x0000000080800000| Untracked 
|   9|0x0000000080900000, 0x0000000080a00000, 0x0000000080a00000|100%| O|  |TAMS 0x0000000080a00000, 0x0000000080900000| Untracked 
|  10|0x0000000080a00000, 0x0000000080b00000, 0x0000000080b00000|100%| O|  |TAMS 0x0000000080b00000, 0x0000000080a00000| Untracked 
|  11|0x0000000080b00000, 0x0000000080c00000, 0x0000000080c00000|100%| O|  |TAMS 0x0000000080c00000, 0x0000000080b00000| Untracked 
|  12|0x0000000080c00000, 0x0000000080d00000, 0x0000000080d00000|100%| O|  |TAMS 0x0000000080d00000, 0x0000000080c00000| Untracked 
|  13|0x0000000080d00000, 0x0000000080e00000, 0x0000000080e00000|100%| O|  |TAMS 0x0000000080e00000, 0x0000000080d00000| Untracked 
|  14|0x0000000080e00000, 0x0000000080f00000, 0x0000000080f00000|100%| O|  |TAMS 0x0000000080f00000, 0x0000000080e00000| Untracked 
|  15|0x0000000080f00000, 0x0000000081000000, 0x0000000081000000|100%| O|  |TAMS 0x0000000081000000, 0x0000000080f00000| Untracked 
|  16|0x0000000081000000, 0x0000000081100000, 0x0000000081100000|100%| O|  |TAMS 0x0000000081100000, 0x0000000081000000| Untracked 
|  17|0x0000000081100000, 0x0000000081200000, 0x0000000081200000|100%| O|  |TAMS 0x0000000081200000, 0x0000000081100000| Untracked 
|  18|0x0000000081200000, 0x0000000081300000, 0x0000000081300000|100%| O|  |TAMS 0x0000000081300000, 0x0000000081200000| Untracked 
|  19|0x0000000081300000, 0x0000000081400000, 0x0000000081400000|100%| O|  |TAMS 0x0000000081400000, 0x0000000081300000| Untracked 
|  20|0x0000000081400000, 0x0000000081500000, 0x0000000081500000|100%| O|  |TAMS 0x0000000081500000, 0x0000000081400000| Untracked 
|  21|0x0000000081500000, 0x0000000081600000, 0x0000000081600000|100%| O|  |TAMS 0x0000000081600000, 0x0000000081500000| Untracked 
|  22|0x0000000081600000, 0x0000000081700000, 0x0000000081700000|100%| O|  |TAMS 0x0000000081700000, 0x0000000081600000| Untracked 
|  23|0x0000000081700000, 0x0000000081800000, 0x0000000081800000|100%| O|  |TAMS 0x0000000081800000, 0x0000000081700000| Untracked 
|  24|0x0000000081800000, 0x0000000081900000, 0x0000000081900000|100%| O|  |TAMS 0x0000000081900000, 0x0000000081800000| Untracked 
|  25|0x0000000081900000, 0x0000000081a00000, 0x0000000081a00000|100%| O|  |TAMS 0x0000000081a00000, 0x0000000081900000| Untracked 
|  26|0x0000000081a00000, 0x0000000081b00000, 0x0000000081b00000|100%| O|  |TAMS 0x0000000081b00000, 0x0000000081a00000| Untracked 
|  27|0x0000000081b00000, 0x0000000081c00000, 0x0000000081c00000|100%| O|  |TAMS 0x0000000081c00000, 0x0000000081b00000| Untracked 
|  28|0x0000000081c00000, 0x0000000081d00000, 0x0000000081d00000|100%| O|  |TAMS 0x0000000081d00000, 0x0000000081c00000| Untracked 
|  29|0x0000000081d00000, 0x0000000081e00000, 0x0000000081e00000|100%| O|  |TAMS 0x0000000081e00000, 0x0000000081d00000| Untracked 
|  30|0x0000000081e00000, 0x0000000081f00000, 0x0000000081f00000|100%| O|  |TAMS 0x0000000081f00000, 0x0000000081e00000| Untracked 
|  31|0x0000000081f00000, 0x0000000082000000, 0x0000000082000000|100%| O|  |TAMS 0x0000000082000000, 0x0000000081f00000| Untracked 
|  32|0x0000000082000000, 0x0000000082100000, 0x0000000082100000|100%| O|  |TAMS 0x0000000082100000, 0x0000000082000000| Untracked 
|  33|0x0000000082100000, 0x0000000082200000, 0x0000000082200000|100%| O|  |TAMS 0x0000000082200000, 0x0000000082100000| Untracked 
|  34|0x0000000082200000, 0x0000000082300000, 0x0000000082300000|100%| O|  |TAMS 0x0000000082300000, 0x0000000082200000| Untracked 
|  35|0x0000000082300000, 0x0000000082400000, 0x0000000082400000|100%|HS|  |TAMS 0x0000000082400000, 0x0000000082300000| Complete 
|  36|0x0000000082400000, 0x0000000082500000, 0x0000000082500000|100%|HC|  |TAMS 0x0000000082500000, 0x0000000082400000| Complete 
|  37|0x0000000082500000, 0x0000000082600000, 0x0000000082600000|100%|HC|  |TAMS 0x0000000082600000, 0x0000000082500000| Complete 
|  38|0x0000000082600000, 0x0000000082700000, 0x0000000082700000|100%| O|  |TAMS 0x0000000082700000, 0x0000000082600000| Untracked 
|  39|0x0000000082700000, 0x0000000082700000, 0x0000000082800000|  0%| F|  |TAMS 0x0000000082700000, 0x0000000082700000| Untracked 
|  40|0x0000000082800000, 0x0000000082800000, 0x0000000082900000|  0%| F|  |TAMS 0x0000000082800000, 0x0000000082800000| Untracked 
|  41|0x0000000082900000, 0x0000000082a00000, 0x0000000082a00000|100%| O|  |TAMS 0x0000000082a00000, 0x0000000082900000| Untracked 
|  42|0x0000000082a00000, 0x0000000082a19c00, 0x0000000082b00000| 10%| O|  |TAMS 0x0000000082a19c00, 0x0000000082a00000| Untracked 
|  43|0x0000000082b00000, 0x0000000082b00000, 0x0000000082c00000|  0%| F|  |TAMS 0x0000000082b00000, 0x0000000082b00000| Untracked 
|  44|0x0000000082c00000, 0x0000000082c00000, 0x0000000082d00000|  0%| F|  |TAMS 0x0000000082c00000, 0x0000000082c00000| Untracked 
|  45|0x0000000082d00000, 0x0000000082d00000, 0x0000000082e00000|  0%| F|  |TAMS 0x0000000082d00000, 0x0000000082d00000| Untracked 
|  46|0x0000000082e00000, 0x0000000082e00000, 0x0000000082f00000|  0%| F|  |TAMS 0x0000000082e00000, 0x0000000082e00000| Untracked 
|  47|0x0000000082f00000, 0x0000000082f00000, 0x0000000083000000|  0%| F|  |TAMS 0x0000000082f00000, 0x0000000082f00000| Untracked 
|  48|0x0000000083000000, 0x0000000083000000, 0x0000000083100000|  0%| F|  |TAMS 0x0000000083000000, 0x0000000083000000| Untracked 
|  49|0x0000000083100000, 0x0000000083100000, 0x0000000083200000|  0%| F|  |TAMS 0x0000000083100000, 0x0000000083100000| Untracked 
|  50|0x0000000083200000, 0x0000000083200000, 0x0000000083300000|  0%| F|  |TAMS 0x0000000083200000, 0x0000000083200000| Untracked 
|  51|0x0000000083300000, 0x0000000083300000, 0x0000000083400000|  0%| F|  |TAMS 0x0000000083300000, 0x0000000083300000| Untracked 
|  52|0x0000000083400000, 0x0000000083400000, 0x0000000083500000|  0%| F|  |TAMS 0x0000000083400000, 0x0000000083400000| Untracked 
|  53|0x0000000083500000, 0x0000000083500000, 0x0000000083600000|  0%| F|  |TAMS 0x0000000083500000, 0x0000000083500000| Untracked 
|  54|0x0000000083600000, 0x00000000836543e8, 0x0000000083700000| 32%| S|CS|TAMS 0x0000000083600000, 0x0000000083600000| Complete 
|  55|0x0000000083700000, 0x0000000083700000, 0x0000000083800000|  0%| F|  |TAMS 0x0000000083700000, 0x0000000083700000| Untracked 
|  56|0x0000000083800000, 0x0000000083800000, 0x0000000083900000|  0%| F|  |TAMS 0x0000000083800000, 0x0000000083800000| Untracked 
|  57|0x0000000083900000, 0x0000000083a00000, 0x0000000083a00000|100%| S|CS|TAMS 0x0000000083900000, 0x0000000083900000| Complete 
|  58|0x0000000083a00000, 0x0000000083b00000, 0x0000000083b00000|100%| S|CS|TAMS 0x0000000083a00000, 0x0000000083a00000| Complete 
|  59|0x0000000083b00000, 0x0000000083c00000, 0x0000000083c00000|100%| S|CS|TAMS 0x0000000083b00000, 0x0000000083b00000| Complete 
|  60|0x0000000083c00000, 0x0000000083c00000, 0x0000000083d00000|  0%| F|  |TAMS 0x0000000083c00000, 0x0000000083c00000| Untracked 
|  61|0x0000000083d00000, 0x0000000083d00000, 0x0000000083e00000|  0%| F|  |TAMS 0x0000000083d00000, 0x0000000083d00000| Untracked 
|  62|0x0000000083e00000, 0x0000000083e00000, 0x0000000083f00000|  0%| F|  |TAMS 0x0000000083e00000, 0x0000000083e00000| Untracked 
|  63|0x0000000083f00000, 0x0000000083f00000, 0x0000000084000000|  0%| F|  |TAMS 0x0000000083f00000, 0x0000000083f00000| Untracked 
|  64|0x0000000084000000, 0x0000000084080800, 0x0000000084100000| 50%| E|  |TAMS 0x0000000084000000, 0x0000000084000000| Complete 
|  65|0x0000000084100000, 0x0000000084200000, 0x0000000084200000|100%| E|CS|TAMS 0x0000000084100000, 0x0000000084100000| Complete 
|  66|0x0000000084200000, 0x0000000084300000, 0x0000000084300000|100%| E|CS|TAMS 0x0000000084200000, 0x0000000084200000| Complete 
|  67|0x0000000084300000, 0x0000000084400000, 0x0000000084400000|100%| E|CS|TAMS 0x0000000084300000, 0x0000000084300000| Complete 
|  68|0x0000000084400000, 0x0000000084500000, 0x0000000084500000|100%| E|CS|TAMS 0x0000000084400000, 0x0000000084400000| Complete 
|  69|0x0000000084500000, 0x0000000084600000, 0x0000000084600000|100%| E|CS|TAMS 0x0000000084500000, 0x0000000084500000| Complete 
|  70|0x0000000084600000, 0x0000000084700000, 0x0000000084700000|100%| E|CS|TAMS 0x0000000084600000, 0x0000000084600000| Complete 
|  71|0x0000000084700000, 0x0000000084800000, 0x0000000084800000|100%| E|CS|TAMS 0x0000000084700000, 0x0000000084700000| Complete 
|  72|0x0000000084800000, 0x0000000084900000, 0x0000000084900000|100%| E|CS|TAMS 0x0000000084800000, 0x0000000084800000| Complete 
|  73|0x0000000084900000, 0x0000000084a00000, 0x0000000084a00000|100%| E|CS|TAMS 0x0000000084900000, 0x0000000084900000| Complete 
|  74|0x0000000084a00000, 0x0000000084b00000, 0x0000000084b00000|100%| E|CS|TAMS 0x0000000084a00000, 0x0000000084a00000| Complete 
|  75|0x0000000084b00000, 0x0000000084c00000, 0x0000000084c00000|100%| E|CS|TAMS 0x0000000084b00000, 0x0000000084b00000| Complete 
|  76|0x0000000084c00000, 0x0000000084d00000, 0x0000000084d00000|100%| E|CS|TAMS 0x0000000084c00000, 0x0000000084c00000| Complete 
|  77|0x0000000084d00000, 0x0000000084e00000, 0x0000000084e00000|100%| E|CS|TAMS 0x0000000084d00000, 0x0000000084d00000| Complete 
|  78|0x0000000084e00000, 0x0000000084f00000, 0x0000000084f00000|100%| E|CS|TAMS 0x0000000084e00000, 0x0000000084e00000| Complete 
|  79|0x0000000084f00000, 0x0000000085000000, 0x0000000085000000|100%| E|CS|TAMS 0x0000000084f00000, 0x0000000084f00000| Complete 
|  80|0x0000000085000000, 0x0000000085100000, 0x0000000085100000|100%| E|CS|TAMS 0x0000000085000000, 0x0000000085000000| Complete 
|  81|0x0000000085100000, 0x0000000085200000, 0x0000000085200000|100%| E|CS|TAMS 0x0000000085100000, 0x0000000085100000| Complete 
|  82|0x0000000085200000, 0x0000000085300000, 0x0000000085300000|100%| E|CS|TAMS 0x0000000085200000, 0x0000000085200000| Complete 
|  83|0x0000000085300000, 0x0000000085400000, 0x0000000085400000|100%| E|CS|TAMS 0x0000000085300000, 0x0000000085300000| Complete 
|  84|0x0000000085400000, 0x0000000085500000, 0x0000000085500000|100%| E|CS|TAMS 0x0000000085400000, 0x0000000085400000| Complete 
|  85|0x0000000085500000, 0x0000000085600000, 0x0000000085600000|100%| E|CS|TAMS 0x0000000085500000, 0x0000000085500000| Complete 
|  86|0x0000000085600000, 0x0000000085700000, 0x0000000085700000|100%| E|CS|TAMS 0x0000000085600000, 0x0000000085600000| Complete 
|  87|0x0000000085700000, 0x0000000085800000, 0x0000000085800000|100%| E|CS|TAMS 0x0000000085700000, 0x0000000085700000| Complete 
|  88|0x0000000085800000, 0x0000000085900000, 0x0000000085900000|100%| E|CS|TAMS 0x0000000085800000, 0x0000000085800000| Complete 
|  89|0x0000000085900000, 0x0000000085a00000, 0x0000000085a00000|100%| E|CS|TAMS 0x0000000085900000, 0x0000000085900000| Complete 

Card table byte_map: [0x000001dcf5fb0000,0x000001dcf63b0000] _byte_map_base: 0x000001dcf5bb0000

Marking Bits (Prev, Next): (CMBitMap*) 0x000001dce1927cd0, (CMBitMap*) 0x000001dce1927d10
 Prev Bits: [0x000001dcf67b0000, 0x000001dcf87b0000)
 Next Bits: [0x000001dcf87b0000, 0x000001dcfa7b0000)

Polling page: 0x000001dce1990000

Metaspace:

Usage:
  Non-class:     53.59 MB used.
      Class:      8.45 MB used.
       Both:     62.04 MB used.

Virtual space:
  Non-class space:       64.00 MB reserved,      53.88 MB ( 84%) committed,  1 nodes.
      Class space:        1.00 GB reserved,       8.69 MB ( <1%) committed,  1 nodes.
             Both:        1.06 GB reserved,      62.56 MB (  6%) committed. 

Chunk freelists:
   Non-Class:  10.12 MB
       Class:  7.22 MB
        Both:  17.34 MB

MaxMetaspaceSize: unlimited
CompressedClassSpaceSize: 1.00 GB
Initial GC threshold: 21.00 MB
Current GC threshold: 99.69 MB
CDS: off
MetaspaceReclaimPolicy: balanced
 - commit_granule_bytes: 65536.
 - commit_granule_words: 8192.
 - virtual_space_node_default_size: 8388608.
 - enlarge_chunks_in_place: 1.
 - new_chunks_are_fully_committed: 0.
 - uncommit_free_chunks: 1.
 - use_allocation_guard: 0.
 - handle_deallocations: 1.


Internal statistics:

num_allocs_failed_limit: 6.
num_arena_births: 654.
num_arena_deaths: 4.
num_vsnodes_births: 2.
num_vsnodes_deaths: 0.
num_space_committed: 1001.
num_space_uncommitted: 0.
num_chunks_returned_to_freelist: 15.
num_chunks_taken_from_freelist: 2788.
num_chunk_merges: 6.
num_chunk_splits: 1876.
num_chunks_enlarged: 1314.
num_inconsistent_stats: 0.

CodeHeap 'non-profiled nmethods': size=120000Kb used=3092Kb max_used=3092Kb free=116907Kb
 bounds [0x000001dcee050000, 0x000001dcee360000, 0x000001dcf5580000]
CodeHeap 'profiled nmethods': size=120000Kb used=10870Kb max_used=10870Kb free=109129Kb
 bounds [0x000001dce6580000, 0x000001dce7020000, 0x000001dcedab0000]
CodeHeap 'non-nmethods': size=5760Kb used=2328Kb max_used=2392Kb free=3431Kb
 bounds [0x000001dcedab0000, 0x000001dcedd20000, 0x000001dcee050000]
 total_blobs=6330 nmethods=5475 adapters=768
 compilation: enabled
              stopped_count=0, restarted_count=0
 full_count=0

Compilation events (20 events):
Event: 44.048 Thread 0x000001dc85c35ae0 6209       4       sun.instrument.InstrumentationImpl::transform (73 bytes)
Event: 44.052 Thread 0x000001dcfce3e5a0 6221       3       com.google.common.collect.ImmutableSet::chooseTableSize (61 bytes)
Event: 44.053 Thread 0x000001dcfce3e5a0 nmethod 6221 0x000001dce7014b10 code [0x000001dce7014d40, 0x000001dce7015378]
Event: 44.054 Thread 0x000001dcfce3e5a0 6222       1       org.gradle.api.internal.attributes.DefaultImmutableAttributes::hashCode (5 bytes)
Event: 44.055 Thread 0x000001dcfce3e5a0 nmethod 6222 0x000001dcee34ff90 code [0x000001dcee350120, 0x000001dcee3501f8]
Event: 44.055 Thread 0x000001dcfce3e5a0 6223       3       com.google.common.collect.ImmutableMap::entrySet (5 bytes)
Event: 44.056 Thread 0x000001dcfce3e5a0 nmethod 6223 0x000001dce7015590 code [0x000001dce7015740, 0x000001dce7015908]
Event: 44.056 Thread 0x000001dcfce3e5a0 6224       3       com.google.common.collect.AbstractIterator::hasNext (65 bytes)
Event: 44.057 Thread 0x000001dcfce3e5a0 nmethod 6224 0x000001dce7015990 code [0x000001dce7015b80, 0x000001dce7015f98]
Event: 44.060 Thread 0x000001dcfce3e5a0 6225       1       org.gradle.api.attributes.Attribute::getType (5 bytes)
Event: 44.060 Thread 0x000001dcfce3e5a0 nmethod 6225 0x000001dcee350290 code [0x000001dcee350420, 0x000001dcee3504f8]
Event: 44.079 Thread 0x000001dc85c35ae0 nmethod 6209 0x000001dcee350590 code [0x000001dcee350760, 0x000001dcee350c98]
Event: 44.080 Thread 0x000001dc85c35ae0 6219       4       jdk.internal.org.objectweb.asm.ClassReader::<init> (371 bytes)
Event: 44.127 Thread 0x000001dc85c35ae0 nmethod 6219 0x000001dcee351190 code [0x000001dcee351340, 0x000001dcee351da8]
Event: 44.193 Thread 0x000001dcfce3e5a0 6226       1       org.gradle.internal.snapshot.impl.AbstractScalarValueSnapshot::getValue (5 bytes)
Event: 44.193 Thread 0x000001dcfce3e5a0 nmethod 6226 0x000001dcee352190 code [0x000001dcee352320, 0x000001dcee3523f8]
Event: 44.217 Thread 0x000001dcfce3e5a0 6231       3       com.google.common.collect.SingletonImmutableList::iterator (5 bytes)
Event: 44.218 Thread 0x000001dcfce3e5a0 nmethod 6231 0x000001dce7016110 code [0x000001dce70162e0, 0x000001dce7016678]
Event: 44.298 Thread 0x000001dc85c35ae0 6233       4       sun.invoke.util.VerifyAccess::isClassAccessible (230 bytes)
Event: 44.307 Thread 0x000001dc85c35ae0 nmethod 6233 0x000001dcee353390 code [0x000001dcee353560, 0x000001dcee3538f0]

GC Heap History (20 events):
Event: 28.974 GC heap before
{Heap before GC invocations=16 (full 0):
 garbage-first heap   total 65536K, used 32678K [0x0000000080000000, 0x0000000100000000)
  region size 1024K, 3 young (3072K), 2 survivors (2048K)
 Metaspace       used 46472K, committed 46848K, reserved 1114112K
  class space    used 6166K, committed 6336K, reserved 1048576K
}
Event: 28.981 GC heap after
{Heap after GC invocations=17 (full 0):
 garbage-first heap   total 65536K, used 31552K [0x0000000080000000, 0x0000000100000000)
  region size 1024K, 1 young (1024K), 1 survivors (1024K)
 Metaspace       used 46472K, committed 46848K, reserved 1114112K
  class space    used 6166K, committed 6336K, reserved 1048576K
}
Event: 30.284 GC heap before
{Heap before GC invocations=17 (full 0):
 garbage-first heap   total 65536K, used 49984K [0x0000000080000000, 0x0000000100000000)
  region size 1024K, 19 young (19456K), 1 survivors (1024K)
 Metaspace       used 47215K, committed 47616K, reserved 1114112K
  class space    used 6263K, committed 6464K, reserved 1048576K
}
Event: 30.291 GC heap after
{Heap after GC invocations=18 (full 0):
 garbage-first heap   total 65536K, used 32368K [0x0000000080000000, 0x0000000100000000)
  region size 1024K, 2 young (2048K), 2 survivors (2048K)
 Metaspace       used 47215K, committed 47616K, reserved 1114112K
  class space    used 6263K, committed 6464K, reserved 1048576K
}
Event: 30.924 GC heap before
{Heap before GC invocations=19 (full 0):
 garbage-first heap   total 65536K, used 50800K [0x0000000080000000, 0x0000000100000000)
  region size 1024K, 20 young (20480K), 2 survivors (2048K)
 Metaspace       used 47256K, committed 47616K, reserved 1114112K
  class space    used 6263K, committed 6464K, reserved 1048576K
}
Event: 30.932 GC heap after
{Heap after GC invocations=20 (full 0):
 garbage-first heap   total 65536K, used 33304K [0x0000000080000000, 0x0000000100000000)
  region size 1024K, 2 young (2048K), 2 survivors (2048K)
 Metaspace       used 47256K, committed 47616K, reserved 1114112K
  class space    used 6263K, committed 6464K, reserved 1048576K
}
Event: 33.068 GC heap before
{Heap before GC invocations=20 (full 0):
 garbage-first heap   total 65536K, used 51736K [0x0000000080000000, 0x0000000100000000)
  region size 1024K, 21 young (21504K), 2 survivors (2048K)
 Metaspace       used 50426K, committed 50816K, reserved 1114112K
  class space    used 6629K, committed 6784K, reserved 1048576K
}
Event: 33.080 GC heap after
{Heap after GC invocations=21 (full 0):
 garbage-first heap   total 65536K, used 35296K [0x0000000080000000, 0x0000000100000000)
  region size 1024K, 3 young (3072K), 3 survivors (3072K)
 Metaspace       used 50426K, committed 50816K, reserved 1114112K
  class space    used 6629K, committed 6784K, reserved 1048576K
}
Event: 34.583 GC heap before
{Heap before GC invocations=22 (full 0):
 garbage-first heap   total 65536K, used 51680K [0x0000000080000000, 0x0000000100000000)
  region size 1024K, 20 young (20480K), 3 survivors (3072K)
 Metaspace       used 52291K, committed 52672K, reserved 1114112K
  class space    used 6921K, committed 7104K, reserved 1048576K
}
Event: 34.595 GC heap after
{Heap after GC invocations=23 (full 0):
 garbage-first heap   total 65536K, used 36084K [0x0000000080000000, 0x0000000100000000)
  region size 1024K, 1 young (1024K), 1 survivors (1024K)
 Metaspace       used 52291K, committed 52672K, reserved 1114112K
  class space    used 6921K, committed 7104K, reserved 1048576K
}
Event: 35.057 GC heap before
{Heap before GC invocations=23 (full 0):
 garbage-first heap   total 65536K, used 42228K [0x0000000080000000, 0x0000000100000000)
  region size 1024K, 8 young (8192K), 1 survivors (1024K)
 Metaspace       used 52938K, committed 53312K, reserved 1114112K
  class space    used 7036K, committed 7232K, reserved 1048576K
}
Event: 35.062 GC heap after
{Heap after GC invocations=24 (full 0):
 garbage-first heap   total 65536K, used 36707K [0x0000000080000000, 0x0000000100000000)
  region size 1024K, 2 young (2048K), 2 survivors (2048K)
 Metaspace       used 52938K, committed 53312K, reserved 1114112K
  class space    used 7036K, committed 7232K, reserved 1048576K
}
Event: 36.694 GC heap before
{Heap before GC invocations=25 (full 0):
 garbage-first heap   total 70656K, used 55139K [0x0000000080000000, 0x0000000100000000)
  region size 1024K, 18 young (18432K), 2 survivors (2048K)
 Metaspace       used 54111K, committed 54592K, reserved 1114112K
  class space    used 7208K, committed 7424K, reserved 1048576K
}
Event: 36.702 GC heap after
{Heap after GC invocations=26 (full 0):
 garbage-first heap   total 70656K, used 40991K [0x0000000080000000, 0x0000000100000000)
  region size 1024K, 3 young (3072K), 3 survivors (3072K)
 Metaspace       used 54111K, committed 54592K, reserved 1114112K
  class space    used 7208K, committed 7424K, reserved 1048576K
}
Event: 37.197 GC heap before
{Heap before GC invocations=26 (full 0):
 garbage-first heap   total 70656K, used 48159K [0x0000000080000000, 0x0000000100000000)
  region size 1024K, 11 young (11264K), 3 survivors (3072K)
 Metaspace       used 54333K, committed 54784K, reserved 1114112K
  class space    used 7222K, committed 7424K, reserved 1048576K
}
Event: 37.204 GC heap after
{Heap after GC invocations=27 (full 0):
 garbage-first heap   total 70656K, used 42069K [0x0000000080000000, 0x0000000100000000)
  region size 1024K, 3 young (3072K), 3 survivors (3072K)
 Metaspace       used 54333K, committed 54784K, reserved 1114112K
  class space    used 7222K, committed 7424K, reserved 1048576K
}
Event: 39.059 GC heap before
{Heap before GC invocations=28 (full 0):
 garbage-first heap   total 76800K, used 58453K [0x0000000080000000, 0x0000000100000000)
  region size 1024K, 18 young (18432K), 3 survivors (3072K)
 Metaspace       used 56712K, committed 57152K, reserved 1114112K
  class space    used 7542K, committed 7744K, reserved 1048576K
}
Event: 39.066 GC heap after
{Heap after GC invocations=29 (full 0):
 garbage-first heap   total 92160K, used 42511K [0x0000000080000000, 0x0000000100000000)
  region size 1024K, 2 young (2048K), 2 survivors (2048K)
 Metaspace       used 56712K, committed 57152K, reserved 1114112K
  class space    used 7542K, committed 7744K, reserved 1048576K
}
Event: 41.771 GC heap before
{Heap before GC invocations=29 (full 0):
 garbage-first heap   total 92160K, used 73231K [0x0000000080000000, 0x0000000100000000)
  region size 1024K, 32 young (32768K), 2 survivors (2048K)
 Metaspace       used 60536K, committed 61056K, reserved 1114112K
  class space    used 8154K, committed 8384K, reserved 1048576K
}
Event: 41.781 GC heap after
{Heap after GC invocations=30 (full 0):
 garbage-first heap   total 92160K, used 44471K [0x0000000080000000, 0x0000000100000000)
  region size 1024K, 4 young (4096K), 4 survivors (4096K)
 Metaspace       used 60536K, committed 61056K, reserved 1114112K
  class space    used 8154K, committed 8384K, reserved 1048576K
}

Dll operation events (3 events):
Event: 0.025 Loaded shared library D:\android-studio-2023.2.1.18-windows\android-studio\jbr\bin\java.dll
Event: 0.904 Loaded shared library D:\android-studio-2023.2.1.18-windows\android-studio\jbr\bin\zip.dll
Event: 2.642 Loaded shared library D:\android-studio-2023.2.1.18-windows\android-studio\jbr\bin\verify.dll

Deoptimization events (20 events):
Event: 43.252 Thread 0x000001dcfec71510 Uncommon trap: trap_request=0xffffffbe fr.pc=0x000001dcee3491a0 relative=0x00000000000002e0
Event: 43.252 Thread 0x000001dcfec71510 Uncommon trap: reason=profile_predicate action=maybe_recompile pc=0x000001dcee3491a0 method=sun.instrument.TransformerManager.transform(Ljava/lang/Module;Ljava/lang/ClassLoader;Ljava/lang/String;Ljava/lang/Class;Ljava/security/ProtectionDomain;[B)[B @ 21 
Event: 43.252 Thread 0x000001dcfec71510 DEOPT PACKING pc=0x000001dcee3491a0 sp=0x000000a17cdf7da0
Event: 43.252 Thread 0x000001dcfec71510 DEOPT UNPACKING pc=0x000001dcedb0699d sp=0x000000a17cdf7cb0 mode 2
Event: 43.256 Thread 0x000001dcfec71510 Uncommon trap: trap_request=0xffffffbe fr.pc=0x000001dcee3491a0 relative=0x00000000000002e0
Event: 43.256 Thread 0x000001dcfec71510 Uncommon trap: reason=profile_predicate action=maybe_recompile pc=0x000001dcee3491a0 method=sun.instrument.TransformerManager.transform(Ljava/lang/Module;Ljava/lang/ClassLoader;Ljava/lang/String;Ljava/lang/Class;Ljava/security/ProtectionDomain;[B)[B @ 21 
Event: 43.256 Thread 0x000001dcfec71510 DEOPT PACKING pc=0x000001dcee3491a0 sp=0x000000a17cdf7b30
Event: 43.256 Thread 0x000001dcfec71510 DEOPT UNPACKING pc=0x000001dcedb0699d sp=0x000000a17cdf7a40 mode 2
Event: 43.262 Thread 0x000001dcfec71510 Uncommon trap: trap_request=0xffffffbe fr.pc=0x000001dcee3491a0 relative=0x00000000000002e0
Event: 43.262 Thread 0x000001dcfec71510 Uncommon trap: reason=profile_predicate action=maybe_recompile pc=0x000001dcee3491a0 method=sun.instrument.TransformerManager.transform(Ljava/lang/Module;Ljava/lang/ClassLoader;Ljava/lang/String;Ljava/lang/Class;Ljava/security/ProtectionDomain;[B)[B @ 21 
Event: 43.262 Thread 0x000001dcfec71510 DEOPT PACKING pc=0x000001dcee3491a0 sp=0x000000a17cdf8040
Event: 43.262 Thread 0x000001dcfec71510 DEOPT UNPACKING pc=0x000001dcedb0699d sp=0x000000a17cdf7f50 mode 2
Event: 43.539 Thread 0x000001dcfec71510 Uncommon trap: trap_request=0xffffffc6 fr.pc=0x000001dcee197658 relative=0x0000000000000218
Event: 43.539 Thread 0x000001dcfec71510 Uncommon trap: reason=bimorphic_or_optimized_type_check action=maybe_recompile pc=0x000001dcee197658 method=com.google.common.base.CharMatcher.indexIn(Ljava/lang/CharSequence;I)I @ 31 c2
Event: 43.539 Thread 0x000001dcfec71510 DEOPT PACKING pc=0x000001dcee197658 sp=0x000000a17cdf9910
Event: 43.539 Thread 0x000001dcfec71510 DEOPT UNPACKING pc=0x000001dcedb0699d sp=0x000000a17cdf98b8 mode 2
Event: 43.578 Thread 0x000001dcfec71510 Uncommon trap: trap_request=0xffffffc6 fr.pc=0x000001dcee197658 relative=0x0000000000000218
Event: 43.578 Thread 0x000001dcfec71510 Uncommon trap: reason=bimorphic_or_optimized_type_check action=maybe_recompile pc=0x000001dcee197658 method=com.google.common.base.CharMatcher.indexIn(Ljava/lang/CharSequence;I)I @ 31 c2
Event: 43.578 Thread 0x000001dcfec71510 DEOPT PACKING pc=0x000001dcee197658 sp=0x000000a17cdf9210
Event: 43.578 Thread 0x000001dcfec71510 DEOPT UNPACKING pc=0x000001dcedb0699d sp=0x000000a17cdf91b8 mode 2

Classes unloaded (7 events):
Event: 35.192 Thread 0x000001dcfcddc640 Unloading class 0x00000001006a9410 '_BuildScript_$_run_closure1$_closure2'
Event: 35.192 Thread 0x000001dcfcddc640 Unloading class 0x00000001006a9000 '_BuildScript_$_run_closure1'
Event: 35.192 Thread 0x000001dcfcddc640 Unloading class 0x00000001006a8800 '_BuildScript_'
Event: 41.957 Thread 0x000001dcfcddc640 Unloading class 0x00000001006a9820 '_BuildScript_$_run_closure1$_closure2$_closure3'
Event: 41.957 Thread 0x000001dcfcddc640 Unloading class 0x00000001006a9410 '_BuildScript_$_run_closure1$_closure2'
Event: 41.957 Thread 0x000001dcfcddc640 Unloading class 0x00000001006a9000 '_BuildScript_$_run_closure1'
Event: 41.957 Thread 0x000001dcfcddc640 Unloading class 0x00000001006a8800 '_BuildScript_'

Classes redefined (0 events):
No events

Internal exceptions (20 events):
Event: 41.445 Thread 0x000001dcfd369530 Exception <a 'java/lang/NoSuchMethodError'{0x00000000840c5618}: static Lorg/gradle/internal/build/event/types/DefaultOperationDescriptor;.<clinit>()V> (0x00000000840c5618) 
thrown [s\src\hotspot\share\prims\jni.cpp, line 1108]
Event: 41.451 Thread 0x000001dcfd369530 Exception <a 'java/lang/NoSuchMethodError'{0x00000000840d9b48}: static Lorg/gradle/internal/operations/OperationIdentifier;.<clinit>()V> (0x00000000840d9b48) 
thrown [s\src\hotspot\share\prims\jni.cpp, line 1108]
Event: 42.088 Thread 0x000001dcfec71510 Exception <a 'java/lang/NoSuchMethodError'{0x0000000085786970}: 'long java.lang.invoke.DirectMethodHandle$Holder.invokeStatic(java.lang.Object, long)'> (0x0000000085786970) 
thrown [s\src\hotspot\share\interpreter\linkResolver.cpp, line 771]
Event: 42.155 Thread 0x000001dcfec71510 Implicit null exception at 0x000001dcee0a3c19 to 0x000001dcee0a4084
Event: 43.237 Thread 0x000001dcfec71510 Exception <a 'java/lang/NoSuchMethodError'{0x0000000084c96b38}: 'java.lang.Object java.lang.invoke.DirectMethodHandle$Holder.newInvokeSpecial(java.lang.Object, java.lang.Object, java.lang.Object, java.lang.Object, int)'> (0x0000000084c96b38) 
thrown [s\src\hotspot\share\interpreter\linkResolver.cpp, line 771]
Event: 43.238 Thread 0x000001dcfec71510 Exception <a 'java/lang/NoSuchMethodError'{0x0000000084c9bb70}: 'java.lang.Object java.lang.invoke.DirectMethodHandle$Holder.invokeSpecial(java.lang.Object, java.lang.Object, java.lang.Object, java.lang.Object, java.lang.Object, int)'> (0x0000000084c9bb70) 
thrown [s\src\hotspot\share\interpreter\linkResolver.cpp, line 771]
Event: 43.247 Thread 0x000001dcfec71510 Exception <a 'java/lang/NoSuchMethodError'{0x0000000084ca0558}: 'java.lang.Object java.lang.invoke.Invokers$Holder.linkToTargetMethod(java.lang.Object, java.lang.Object, java.lang.Object, int, java.lang.Object)'> (0x0000000084ca0558) 
thrown [s\src\hotspot\share\interpreter\linkResolver.cpp, line 771]
Event: 43.281 Thread 0x000001dcfec71510 Exception <a 'java/lang/NoSuchMethodError'{0x0000000084b1f410}: static Lorg/gradle/api/internal/catalog/DefaultVersionCatalog;.<clinit>()V> (0x0000000084b1f410) 
thrown [s\src\hotspot\share\prims\jni.cpp, line 1108]
Event: 43.303 Thread 0x000001dcfec71510 Exception <a 'java/lang/NoSuchMethodError'{0x0000000084b6d5b0}: static [Ljava/lang/Object;.<clinit>()V> (0x0000000084b6d5b0) 
thrown [s\src\hotspot\share\prims\jni.cpp, line 1108]
Event: 43.345 Thread 0x000001dcfec71510 Exception <a 'java/lang/NoSuchMethodError'{0x0000000084b92a48}: static Lorg/gradle/api/internal/catalog/DependencyModel;.<clinit>()V> (0x0000000084b92a48) 
thrown [s\src\hotspot\share\prims\jni.cpp, line 1108]
Event: 43.347 Thread 0x000001dcfec71510 Exception <a 'java/lang/NoSuchMethodError'{0x0000000084b96198}: static Lorg/gradle/api/internal/catalog/AbstractContextAwareModel;.<clinit>()V> (0x0000000084b96198) 
thrown [s\src\hotspot\share\prims\jni.cpp, line 1108]
Event: 43.351 Thread 0x000001dcfec71510 Exception <a 'java/lang/NoSuchMethodError'{0x0000000084badb08}: static Lorg/gradle/api/internal/artifacts/dependencies/AbstractVersionConstraint;.<clinit>()V> (0x0000000084badb08) 
thrown [s\src\hotspot\share\prims\jni.cpp, line 1108]
Event: 43.395 Thread 0x000001dcfec71510 Exception <a 'java/lang/NoSuchMethodError'{0x0000000084a5b278}: static Lorg/gradle/api/internal/catalog/PluginModel;.<clinit>()V> (0x0000000084a5b278) 
thrown [s\src\hotspot\share\prims\jni.cpp, line 1108]
Event: 43.399 Thread 0x000001dcfec71510 Exception <a 'java/lang/NoSuchMethodError'{0x0000000084a70608}: static Lorg/gradle/api/internal/catalog/VersionModel;.<clinit>()V> (0x0000000084a70608) 
thrown [s\src\hotspot\share\prims\jni.cpp, line 1108]
Event: 43.411 Thread 0x000001dcfec71510 Exception <a 'java/lang/NoSuchMethodError'{0x0000000084a940e0}: 'void java.lang.invoke.DirectMethodHandle$Holder.invokeSpecial(java.lang.Object, java.lang.Object, java.lang.Object, int)'> (0x0000000084a940e0) 
thrown [s\src\hotspot\share\interpreter\linkResolver.cpp, line 771]
Event: 43.878 Thread 0x000001dcfec71510 Exception <a 'java/lang/NoSuchMethodError'{0x000000008460c230}: 'int java.lang.invoke.DirectMethodHandle$Holder.invokeSpecialIFC(java.lang.Object, java.lang.Object, java.lang.Object)'> (0x000000008460c230) 
thrown [s\src\hotspot\share\interpreter\linkResolver.cpp, line 771]
Event: 44.210 Thread 0x000001dcfec71510 Exception <a 'java/lang/NoSuchMethodError'{0x00000000843b69b8}: 'java.lang.Object java.lang.invoke.DirectMethodHandle$Holder.newInvokeSpecial(java.lang.Object, java.lang.Object, java.lang.Object, java.lang.Object, java.lang.Object, int)'> (0x00000000843b69b8) 
thrown [s\src\hotspot\share\interpreter\linkResolver.cpp, line 771]
Event: 44.211 Thread 0x000001dcfec71510 Exception <a 'java/lang/NoSuchMethodError'{0x00000000843bbdc8}: 'java.lang.Object java.lang.invoke.DirectMethodHandle$Holder.invokeSpecial(java.lang.Object, java.lang.Object, java.lang.Object, java.lang.Object, java.lang.Object, java.lang.Object, int)'> (0x00000000843bbdc8) 
thrown [s\src\hotspot\share\interpreter\linkResolver.cpp, line 771]
Event: 44.231 Thread 0x000001dcfec71510 Exception <a 'java/lang/NoSuchMethodError'{0x00000000843fdc20}: 'java.lang.Object java.lang.invoke.DirectMethodHandle$Holder.invokeSpecial(java.lang.Object, java.lang.Object, java.lang.Object, java.lang.Object, java.lang.Object, long)'> (0x00000000843fdc20) 
thrown [s\src\hotspot\share\interpreter\linkResolver.cpp, line 771]
Event: 44.244 Thread 0x000001dcfec71510 Exception <a 'java/lang/NoSuchMethodError'{0x0000000084220058}: 'void java.lang.invoke.DirectMethodHandle$Holder.invokeStatic(java.lang.Object, java.lang.Object, java.lang.Object, int, java.lang.Object)'> (0x0000000084220058) 
thrown [s\src\hotspot\share\interpreter\linkResolver.cpp, line 771]

VM Operations (20 events):
Event: 39.041 Executing VM operation: G1CollectForAllocation
Event: 39.072 Executing VM operation: G1CollectForAllocation done
Event: 40.076 Executing VM operation: Cleanup
Event: 40.091 Executing VM operation: Cleanup done
Event: 40.454 Executing VM operation: HandshakeAllThreads
Event: 40.454 Executing VM operation: HandshakeAllThreads done
Event: 40.833 Executing VM operation: HandshakeAllThreads
Event: 40.833 Executing VM operation: HandshakeAllThreads done
Event: 41.771 Executing VM operation: G1CollectForAllocation
Event: 41.781 Executing VM operation: G1CollectForAllocation done
Event: 41.933 Executing VM operation: G1PauseRemark
Event: 41.978 Executing VM operation: G1PauseRemark done
Event: 42.038 Executing VM operation: G1PauseCleanup
Event: 42.039 Executing VM operation: G1PauseCleanup done
Event: 43.043 Executing VM operation: Cleanup
Event: 43.043 Executing VM operation: Cleanup done
Event: 43.286 Executing VM operation: HandshakeAllThreads
Event: 43.286 Executing VM operation: HandshakeAllThreads done
Event: 44.282 Executing VM operation: Cleanup
Event: 44.297 Executing VM operation: Cleanup done

Events (20 events):
Event: 43.434 loading class sun/util/logging/internal/LoggingProviderImpl$JULWrapper done
Event: 43.435 loading class java/io/ObjectInputFilter
Event: 43.436 loading class java/io/ObjectInputFilter done
Event: 43.437 loading class java/io/ObjectInputFilter$Config$BuiltinFilterFactory
Event: 43.437 loading class java/io/ObjectInputFilter$Config$BuiltinFilterFactory done
Event: 43.437 loading class jdk/internal/access/JavaObjectInputFilterAccess
Event: 43.437 loading class jdk/internal/access/JavaObjectInputFilterAccess done
Event: 43.438 loading class java/lang/System$Logger$Level
Event: 43.438 loading class java/lang/System$Logger$Level done
Event: 43.441 loading class jdk/internal/event/DeserializationEvent
Event: 43.444 loading class jdk/internal/event/DeserializationEvent done
Event: 43.445 loading class java/io/ObjectInputStream$FieldValues
Event: 43.445 loading class java/io/ObjectInputStream$GetField
Event: 43.446 loading class java/io/ObjectInputStream$GetField done
Event: 43.446 loading class java/io/ObjectInputStream$FieldValues done
Event: 43.474 loading class sun/reflect/ReflectionFactory
Event: 43.475 loading class sun/reflect/ReflectionFactory done
Event: 43.475 loading class sun/reflect/ReflectionFactory$1
Event: 43.476 loading class sun/reflect/ReflectionFactory$1 done
Event: 44.048 Thread 0x000001dc85c35ae0 Thread added: 0x000001dc85c35ae0


Dynamic libraries:
0x00007ff7ae090000 - 0x00007ff7ae09a000 	D:\android-studio-2023.2.1.18-windows\android-studio\jbr\bin\java.exe
0x00007ff9e91f0000 - 0x00007ff9e93e8000 	C:\Windows\SYSTEM32\ntdll.dll
0x00007ff9e8cb0000 - 0x00007ff9e8d6d000 	C:\Windows\System32\KERNEL32.DLL
0x00007ff9e6bb0000 - 0x00007ff9e6ea6000 	C:\Windows\System32\KERNELBASE.dll
0x00007ff9e6970000 - 0x00007ff9e6a70000 	C:\Windows\System32\ucrtbase.dll
0x00007ff9e1390000 - 0x00007ff9e13ab000 	D:\android-studio-2023.2.1.18-windows\android-studio\jbr\bin\VCRUNTIME140.dll
0x00007ff9e0450000 - 0x00007ff9e0467000 	D:\android-studio-2023.2.1.18-windows\android-studio\jbr\bin\jli.dll
0x00007ff9e86e0000 - 0x00007ff9e887e000 	C:\Windows\System32\USER32.dll
0x00007ff9e7220000 - 0x00007ff9e7242000 	C:\Windows\System32\win32u.dll
0x00007ff9d41a0000 - 0x00007ff9d443a000 	C:\Windows\WinSxS\amd64_microsoft.windows.common-controls_6595b64144ccf1df_6.0.19041.3636_none_60b6a03d71f818d5\COMCTL32.dll
0x00007ff9e88e0000 - 0x00007ff9e890c000 	C:\Windows\System32\GDI32.dll
0x00007ff9e8600000 - 0x00007ff9e869e000 	C:\Windows\System32\msvcrt.dll
0x00007ff9e6fa0000 - 0x00007ff9e70ba000 	C:\Windows\System32\gdi32full.dll
0x00007ff9e68d0000 - 0x00007ff9e696d000 	C:\Windows\System32\msvcp_win.dll
0x00007ff9e86b0000 - 0x00007ff9e86e0000 	C:\Windows\System32\IMM32.DLL
0x00007ff9e40b0000 - 0x00007ff9e40bc000 	D:\android-studio-2023.2.1.18-windows\android-studio\jbr\bin\vcruntime140_1.dll
0x00007ff9d5520000 - 0x00007ff9d55ad000 	D:\android-studio-2023.2.1.18-windows\android-studio\jbr\bin\msvcp140.dll
0x00007ff9b90a0000 - 0x00007ff9b9d23000 	D:\android-studio-2023.2.1.18-windows\android-studio\jbr\bin\server\jvm.dll
0x00007ff9e8550000 - 0x00007ff9e85ff000 	C:\Windows\System32\ADVAPI32.dll
0x00007ff9e8ac0000 - 0x00007ff9e8b5c000 	C:\Windows\System32\sechost.dll
0x00007ff9e8d80000 - 0x00007ff9e8ea6000 	C:\Windows\System32\RPCRT4.dll
0x00007ff9e23a0000 - 0x00007ff9e23a9000 	C:\Windows\SYSTEM32\WSOCK32.dll
0x00007ff9e6730000 - 0x00007ff9e677b000 	C:\Windows\SYSTEM32\POWRPROF.dll
0x00007ff9e7bf0000 - 0x00007ff9e7c5b000 	C:\Windows\System32\WS2_32.dll
0x00007ff9d4080000 - 0x00007ff9d40a7000 	C:\Windows\SYSTEM32\WINMM.dll
0x00007ff9d6ee0000 - 0x00007ff9d6eea000 	C:\Windows\SYSTEM32\VERSION.dll
0x00007ff9e6700000 - 0x00007ff9e6712000 	C:\Windows\SYSTEM32\UMPDC.dll
0x00007ff9e4790000 - 0x00007ff9e47a2000 	C:\Windows\SYSTEM32\kernel.appcore.dll
0x00007ff9e22d0000 - 0x00007ff9e22da000 	D:\android-studio-2023.2.1.18-windows\android-studio\jbr\bin\jimage.dll
0x00007ff9d0a50000 - 0x00007ff9d0c34000 	C:\Windows\SYSTEM32\DBGHELP.DLL
0x00007ff9d09f0000 - 0x00007ff9d0a24000 	C:\Windows\SYSTEM32\dbgcore.DLL
0x00007ff9e6a70000 - 0x00007ff9e6af2000 	C:\Windows\System32\bcryptPrimitives.dll
0x00007ff9e0b40000 - 0x00007ff9e0b4e000 	D:\android-studio-2023.2.1.18-windows\android-studio\jbr\bin\instrument.dll
0x00007ff9e1690000 - 0x00007ff9e16b5000 	D:\android-studio-2023.2.1.18-windows\android-studio\jbr\bin\java.dll
0x00007ff9e0d70000 - 0x00007ff9e0d88000 	D:\android-studio-2023.2.1.18-windows\android-studio\jbr\bin\zip.dll
0x00007ff9e74a0000 - 0x00007ff9e7be5000 	C:\Windows\System32\SHELL32.dll
0x00007ff9e4990000 - 0x00007ff9e512b000 	C:\Windows\SYSTEM32\windows.storage.dll
0x00007ff9e81f0000 - 0x00007ff9e8544000 	C:\Windows\System32\combase.dll
0x00007ff9e6240000 - 0x00007ff9e626d000 	C:\Windows\SYSTEM32\Wldp.dll
0x00007ff9e9100000 - 0x00007ff9e91ad000 	C:\Windows\System32\SHCORE.dll
0x00007ff9e7250000 - 0x00007ff9e72a5000 	C:\Windows\System32\shlwapi.dll
0x00007ff9e6800000 - 0x00007ff9e6825000 	C:\Windows\SYSTEM32\profapi.dll
0x00007ff9e0d50000 - 0x00007ff9e0d69000 	D:\android-studio-2023.2.1.18-windows\android-studio\jbr\bin\net.dll
0x00007ff9ddfb0000 - 0x00007ff9de0ba000 	C:\Windows\SYSTEM32\WINHTTP.dll
0x00007ff9e5fa0000 - 0x00007ff9e600a000 	C:\Windows\system32\mswsock.dll
0x00007ff9e0b50000 - 0x00007ff9e0b66000 	D:\android-studio-2023.2.1.18-windows\android-studio\jbr\bin\nio.dll
0x00007ff9e0d40000 - 0x00007ff9e0d50000 	D:\android-studio-2023.2.1.18-windows\android-studio\jbr\bin\verify.dll
0x00007ff9d5490000 - 0x00007ff9d54b7000 	C:\Users\user\.gradle\native\c067742578af261105cb4f569cf0c3c89f3d7b1fecec35dd04571415982c5e48\windows-amd64\native-platform.dll
0x00007ff9cb4e0000 - 0x00007ff9cb624000 	C:\Users\user\.gradle\native\38dada09dfb8b06ba9b0570ebf7e218e3eb74d4ef43ca46872605cf95ebc2f47\windows-amd64\native-platform-file-events.dll
0x00007ff9e1670000 - 0x00007ff9e1679000 	D:\android-studio-2023.2.1.18-windows\android-studio\jbr\bin\management.dll
0x00007ff9e1380000 - 0x00007ff9e138b000 	D:\android-studio-2023.2.1.18-windows\android-studio\jbr\bin\management_ext.dll
0x00007ff9e86a0000 - 0x00007ff9e86a8000 	C:\Windows\System32\PSAPI.DLL
0x00007ff9e61a0000 - 0x00007ff9e61b8000 	C:\Windows\SYSTEM32\CRYPTSP.dll
0x00007ff9e58d0000 - 0x00007ff9e5904000 	C:\Windows\system32\rsaenh.dll
0x00007ff9e6f00000 - 0x00007ff9e6f27000 	C:\Windows\System32\bcrypt.dll
0x00007ff9e6780000 - 0x00007ff9e67ae000 	C:\Windows\SYSTEM32\USERENV.dll
0x00007ff9e6190000 - 0x00007ff9e619c000 	C:\Windows\SYSTEM32\CRYPTBASE.dll
0x00007ff9e5c90000 - 0x00007ff9e5ccb000 	C:\Windows\SYSTEM32\IPHLPAPI.DLL
0x00007ff9e8d70000 - 0x00007ff9e8d78000 	C:\Windows\System32\NSI.dll
0x00007ff9df470000 - 0x00007ff9df487000 	C:\Windows\SYSTEM32\dhcpcsvc6.DLL
0x00007ff9df420000 - 0x00007ff9df43d000 	C:\Windows\SYSTEM32\dhcpcsvc.DLL
0x00007ff9e5cd0000 - 0x00007ff9e5d9a000 	C:\Windows\SYSTEM32\DNSAPI.dll
0x00007ff9e1de0000 - 0x00007ff9e1de7000 	C:\Windows\system32\wshunix.dll

dbghelp: loaded successfully - version: 4.0.5 - missing functions: none
symbol engine: initialized successfully - sym options: 0x614 - pdb path: .;D:\android-studio-2023.2.1.18-windows\android-studio\jbr\bin;C:\Windows\SYSTEM32;C:\Windows\WinSxS\amd64_microsoft.windows.common-controls_6595b64144ccf1df_6.0.19041.3636_none_60b6a03d71f818d5;D:\android-studio-2023.2.1.18-windows\android-studio\jbr\bin\server;C:\Users\user\.gradle\native\c067742578af261105cb4f569cf0c3c89f3d7b1fecec35dd04571415982c5e48\windows-amd64;C:\Users\user\.gradle\native\38dada09dfb8b06ba9b0570ebf7e218e3eb74d4ef43ca46872605cf95ebc2f47\windows-amd64

VM Arguments:
jvm_args: --add-opens=java.base/java.util=ALL-UNNAMED --add-opens=java.base/java.lang=ALL-UNNAMED --add-opens=java.base/java.lang.invoke=ALL-UNNAMED --add-opens=java.prefs/java.util.prefs=ALL-UNNAMED --add-opens=java.base/java.nio.charset=ALL-UNNAMED --add-opens=java.base/java.net=ALL-UNNAMED --add-opens=java.base/java.util.concurrent.atomic=ALL-UNNAMED -Xmx2048m -Dfile.encoding=UTF-8 -Duser.country=FR -Duser.language=fr -Duser.variant -javaagent:C:\Users\user\.gradle\wrapper\dists\gradle-8.4-bin\1w5dpkrfk8irigvoxmyhowfim\gradle-8.4\lib\agents\gradle-instrumentation-agent-8.4.jar 
java_command: org.gradle.launcher.daemon.bootstrap.GradleDaemon 8.4
java_class_path (initial): C:\Users\user\.gradle\wrapper\dists\gradle-8.4-bin\1w5dpkrfk8irigvoxmyhowfim\gradle-8.4\lib\gradle-launcher-8.4.jar
Launcher Type: SUN_STANDARD

[Global flags]
     intx CICompilerCount                          = 3                                         {product} {ergonomic}
     uint ConcGCThreads                            = 1                                         {product} {ergonomic}
     uint G1ConcRefinementThreads                  = 4                                         {product} {ergonomic}
   size_t G1HeapRegionSize                         = 1048576                                   {product} {ergonomic}
    uintx GCDrainStackTargetSize                   = 64                                        {product} {ergonomic}
   size_t InitialHeapSize                          = 67108864                                  {product} {ergonomic}
   size_t MarkStackSize                            = 4194304                                   {product} {ergonomic}
   size_t MaxHeapSize                              = 2147483648                                {product} {command line}
   size_t MaxNewSize                               = 1287651328                                {product} {ergonomic}
   size_t MinHeapDeltaBytes                        = 1048576                                   {product} {ergonomic}
   size_t MinHeapSize                              = 8388608                                   {product} {ergonomic}
    uintx NonNMethodCodeHeapSize                   = 5832780                                {pd product} {ergonomic}
    uintx NonProfiledCodeHeapSize                  = 122912730                              {pd product} {ergonomic}
    uintx ProfiledCodeHeapSize                     = 122912730                              {pd product} {ergonomic}
    uintx ReservedCodeCacheSize                    = 251658240                              {pd product} {ergonomic}
     bool SegmentedCodeCache                       = true                                      {product} {ergonomic}
   size_t SoftMaxHeapSize                          = 2147483648                             {manageable} {ergonomic}
     bool UseCompressedClassPointers               = true                           {product lp64_product} {ergonomic}
     bool UseCompressedOops                        = true                           {product lp64_product} {ergonomic}
     bool UseG1GC                                  = true                                      {product} {ergonomic}
     bool UseLargePagesIndividualAllocation        = false                                  {pd product} {ergonomic}

Logging:
Log output configuration:
 #0: stdout all=warning uptime,level,tags
 #1: stderr all=off uptime,level,tags

Environment Variables:
PATH=C:\Program Files\Eclipse Adoptium\jdk-21.0.1.12-hotspot\bin;C:\Program Files (x86)\Common Files\Oracle\Java\javapath;C:\Windows\system32;C:\Windows;C:\Windows\System32\Wbem;C:\Windows\System32\WindowsPowerShell\v1.0\;C:\Windows\System32\OpenSSH\;C:\Program Files (x86)\Windows Kits\10\Windows Performance Toolkit\;C:\Users\user\AppData\Local\Programs\Python\Launcher\;C:\Users\user\AppData\Local\Microsoft\WindowsApps;C:\Program Files\Java\jdk-19\bin;C:\Users\user\AppData\Local\Programs\oh-my-posh\bin;D:\Git\mingw64\bin\git.exe;D:\Git\bin;D:\IntelliJ IDEA 2023.1.3\bin;;D:\Microsoft VS Code\bin;C:\Users\user\AppData\Local\GitHubDesktop\bin
USERNAME=user
OS=Windows_NT
PROCESSOR_IDENTIFIER=Intel64 Family 6 Model 76 Stepping 3, GenuineIntel
TMP=C:\Users\user\AppData\Local\Temp
TEMP=C:\Users\user\AppData\Local\Temp



Periodic native trim disabled

JNI global refs:
JNI global refs: 25, weak refs: 0

JNI global refs memory usage: 843, weak refs: 841

OOME stack traces (most recent first):
Classloader memory used:
Loader org.gradle.internal.classloader.VisitableURLClassLoader                         : 4325K
Loader bootstrap                                                                       : 2491K
Loader org.gradle.initialization.MixInLegacyTypesClassLoader                           : 990K
Loader jdk.internal.loader.ClassLoaders$PlatformClassLoader                            : 68383B
Loader jdk.internal.loader.ClassLoaders$AppClassLoader                                 : 28453B
Loader jdk.internal.reflect.DelegatingClassLoader                                      : 17440B
Loader org.gradle.groovy.scripts.internal.DefaultScriptCompilationHandler$ScriptClassLoader: 8931B
Loader org.gradle.internal.classloader.VisitableURLClassLoader                         : 7719B
Loader org.gradle.internal.classloader.VisitableURLClassLoader$InstrumentingVisitableURLClassLoader: 5955B
Loader org.codehaus.groovy.runtime.callsite.CallSiteClassLoader                        : 1232B

Classes loaded by more than one classloader:
Class Program                                                                         : loaded 3 times (x 70B)
Class org.gradle.internal.classpath.ClassPath                                         : loaded 2 times (x 68B)
Class org.gradle.api.internal.classpath.DefaultModuleRegistry                         : loaded 2 times (x 84B)
Class Settings_gradle$1$1                                                             : loaded 2 times (x 72B)
Class org.gradle.api.Action                                                           : loaded 2 times (x 68B)
Class org.gradle.api.internal.DefaultClassPathProvider                                : loaded 2 times (x 74B)
Class org.gradle.internal.installation.GradleInstallation$1                           : loaded 2 times (x 73B)
Class ijmiscinit2_ca72yakuxvkgv8l05nbedl8e7                                           : loaded 2 times (x 177B)
Class org.gradle.internal.classloader.FilteringClassLoader                            : loaded 2 times (x 103B)
Class org.gradle.internal.classpath.DefaultClassPath$ImmutableUniqueList$Builder      : loaded 2 times (x 73B)
Class org.gradle.internal.classloader.ClassLoaderVisitor                              : loaded 2 times (x 74B)
Class org.gradle.internal.service.DefaultServiceLocator                               : loaded 2 times (x 81B)
Class org.gradle.internal.service.UnknownServiceException                             : loaded 2 times (x 81B)
Class org.gradle.internal.classloader.DefaultClassLoaderFactory                       : loaded 2 times (x 80B)
Class org.gradle.internal.classloader.VisitableURLClassLoader$Spec                    : loaded 2 times (x 72B)
Class org.gradle.api.GradleException                                                  : loaded 2 times (x 80B)
Class org.gradle.api.internal.classpath.ModuleRegistry                                : loaded 2 times (x 68B)
Class org.gradle.api.internal.ClassPathProvider                                       : loaded 2 times (x 68B)
Class org.gradle.internal.classloader.ClasspathUtil$1                                 : loaded 2 times (x 74B)
Class org.gradle.internal.classloader.ClassLoaderFactory                              : loaded 2 times (x 68B)
Class org.gradle.api.internal.classpath.ManifestUtil                                  : loaded 2 times (x 69B)
Class org.gradle.api.specs.Spec                                                       : loaded 2 times (x 68B)
Class org.gradle.internal.IoActions                                                   : loaded 2 times (x 69B)
Class org.gradle.api.internal.classpath.EffectiveClassPath                            : loaded 2 times (x 88B)
Class org.gradle.internal.installation.CurrentGradleInstallation                      : loaded 2 times (x 71B)
Class org.gradle.internal.agents.InstrumentingClassLoader                             : loaded 2 times (x 68B)
Class org.gradle.internal.installation.CurrentGradleInstallationLocator               : loaded 2 times (x 69B)
Class org.gradle.api.internal.classpath.Module                                        : loaded 2 times (x 68B)
Class org.gradle.internal.service.CachingServiceLocator                               : loaded 2 times (x 80B)
Class org.gradle.internal.classpath.DefaultClassPath                                  : loaded 2 times (x 88B)
Class org.gradle.internal.classloader.SystemClassLoaderSpec                           : loaded 2 times (x 69B)
Class org.gradle.api.UncheckedIOException                                             : loaded 2 times (x 80B)
Class org.gradle.internal.installation.GradleInstallation                             : loaded 2 times (x 73B)
Class org.gradle.internal.classloader.ClasspathUtil                                   : loaded 2 times (x 69B)
Class org.gradle.api.internal.DefaultClassPathRegistry                                : loaded 2 times (x 74B)
Class org.gradle.api.internal.classpath.DefaultModuleRegistry$DefaultModule           : loaded 2 times (x 84B)
Class org.gradle.api.internal.classpath.UnknownModuleException                        : loaded 2 times (x 80B)
Class ijmiscinit2_ca72yakuxvkgv8l05nbedl8e7$_run_closure1$_closure2                   : loaded 2 times (x 138B)
Class org.gradle.internal.service.ServiceLookupException                              : loaded 2 times (x 80B)
Class org.gradle.cache.GlobalCache                                                    : loaded 2 times (x 68B)
Class [Lorg.gradle.api.internal.ClassPathProvider;                                    : loaded 2 times (x 67B)
Class org.gradle.util.internal.GUtil                                                  : loaded 2 times (x 69B)
Class org.gradle.internal.classloader.ClassLoaderSpec                                 : loaded 2 times (x 69B)
Class org.gradle.internal.classloader.VisitableURLClassLoader                         : loaded 2 times (x 115B)
Class org.gradle.internal.Cast                                                        : loaded 2 times (x 69B)
Class ijmiscinit2_ca72yakuxvkgv8l05nbedl8e7$_run_closure1                             : loaded 2 times (x 138B)
Class org.gradle.api.internal.ClassPathRegistry                                       : loaded 2 times (x 68B)
Class org.gradle.internal.classloader.VisitableURLClassLoader$InstrumentingVisitableURLClassLoader: loaded 2 times (x 121B)
Class org.gradle.internal.classloader.ClassLoaderHierarchy                            : loaded 2 times (x 68B)
Class org.gradle.internal.InternalTransformer                                         : loaded 2 times (x 68B)
Class org.gradle.internal.service.ServiceLocator                                      : loaded 2 times (x 68B)
Class Settings_gradle$1                                                               : loaded 2 times (x 72B)
Class org.gradle.internal.classpath.DefaultClassPath$ImmutableUniqueList              : loaded 2 times (x 159B)
Class org.gradle.internal.classpath.TransformedClassPath                              : loaded 2 times (x 94B)
Class Settings_gradle                                                                 : loaded 2 times (x 126B)


---------------  S Y S T E M  ---------------

OS:
 Windows 10 , 64 bit Build 19041 (10.0.19041.3636)
OS uptime: 0 days 7:10 hours

CPU: total 4 (initial active 4) (4 cores per cpu, 1 threads per core) family 6 model 76 stepping 3 microcode 0x368, cx8, cmov, fxsr, mmx, 3dnowpref, sse, sse2, sse3, ssse3, sse4.1, sse4.2, popcnt, tsc, tscinvbit, aes, erms, clmul, clflush
Processor Information for all 4 processors :
  Max Mhz: 1601, Current Mhz: 1601, Mhz Limit: 1601

Memory: 4k page, system-wide physical 4015M (430M free)
TotalPageFile size 8111M (AvailPageFile size 8M)
current process WorkingSet (physical memory assigned to process): 277M, peak: 286M
current process commit charge ("private bytes"): 304M, peak: 316M

vm_info: OpenJDK 64-Bit Server VM (17.0.9+0--11185874) for windows-amd64 JRE (17.0.9+0--11185874), built on Dec  6 2023 18:57:44 by "androidbuild" with MS VC++ 16.10 / 16.11 (VS2019)

END.
