#
# There is insufficient memory for the Java Runtime Environment to continue.
# Native memory allocation (mmap) failed to map 109051904 bytes for G1 virtual space
# Possible reasons:
#   The system is out of physical RAM or swap space
#   The process is running with CompressedOops enabled, and the Java Heap may be blocking the growth of the native heap
# Possible solutions:
#   Reduce memory load on the system
#   Increase physical memory or swap space
#   Check if swap backing store is full
#   Decrease Java heap size (-Xmx/-Xms)
#   Decrease number of Java threads
#   Decrease Java thread stack sizes (-Xss)
#   Set larger code cache with -XX:ReservedCodeCacheSize=
#   JVM is running with Unscaled Compressed Oops mode in which the Java heap is
#     placed in the first 4GB address space. The Java Heap base address is the
#     maximum limit for the native heap growth. Please use -XX:HeapBaseMinAddress
#     to set the Java Heap base and to place the Java Heap above 4GB virtual address.
# This output file may be truncated or incomplete.
#
#  Out of Memory Error (os_windows.cpp:3771), pid=7576, tid=5932
#
# JRE version: OpenJDK Runtime Environment (17.0.7) (build 17.0.7+0-b2043.56-10550314)
# Java VM: OpenJDK 64-Bit Server VM (17.0.7+0-b2043.56-10550314, mixed mode, tiered, compressed oops, compressed class ptrs, g1 gc, windows-amd64)
# No core dump will be written. Minidumps are not enabled by default on client versions of Windows
#

---------------  S U M M A R Y ------------

Command Line: --add-opens=java.base/java.util=ALL-UNNAMED --add-opens=java.base/java.lang=ALL-UNNAMED --add-opens=java.base/java.lang.invoke=ALL-UNNAMED --add-opens=java.prefs/java.util.prefs=ALL-UNNAMED --add-opens=java.base/java.nio.charset=ALL-UNNAMED --add-opens=java.base/java.net=ALL-UNNAMED --add-opens=java.base/java.util.concurrent.atomic=ALL-UNNAMED -Xmx2048m -Dfile.encoding=UTF-8 -Duser.country=FR -Duser.language=fr -Duser.variant -javaagent:C:\Users\user\.gradle\wrapper\dists\gradle-8.4-bin\1w5dpkrfk8irigvoxmyhowfim\gradle-8.4\lib\agents\gradle-instrumentation-agent-8.4.jar org.gradle.launcher.daemon.bootstrap.GradleDaemon 8.4

Host: Intel(R) Pentium(R) CPU  N3700  @ 1.60GHz, 4 cores, 3G,  Windows 10 , 64 bit Build 19041 (10.0.19041.3636)
Time: Sat Dec 23 19:35:40 2023 Paris, Madrid elapsed time: 63.483648 seconds (0d 0h 1m 3s)

---------------  T H R E A D  ---------------

Current thread (0x000002034e6dc120):  VMThread "VM Thread" [stack: 0x000000946f800000,0x000000946f900000] [id=5932]

Stack: [0x000000946f800000,0x000000946f900000]
Native frames: (J=compiled Java code, j=interpreted, Vv=VM code, C=native code)
V  [jvm.dll+0x683bfa]
V  [jvm.dll+0x8430a4]
V  [jvm.dll+0x8449be]
V  [jvm.dll+0x845023]
V  [jvm.dll+0x24ad2f]
V  [jvm.dll+0x680ac9]
V  [jvm.dll+0x67519a]
V  [jvm.dll+0x30b3cb]
V  [jvm.dll+0x312876]
V  [jvm.dll+0x36221e]
V  [jvm.dll+0x36244f]
V  [jvm.dll+0x2e14a8]
V  [jvm.dll+0x2df684]
V  [jvm.dll+0x2dec8c]
V  [jvm.dll+0x32382b]
V  [jvm.dll+0x8496eb]
V  [jvm.dll+0x84a424]
V  [jvm.dll+0x84a93d]
V  [jvm.dll+0x84ad14]
V  [jvm.dll+0x84ade0]
V  [jvm.dll+0x7f2aea]
V  [jvm.dll+0x682a35]
C  [ucrtbase.dll+0x21bb2]
C  [KERNEL32.DLL+0x17344]
C  [ntdll.dll+0x526b1]

VM_Operation (0x0000009470ef5530): G1CollectForAllocation, mode: safepoint, requested by thread 0x0000020354947530


---------------  P R O C E S S  ---------------

Threads class SMR info:
_java_thread_list=0x000002035798c860, length=46, elements={
0x0000020335151230, 0x000002034e6e1c70, 0x000002034e6e29f0, 0x000002034e7013b0,
0x000002034e703c80, 0x000002034e704540, 0x000002034e704e00, 0x000002034e9bc080,
0x000002034e75ab40, 0x000002034e75d060, 0x0000020335219fd0, 0x000002034eca1260,
0x0000020355100820, 0x0000020355641010, 0x0000020354b0da50, 0x000002035486c590,
0x00000203550f9030, 0x00000203545e1b30, 0x0000020354947530, 0x00000203549496e0,
0x0000020354949bb0, 0x0000020354947060, 0x000002035494a080, 0x0000020354948d40,
0x00000203549483a0, 0x000002035494aa20, 0x0000020354947ed0, 0x0000020354948870,
0x000002034eacf560, 0x000002034eacc070, 0x000002034ead2580, 0x000002034ead38c0,
0x000002034eacfa30, 0x000002034eace6f0, 0x000002034eacd880, 0x000002034ead1be0,
0x000002034ead08a0, 0x000002034eacebc0, 0x000002034eacca10, 0x000002034ead2a50,
0x000002034eace220, 0x000002034eacff00, 0x000002034ead1240, 0x000002034eacd3b0,
0x000002034ead03d0, 0x000002034ead0d70
}

Java Threads: ( => current thread )
  0x0000020335151230 JavaThread "main" [_thread_blocked, id=4644, stack(0x000000946f100000,0x000000946f200000)]
  0x000002034e6e1c70 JavaThread "Reference Handler" daemon [_thread_blocked, id=2844, stack(0x000000946f900000,0x000000946fa00000)]
  0x000002034e6e29f0 JavaThread "Finalizer" daemon [_thread_blocked, id=4876, stack(0x000000946fa00000,0x000000946fb00000)]
  0x000002034e7013b0 JavaThread "Signal Dispatcher" daemon [_thread_blocked, id=9476, stack(0x000000946fb00000,0x000000946fc00000)]
  0x000002034e703c80 JavaThread "Attach Listener" daemon [_thread_blocked, id=7160, stack(0x000000946fc00000,0x000000946fd00000)]
  0x000002034e704540 JavaThread "Service Thread" daemon [_thread_blocked, id=3856, stack(0x000000946fd00000,0x000000946fe00000)]
  0x000002034e704e00 JavaThread "Monitor Deflation Thread" daemon [_thread_blocked, id=636, stack(0x000000946fe00000,0x000000946ff00000)]
  0x000002034e9bc080 JavaThread "C2 CompilerThread0" daemon [_thread_blocked, id=8056, stack(0x000000946ff00000,0x0000009470000000)]
  0x000002034e75ab40 JavaThread "C1 CompilerThread0" daemon [_thread_blocked, id=3344, stack(0x0000009470000000,0x0000009470100000)]
  0x000002034e75d060 JavaThread "Sweeper thread" daemon [_thread_blocked, id=2764, stack(0x0000009470100000,0x0000009470200000)]
  0x0000020335219fd0 JavaThread "Common-Cleaner" daemon [_thread_blocked, id=5960, stack(0x0000009470200000,0x0000009470300000)]
  0x000002034eca1260 JavaThread "Notification Thread" daemon [_thread_blocked, id=10084, stack(0x0000009470300000,0x0000009470400000)]
  0x0000020355100820 JavaThread "Daemon health stats" [_thread_blocked, id=7892, stack(0x0000009470800000,0x0000009470900000)]
  0x0000020355641010 JavaThread "Incoming local TCP Connector on port 56847" [_thread_in_native, id=9260, stack(0x0000009470900000,0x0000009470a00000)]
  0x0000020354b0da50 JavaThread "Daemon periodic checks" [_thread_blocked, id=2896, stack(0x0000009470b00000,0x0000009470c00000)]
  0x000002035486c590 JavaThread "Daemon" [_thread_blocked, id=7460, stack(0x0000009470a00000,0x0000009470b00000)]
  0x00000203550f9030 JavaThread "Handler for socket connection from /127.0.0.1:56847 to /127.0.0.1:56848" [_thread_in_native, id=1228, stack(0x0000009470c00000,0x0000009470d00000)]
  0x00000203545e1b30 JavaThread "Cancel handler" [_thread_blocked, id=4848, stack(0x0000009470d00000,0x0000009470e00000)]
  0x0000020354947530 JavaThread "Daemon worker" [_thread_blocked, id=3092, stack(0x0000009470e00000,0x0000009470f00000)]
  0x00000203549496e0 JavaThread "Asynchronous log dispatcher for DefaultDaemonConnection: socket connection from /127.0.0.1:56847 to /127.0.0.1:56848" [_thread_blocked, id=9976, stack(0x0000009470f00000,0x0000009471000000)]
  0x0000020354949bb0 JavaThread "Stdin handler" [_thread_blocked, id=7720, stack(0x0000009471000000,0x0000009471100000)]
  0x0000020354947060 JavaThread "Daemon client event forwarder" [_thread_blocked, id=10232, stack(0x0000009471100000,0x0000009471200000)]
  0x000002035494a080 JavaThread "Cache worker for journal cache (C:\Users\user\.gradle\caches\journal-1)" [_thread_blocked, id=6748, stack(0x0000009471200000,0x0000009471300000)]
  0x0000020354948d40 JavaThread "File lock request listener" [_thread_in_native, id=4676, stack(0x0000009471300000,0x0000009471400000)]
  0x00000203549483a0 JavaThread "Cache worker for file hash cache (C:\Users\user\.gradle\caches\8.4\fileHashes)" [_thread_blocked, id=9168, stack(0x0000009471400000,0x0000009471500000)]
  0x000002035494aa20 JavaThread "File lock release action executor" [_thread_blocked, id=1668, stack(0x0000009471600000,0x0000009471700000)]
  0x0000020354947ed0 JavaThread "File watcher server" daemon [_thread_blocked, id=6076, stack(0x0000009471500000,0x0000009471600000)]
  0x0000020354948870 JavaThread "File watcher consumer" daemon [_thread_blocked, id=7040, stack(0x0000009471700000,0x0000009471800000)]
  0x000002034eacf560 JavaThread "Cache worker for checksums cache (C:\Users\user\AndroidStudioProjects\MyNotes\.gradle\8.4\checksums)" [_thread_blocked, id=7808, stack(0x0000009471800000,0x0000009471900000)]
  0x000002034eacc070 JavaThread "Cache worker for file hash cache (C:\Users\user\AndroidStudioProjects\MyNotes\.gradle\8.4\fileHashes)" [_thread_blocked, id=2748, stack(0x0000009471900000,0x0000009471a00000)]
  0x000002034ead2580 JavaThread "Cache worker for cache directory md-supplier (C:\Users\user\.gradle\caches\8.4\md-supplier)" [_thread_blocked, id=7888, stack(0x0000009471a00000,0x0000009471b00000)]
  0x000002034ead38c0 JavaThread "Cache worker for file content cache (C:\Users\user\.gradle\caches\8.4\fileContent)" [_thread_blocked, id=2564, stack(0x0000009471b00000,0x0000009471c00000)]
  0x000002034eacfa30 JavaThread "Cache worker for cache directory md-rule (C:\Users\user\.gradle\caches\8.4\md-rule)" [_thread_blocked, id=8488, stack(0x0000009471c00000,0x0000009471d00000)]
  0x000002034eace6f0 JavaThread "Cache worker for execution history cache (C:\Users\user\.gradle\caches\8.4\executionHistory)" [_thread_blocked, id=7048, stack(0x0000009471d00000,0x0000009471e00000)]
  0x000002034eacd880 JavaThread "jar transforms" [_thread_blocked, id=3964, stack(0x0000009471e00000,0x0000009471f00000)]
  0x000002034ead1be0 JavaThread "jar transforms Thread 2" [_thread_blocked, id=7600, stack(0x0000009471f00000,0x0000009472000000)]
  0x000002034ead08a0 JavaThread "Cache worker for kotlin-dsl (C:\Users\user\.gradle\caches\8.4\kotlin-dsl)" [_thread_blocked, id=1464, stack(0x0000009472000000,0x0000009472100000)]
  0x000002034eacebc0 JavaThread "jar transforms Thread 3" [_thread_blocked, id=4656, stack(0x0000009472100000,0x0000009472200000)]
  0x000002034eacca10 JavaThread "jar transforms Thread 4" [_thread_blocked, id=9036, stack(0x0000009472200000,0x0000009472300000)]
  0x000002034ead2a50 JavaThread "Cache worker for dependencies-accessors (C:\Users\user\AndroidStudioProjects\MyNotes\.gradle\8.4\dependencies-accessors)" [_thread_blocked, id=5872, stack(0x0000009472300000,0x0000009472400000)]
  0x000002034eace220 JavaThread "Cache worker for Build Output Cleanup Cache (C:\Users\user\AndroidStudioProjects\MyNotes\.gradle\buildOutputCleanup)" [_thread_blocked, id=4056, stack(0x0000009472400000,0x0000009472500000)]
  0x000002034eacff00 JavaThread "Unconstrained build operations" [_thread_blocked, id=2240, stack(0x0000009472700000,0x0000009472800000)]
  0x000002034ead1240 JavaThread "Unconstrained build operations Thread 2" [_thread_blocked, id=4756, stack(0x0000009472800000,0x0000009472900000)]
  0x000002034eacd3b0 JavaThread "Unconstrained build operations Thread 3" [_thread_blocked, id=6184, stack(0x0000009472900000,0x0000009472a00000)]
  0x000002034ead03d0 JavaThread "build event listener" [_thread_blocked, id=6964, stack(0x0000009472a00000,0x0000009472b00000)]
  0x000002034ead0d70 JavaThread "Memory manager" [_thread_blocked, id=3152, stack(0x0000009472b00000,0x0000009472c00000)]

Other Threads:
=>0x000002034e6dc120 VMThread "VM Thread" [stack: 0x000000946f800000,0x000000946f900000] [id=5932]
  0x000002034ecaf2a0 WatcherThread [stack: 0x0000009470400000,0x0000009470500000] [id=8276]
  0x00000203330ae7d0 GCTaskThread "GC Thread#0" [stack: 0x000000946f300000,0x000000946f400000] [id=3124]
  0x000002034eda7900 GCTaskThread "GC Thread#1" [stack: 0x0000009470500000,0x0000009470600000] [id=4752]
  0x0000020353045c30 GCTaskThread "GC Thread#2" [stack: 0x0000009470600000,0x0000009470700000] [id=3440]
  0x00000203539ea450 GCTaskThread "GC Thread#3" [stack: 0x0000009470700000,0x0000009470800000] [id=8524]
  0x00000203351b86a0 ConcurrentGCThread "G1 Main Marker" [stack: 0x000000946f400000,0x000000946f500000] [id=6844]
  0x00000203351b9fd0 ConcurrentGCThread "G1 Conc#0" [stack: 0x000000946f500000,0x000000946f600000] [id=7488]
  0x0000020335206af0 ConcurrentGCThread "G1 Refine#0" [stack: 0x000000946f600000,0x000000946f700000] [id=9728]
  0x0000020335207420 ConcurrentGCThread "G1 Service" [stack: 0x000000946f700000,0x000000946f800000] [id=8552]

Threads with active compile tasks:

VM state: at safepoint (normal execution)

VM Mutex/Monitor currently owned by a thread:  ([mutex/lock_event])
[0x000002033514cbb0] Threads_lock - owner thread: 0x000002034e6dc120
[0x000002033514c7c0] Heap_lock - owner thread: 0x0000020354947530

Heap address: 0x0000000080000000, size: 2048 MB, Compressed Oops mode: 32-bit

CDS archive(s) not mapped
Compressed class space mapped at: 0x0000000100000000-0x0000000140000000, reserved size: 1073741824
Narrow klass base: 0x0000000000000000, Narrow klass shift: 3, Narrow klass range: 0x140000000

GC Precious Log:
 CPUs: 4 total, 4 available
 Memory: 4015M
 Large Page Support: Disabled
 NUMA Support: Disabled
 Compressed Oops: Enabled (32-bit)
 Heap Region Size: 1M
 Heap Min Capacity: 8M
 Heap Initial Capacity: 64M
 Heap Max Capacity: 2G
 Pre-touch: Disabled
 Parallel Workers: 4
 Concurrent Workers: 1
 Concurrent Refinement Workers: 4
 Periodic GC: Disabled

Heap:
 garbage-first heap   total 106496K, used 63292K [0x0000000080000000, 0x0000000100000000)
  region size 1024K, 1 young (1024K), 1 survivors (1024K)
 Metaspace       used 78526K, committed 79168K, reserved 1179648K
  class space    used 10528K, committed 10816K, reserved 1048576K

Heap Regions: E=young(eden), S=young(survivor), O=old, HS=humongous(starts), HC=humongous(continues), CS=collection set, F=free, OA=open archive, CA=closed archive, TAMS=top-at-mark-start (previous, next)
|   0|0x0000000080000000, 0x0000000080100000, 0x0000000080100000|100%| O|  |TAMS 0x0000000080100000, 0x0000000080000000| Untracked 
|   1|0x0000000080100000, 0x0000000080200000, 0x0000000080200000|100%| O|  |TAMS 0x0000000080200000, 0x0000000080100000| Untracked 
|   2|0x0000000080200000, 0x0000000080300000, 0x0000000080300000|100%|HS|  |TAMS 0x0000000080300000, 0x0000000080200000| Complete 
|   3|0x0000000080300000, 0x0000000080400000, 0x0000000080400000|100%|HC|  |TAMS 0x0000000080400000, 0x0000000080300000| Complete 
|   4|0x0000000080400000, 0x0000000080500000, 0x0000000080500000|100%|HC|  |TAMS 0x0000000080500000, 0x0000000080400000| Complete 
|   5|0x0000000080500000, 0x0000000080600000, 0x0000000080600000|100%|HC|  |TAMS 0x0000000080600000, 0x0000000080500000| Complete 
|   6|0x0000000080600000, 0x0000000080700000, 0x0000000080700000|100%| O|  |TAMS 0x0000000080700000, 0x0000000080600000| Untracked 
|   7|0x0000000080700000, 0x0000000080800000, 0x0000000080800000|100%| O|  |TAMS 0x0000000080800000, 0x0000000080700000| Untracked 
|   8|0x0000000080800000, 0x0000000080900000, 0x0000000080900000|100%| O|  |TAMS 0x0000000080900000, 0x0000000080800000| Untracked 
|   9|0x0000000080900000, 0x0000000080a00000, 0x0000000080a00000|100%| O|  |TAMS 0x0000000080a00000, 0x0000000080900000| Untracked 
|  10|0x0000000080a00000, 0x0000000080b00000, 0x0000000080b00000|100%| O|  |TAMS 0x0000000080b00000, 0x0000000080a00000| Untracked 
|  11|0x0000000080b00000, 0x0000000080c00000, 0x0000000080c00000|100%| O|  |TAMS 0x0000000080c00000, 0x0000000080b00000| Untracked 
|  12|0x0000000080c00000, 0x0000000080d00000, 0x0000000080d00000|100%| O|  |TAMS 0x0000000080d00000, 0x0000000080c00000| Untracked 
|  13|0x0000000080d00000, 0x0000000080e00000, 0x0000000080e00000|100%| O|  |TAMS 0x0000000080e00000, 0x0000000080d00000| Untracked 
|  14|0x0000000080e00000, 0x0000000080f00000, 0x0000000080f00000|100%| O|  |TAMS 0x0000000080f00000, 0x0000000080e00000| Untracked 
|  15|0x0000000080f00000, 0x0000000081000000, 0x0000000081000000|100%| O|  |TAMS 0x0000000081000000, 0x0000000080f00000| Untracked 
|  16|0x0000000081000000, 0x0000000081100000, 0x0000000081100000|100%| O|  |TAMS 0x0000000081100000, 0x0000000081000000| Untracked 
|  17|0x0000000081100000, 0x0000000081200000, 0x0000000081200000|100%| O|  |TAMS 0x0000000081200000, 0x0000000081100000| Untracked 
|  18|0x0000000081200000, 0x0000000081300000, 0x0000000081300000|100%| O|  |TAMS 0x0000000081300000, 0x0000000081200000| Untracked 
|  19|0x0000000081300000, 0x0000000081400000, 0x0000000081400000|100%| O|  |TAMS 0x0000000081400000, 0x0000000081300000| Untracked 
|  20|0x0000000081400000, 0x0000000081500000, 0x0000000081500000|100%| O|  |TAMS 0x0000000081500000, 0x0000000081400000| Untracked 
|  21|0x0000000081500000, 0x0000000081600000, 0x0000000081600000|100%| O|  |TAMS 0x0000000081600000, 0x0000000081500000| Untracked 
|  22|0x0000000081600000, 0x0000000081700000, 0x0000000081700000|100%| O|  |TAMS 0x0000000081700000, 0x0000000081600000| Untracked 
|  23|0x0000000081700000, 0x0000000081800000, 0x0000000081800000|100%| O|  |TAMS 0x0000000081800000, 0x0000000081700000| Untracked 
|  24|0x0000000081800000, 0x0000000081900000, 0x0000000081900000|100%| O|  |TAMS 0x0000000081900000, 0x0000000081800000| Untracked 
|  25|0x0000000081900000, 0x0000000081a00000, 0x0000000081a00000|100%| O|  |TAMS 0x0000000081a00000, 0x0000000081900000| Untracked 
|  26|0x0000000081a00000, 0x0000000081b00000, 0x0000000081b00000|100%| O|  |TAMS 0x0000000081b00000, 0x0000000081a00000| Untracked 
|  27|0x0000000081b00000, 0x0000000081c00000, 0x0000000081c00000|100%| O|  |TAMS 0x0000000081c00000, 0x0000000081b00000| Untracked 
|  28|0x0000000081c00000, 0x0000000081d00000, 0x0000000081d00000|100%| O|  |TAMS 0x0000000081d00000, 0x0000000081c00000| Untracked 
|  29|0x0000000081d00000, 0x0000000081e00000, 0x0000000081e00000|100%| O|  |TAMS 0x0000000081e00000, 0x0000000081d00000| Untracked 
|  30|0x0000000081e00000, 0x0000000081f00000, 0x0000000081f00000|100%| O|  |TAMS 0x0000000081f00000, 0x0000000081e00000| Untracked 
|  31|0x0000000081f00000, 0x0000000082000000, 0x0000000082000000|100%| O|  |TAMS 0x0000000081f00000, 0x0000000081f00000| Untracked 
|  32|0x0000000082000000, 0x0000000082100000, 0x0000000082100000|100%| O|  |TAMS 0x0000000082100000, 0x0000000082000000| Untracked 
|  33|0x0000000082100000, 0x0000000082200000, 0x0000000082200000|100%| O|  |TAMS 0x0000000082200000, 0x0000000082100000| Untracked 
|  34|0x0000000082200000, 0x0000000082300000, 0x0000000082300000|100%| O|  |TAMS 0x0000000082300000, 0x0000000082200000| Untracked 
|  35|0x0000000082300000, 0x0000000082400000, 0x0000000082400000|100%| O|  |TAMS 0x0000000082400000, 0x0000000082300000| Untracked 
|  36|0x0000000082400000, 0x0000000082500000, 0x0000000082500000|100%| O|  |TAMS 0x0000000082500000, 0x0000000082400000| Untracked 
|  37|0x0000000082500000, 0x0000000082600000, 0x0000000082600000|100%| O|  |TAMS 0x0000000082600000, 0x0000000082500000| Untracked 
|  38|0x0000000082600000, 0x0000000082700000, 0x0000000082700000|100%| O|  |TAMS 0x0000000082700000, 0x0000000082600000| Untracked 
|  39|0x0000000082700000, 0x0000000082800000, 0x0000000082800000|100%|HS|  |TAMS 0x0000000082800000, 0x0000000082700000| Complete 
|  40|0x0000000082800000, 0x0000000082900000, 0x0000000082900000|100%|HS|  |TAMS 0x0000000082900000, 0x0000000082800000| Complete 
|  41|0x0000000082900000, 0x0000000082a00000, 0x0000000082a00000|100%|HS|  |TAMS 0x0000000082a00000, 0x0000000082900000| Complete 
|  42|0x0000000082a00000, 0x0000000082a00000, 0x0000000082b00000|  0%| F|  |TAMS 0x0000000082a00000, 0x0000000082a00000| Untracked 
|  43|0x0000000082b00000, 0x0000000082c00000, 0x0000000082c00000|100%|HS|  |TAMS 0x0000000082c00000, 0x0000000082b00000| Complete 
|  44|0x0000000082c00000, 0x0000000082d00000, 0x0000000082d00000|100%| O|  |TAMS 0x0000000082d00000, 0x0000000082c00000| Untracked 
|  45|0x0000000082d00000, 0x0000000082e00000, 0x0000000082e00000|100%| O|  |TAMS 0x0000000082e00000, 0x0000000082d00000| Untracked 
|  46|0x0000000082e00000, 0x0000000082f00000, 0x0000000082f00000|100%| O|  |TAMS 0x0000000082f00000, 0x0000000082e00000| Untracked 
|  47|0x0000000082f00000, 0x0000000083000000, 0x0000000083000000|100%| O|  |TAMS 0x0000000083000000, 0x0000000082f00000| Untracked 
|  48|0x0000000083000000, 0x0000000083100000, 0x0000000083100000|100%| O|  |TAMS 0x0000000083100000, 0x0000000083000000| Untracked 
|  49|0x0000000083100000, 0x0000000083200000, 0x0000000083200000|100%|HS|  |TAMS 0x0000000083200000, 0x0000000083100000| Complete 
|  50|0x0000000083200000, 0x0000000083300000, 0x0000000083300000|100%| O|  |TAMS 0x0000000083300000, 0x0000000083200000| Untracked 
|  51|0x0000000083300000, 0x0000000083400000, 0x0000000083400000|100%| O|  |TAMS 0x0000000083400000, 0x0000000083300000| Untracked 
|  52|0x0000000083400000, 0x0000000083500000, 0x0000000083500000|100%| O|  |TAMS 0x0000000083500000, 0x0000000083400000| Untracked 
|  53|0x0000000083500000, 0x0000000083600000, 0x0000000083600000|100%| O|  |TAMS 0x0000000083600000, 0x0000000083500000| Untracked 
|  54|0x0000000083600000, 0x0000000083700000, 0x0000000083700000|100%| O|  |TAMS 0x0000000083700000, 0x0000000083600000| Untracked 
|  55|0x0000000083700000, 0x0000000083800000, 0x0000000083800000|100%| O|  |TAMS 0x000000008375f600, 0x0000000083700000| Untracked 
|  56|0x0000000083800000, 0x0000000083900000, 0x0000000083900000|100%| O|  |TAMS 0x0000000083800000, 0x0000000083800000| Untracked 
|  57|0x0000000083900000, 0x0000000083a00000, 0x0000000083a00000|100%| O|  |TAMS 0x0000000083900000, 0x0000000083900000| Untracked 
|  58|0x0000000083a00000, 0x0000000083b00000, 0x0000000083b00000|100%| O|  |TAMS 0x0000000083b00000, 0x0000000083a00000| Untracked 
|  59|0x0000000083b00000, 0x0000000083c00000, 0x0000000083c00000|100%| O|  |TAMS 0x0000000083c00000, 0x0000000083b00000| Untracked 
|  60|0x0000000083c00000, 0x0000000083d00000, 0x0000000083d00000|100%| O|  |TAMS 0x0000000083d00000, 0x0000000083c00000| Untracked 
|  61|0x0000000083d00000, 0x0000000083e00000, 0x0000000083e00000|100%| O|  |TAMS 0x0000000083d00000, 0x0000000083d00000| Untracked 
|  62|0x0000000083e00000, 0x0000000083e18200, 0x0000000083f00000|  9%| O|  |TAMS 0x0000000083e00000, 0x0000000083e00000| Untracked 
|  63|0x0000000083f00000, 0x0000000083f00000, 0x0000000084000000|  0%| F|  |TAMS 0x0000000083f00000, 0x0000000083f00000| Untracked 
|  64|0x0000000084000000, 0x0000000084000000, 0x0000000084100000|  0%| F|  |TAMS 0x0000000084000000, 0x0000000084000000| Untracked 
|  65|0x0000000084100000, 0x0000000084100000, 0x0000000084200000|  0%| F|  |TAMS 0x0000000084100000, 0x0000000084100000| Untracked 
|  66|0x0000000084200000, 0x0000000084200000, 0x0000000084300000|  0%| F|  |TAMS 0x0000000084200000, 0x0000000084200000| Untracked 
|  67|0x0000000084300000, 0x0000000084300000, 0x0000000084400000|  0%| F|  |TAMS 0x0000000084300000, 0x0000000084300000| Untracked 
|  68|0x0000000084400000, 0x0000000084400000, 0x0000000084500000|  0%| F|  |TAMS 0x0000000084400000, 0x0000000084400000| Untracked 
|  69|0x0000000084500000, 0x0000000084500000, 0x0000000084600000|  0%| F|  |TAMS 0x0000000084500000, 0x0000000084500000| Untracked 
|  70|0x0000000084600000, 0x0000000084600000, 0x0000000084700000|  0%| F|  |TAMS 0x0000000084600000, 0x0000000084600000| Untracked 
|  71|0x0000000084700000, 0x0000000084700000, 0x0000000084800000|  0%| F|  |TAMS 0x0000000084700000, 0x0000000084700000| Untracked 
|  72|0x0000000084800000, 0x0000000084800000, 0x0000000084900000|  0%| F|  |TAMS 0x0000000084800000, 0x0000000084800000| Untracked 
|  73|0x0000000084900000, 0x0000000084900000, 0x0000000084a00000|  0%| F|  |TAMS 0x0000000084900000, 0x0000000084900000| Untracked 
|  74|0x0000000084a00000, 0x0000000084a00000, 0x0000000084b00000|  0%| F|  |TAMS 0x0000000084a00000, 0x0000000084a00000| Untracked 
|  75|0x0000000084b00000, 0x0000000084b00000, 0x0000000084c00000|  0%| F|  |TAMS 0x0000000084b00000, 0x0000000084b00000| Untracked 
|  76|0x0000000084c00000, 0x0000000084c00000, 0x0000000084d00000|  0%| F|  |TAMS 0x0000000084c00000, 0x0000000084c00000| Untracked 
|  77|0x0000000084d00000, 0x0000000084d00000, 0x0000000084e00000|  0%| F|  |TAMS 0x0000000084d00000, 0x0000000084d00000| Untracked 
|  78|0x0000000084e00000, 0x0000000084e00000, 0x0000000084f00000|  0%| F|  |TAMS 0x0000000084e00000, 0x0000000084e00000| Untracked 
|  79|0x0000000084f00000, 0x0000000084f00000, 0x0000000085000000|  0%| F|  |TAMS 0x0000000084f00000, 0x0000000084f00000| Untracked 
|  80|0x0000000085000000, 0x00000000850b70c8, 0x0000000085100000| 71%| S|CS|TAMS 0x0000000085000000, 0x0000000085000000| Complete 
|  81|0x0000000085100000, 0x0000000085100000, 0x0000000085200000|  0%| F|  |TAMS 0x0000000085100000, 0x0000000085100000| Untracked 
|  82|0x0000000085200000, 0x0000000085200000, 0x0000000085300000|  0%| F|  |TAMS 0x0000000085200000, 0x0000000085200000| Untracked 
|  83|0x0000000085300000, 0x0000000085300000, 0x0000000085400000|  0%| F|  |TAMS 0x0000000085300000, 0x0000000085300000| Untracked 
|  84|0x0000000085400000, 0x0000000085400000, 0x0000000085500000|  0%| F|  |TAMS 0x0000000085400000, 0x0000000085400000| Untracked 
|  85|0x0000000085500000, 0x0000000085500000, 0x0000000085600000|  0%| F|  |TAMS 0x0000000085500000, 0x0000000085500000| Untracked 
|  86|0x0000000085600000, 0x0000000085600000, 0x0000000085700000|  0%| F|  |TAMS 0x0000000085600000, 0x0000000085600000| Untracked 
|  87|0x0000000085700000, 0x0000000085700000, 0x0000000085800000|  0%| F|  |TAMS 0x0000000085700000, 0x0000000085700000| Untracked 
|  88|0x0000000085800000, 0x0000000085800000, 0x0000000085900000|  0%| F|  |TAMS 0x0000000085800000, 0x0000000085800000| Untracked 
|  89|0x0000000085900000, 0x0000000085900000, 0x0000000085a00000|  0%| F|  |TAMS 0x0000000085900000, 0x0000000085900000| Untracked 
|  90|0x0000000085a00000, 0x0000000085a00000, 0x0000000085b00000|  0%| F|  |TAMS 0x0000000085a00000, 0x0000000085a00000| Untracked 
|  91|0x0000000085b00000, 0x0000000085b00000, 0x0000000085c00000|  0%| F|  |TAMS 0x0000000085b00000, 0x0000000085b00000| Untracked 
|  92|0x0000000085c00000, 0x0000000085c00000, 0x0000000085d00000|  0%| F|  |TAMS 0x0000000085c00000, 0x0000000085c00000| Untracked 
|  93|0x0000000085d00000, 0x0000000085d00000, 0x0000000085e00000|  0%| F|  |TAMS 0x0000000085d00000, 0x0000000085d00000| Untracked 
|  94|0x0000000085e00000, 0x0000000085e00000, 0x0000000085f00000|  0%| F|  |TAMS 0x0000000085e00000, 0x0000000085e00000| Untracked 
|  95|0x0000000085f00000, 0x0000000085f00000, 0x0000000086000000|  0%| F|  |TAMS 0x0000000085f00000, 0x0000000085f00000| Untracked 
|  96|0x0000000086000000, 0x0000000086000000, 0x0000000086100000|  0%| F|  |TAMS 0x0000000086000000, 0x0000000086000000| Untracked 
|  97|0x0000000086100000, 0x0000000086100000, 0x0000000086200000|  0%| F|  |TAMS 0x0000000086100000, 0x0000000086100000| Untracked 
|  98|0x0000000086200000, 0x0000000086200000, 0x0000000086300000|  0%| F|  |TAMS 0x0000000086200000, 0x0000000086200000| Untracked 
|  99|0x0000000086300000, 0x0000000086300000, 0x0000000086400000|  0%| F|  |TAMS 0x0000000086300000, 0x0000000086300000| Untracked 
| 100|0x0000000086400000, 0x0000000086400000, 0x0000000086500000|  0%| F|  |TAMS 0x0000000086400000, 0x0000000086400000| Untracked 
| 101|0x0000000086500000, 0x0000000086500000, 0x0000000086600000|  0%| F|  |TAMS 0x0000000086500000, 0x0000000086500000| Untracked 
| 102|0x0000000086600000, 0x0000000086600000, 0x0000000086700000|  0%| F|  |TAMS 0x0000000086600000, 0x0000000086600000| Untracked 
| 103|0x0000000086700000, 0x0000000086700000, 0x0000000086800000|  0%| F|  |TAMS 0x0000000086700000, 0x0000000086700000| Untracked 

Card table byte_map: [0x0000020347a30000,0x0000020347e30000] _byte_map_base: 0x0000020347630000

Marking Bits (Prev, Next): (CMBitMap*) 0x00000203351a7fb0, (CMBitMap*) 0x00000203351a7ff0
 Prev Bits: [0x0000020348230000, 0x000002034a230000)
 Next Bits: [0x000002034a230000, 0x000002034c230000)

Polling page: 0x0000020332f90000

Metaspace:

Usage:
  Non-class:     66.41 MB used.
      Class:     10.28 MB used.
       Both:     76.69 MB used.

Virtual space:
  Non-class space:      128.00 MB reserved,      66.75 MB ( 52%) committed,  2 nodes.
      Class space:        1.00 GB reserved,      10.56 MB (  1%) committed,  1 nodes.
             Both:        1.12 GB reserved,      77.31 MB (  7%) committed. 

Chunk freelists:
   Non-Class:  12.91 MB
       Class:  5.28 MB
        Both:  18.19 MB

MaxMetaspaceSize: unlimited
CompressedClassSpaceSize: 1.00 GB
Initial GC threshold: 21.00 MB
Current GC threshold: 123.12 MB
CDS: off
MetaspaceReclaimPolicy: balanced
 - commit_granule_bytes: 65536.
 - commit_granule_words: 8192.
 - virtual_space_node_default_size: 8388608.
 - enlarge_chunks_in_place: 1.
 - new_chunks_are_fully_committed: 0.
 - uncommit_free_chunks: 1.
 - use_allocation_guard: 0.
 - handle_deallocations: 1.


Internal statistics:

num_allocs_failed_limit: 6.
num_arena_births: 794.
num_arena_deaths: 0.
num_vsnodes_births: 3.
num_vsnodes_deaths: 0.
num_space_committed: 1237.
num_space_uncommitted: 0.
num_chunks_returned_to_freelist: 6.
num_chunks_taken_from_freelist: 3544.
num_chunk_merges: 6.
num_chunk_splits: 2390.
num_chunks_enlarged: 1664.
num_inconsistent_stats: 0.

CodeHeap 'non-profiled nmethods': size=120000Kb used=3573Kb max_used=3573Kb free=116426Kb
 bounds [0x0000020340100000, 0x0000020340480000, 0x0000020347630000]
CodeHeap 'profiled nmethods': size=120000Kb used=13526Kb max_used=13526Kb free=106473Kb
 bounds [0x0000020338630000, 0x0000020339370000, 0x000002033fb60000]
CodeHeap 'non-nmethods': size=5760Kb used=2357Kb max_used=2400Kb free=3402Kb
 bounds [0x000002033fb60000, 0x000002033fdd0000, 0x0000020340100000]
 total_blobs=7860 nmethods=6969 adapters=804
 compilation: enabled
              stopped_count=0, restarted_count=0
 full_count=0

Compilation events (20 events):
Event: 63.114 Thread 0x000002034e75ab40 7828       3       org.gradle.api.internal.DefaultDomainObjectSet::beforeCollectionChanges (13 bytes)
Event: 63.115 Thread 0x000002034e75ab40 nmethod 7828 0x000002033935bb90 code [0x000002033935bd40, 0x000002033935bf68]
Event: 63.130 Thread 0x000002034e75ab40 7829       3       java.lang.invoke.MethodHandles::privateLookupIn (333 bytes)
Event: 63.138 Thread 0x000002034e75ab40 nmethod 7829 0x000002033935c090 code [0x000002033935c6e0, 0x000002033935f378]
Event: 63.159 Thread 0x000002034e75ab40 7830   !   3       jdk.internal.reflect.GeneratedConstructorAccessor16::newInstance (61 bytes)
Event: 63.163 Thread 0x000002034e75ab40 nmethod 7830 0x0000020339360410 code [0x0000020339360800, 0x00000203393624e8]
Event: 63.163 Thread 0x000002034e75ab40 7831       1       org.gradle.api.internal.project.DefaultProjectStateRegistry::access$300 (5 bytes)
Event: 63.163 Thread 0x000002034e75ab40 nmethod 7831 0x000002034047b810 code [0x000002034047b9a0, 0x000002034047ba58]
Event: 63.178 Thread 0x000002034e75ab40 7832       3       java.lang.invoke.BoundMethodHandle$Species_L::speciesData (4 bytes)
Event: 63.179 Thread 0x000002034e75ab40 nmethod 7832 0x0000020339363190 code [0x0000020339363320, 0x0000020339363438]
Event: 63.232 Thread 0x000002034e9bc080 7833       4       java.util.zip.ZipFile$ZipFileInflaterInputStream::<init> (14 bytes)
Event: 63.252 Thread 0x000002034e75ab40 7835       3       java.lang.ThreadLocal$ThreadLocalMap::set (133 bytes)
Event: 63.254 Thread 0x000002034e75ab40 nmethod 7835 0x0000020339363510 code [0x00000203393637a0, 0x0000020339364468]
Event: 63.279 Thread 0x000002034e75ab40 7836       3       com.google.common.collect.ImmutableSet::of (4 bytes)
Event: 63.279 Thread 0x000002034e75ab40 nmethod 7836 0x0000020339364910 code [0x0000020339364aa0, 0x0000020339364b98]
Event: 63.293 Thread 0x000002034e9bc080 nmethod 7833 0x000002034047bb10 code [0x000002034047bd00, 0x000002034047ce28]
Event: 63.294 Thread 0x000002034e9bc080 7834       4       java.lang.Byte::toUnsignedInt (6 bytes)
Event: 63.294 Thread 0x000002034e9bc080 nmethod 7834 0x000002034047d410 code [0x000002034047d580, 0x000002034047d5d8]
Event: 63.324 Thread 0x000002034e75ab40 7837       3       java.lang.invoke.MethodHandles$Lookup::checkUnprivilegedlookupClass (38 bytes)
Event: 63.326 Thread 0x000002034e75ab40 nmethod 7837 0x0000020339364c10 code [0x0000020339364ea0, 0x0000020339365808]

GC Heap History (20 events):
Event: 51.836 GC heap after
{Heap after GC invocations=44 (full 0):
 garbage-first heap   total 94208K, used 54006K [0x0000000080000000, 0x0000000100000000)
  region size 1024K, 3 young (3072K), 3 survivors (3072K)
 Metaspace       used 65885K, committed 66432K, reserved 1114112K
  class space    used 8817K, committed 9088K, reserved 1048576K
}
Event: 53.283 GC heap before
{Heap before GC invocations=44 (full 0):
 garbage-first heap   total 94208K, used 74486K [0x0000000080000000, 0x0000000100000000)
  region size 1024K, 23 young (23552K), 3 survivors (3072K)
 Metaspace       used 68802K, committed 69376K, reserved 1114112K
  class space    used 9230K, committed 9536K, reserved 1048576K
}
Event: 53.298 GC heap after
{Heap after GC invocations=45 (full 0):
 garbage-first heap   total 94208K, used 55645K [0x0000000080000000, 0x0000000100000000)
  region size 1024K, 3 young (3072K), 3 survivors (3072K)
 Metaspace       used 68802K, committed 69376K, reserved 1114112K
  class space    used 9230K, committed 9536K, reserved 1048576K
}
Event: 54.626 GC heap before
{Heap before GC invocations=46 (full 0):
 garbage-first heap   total 96256K, used 81245K [0x0000000080000000, 0x0000000100000000)
  region size 1024K, 22 young (22528K), 3 survivors (3072K)
 Metaspace       used 69179K, committed 69760K, reserved 1114112K
  class space    used 9304K, committed 9600K, reserved 1048576K
}
Event: 54.638 GC heap after
{Heap after GC invocations=47 (full 0):
 garbage-first heap   total 96256K, used 58391K [0x0000000080000000, 0x0000000100000000)
  region size 1024K, 3 young (3072K), 3 survivors (3072K)
 Metaspace       used 69179K, committed 69760K, reserved 1114112K
  class space    used 9304K, committed 9600K, reserved 1048576K
}
Event: 54.690 GC heap before
{Heap before GC invocations=47 (full 0):
 garbage-first heap   total 96256K, used 59415K [0x0000000080000000, 0x0000000100000000)
  region size 1024K, 4 young (4096K), 3 survivors (3072K)
 Metaspace       used 69225K, committed 69824K, reserved 1114112K
  class space    used 9317K, committed 9600K, reserved 1048576K
}
Event: 54.697 GC heap after
{Heap after GC invocations=48 (full 0):
 garbage-first heap   total 96256K, used 57982K [0x0000000080000000, 0x0000000100000000)
  region size 1024K, 1 young (1024K), 1 survivors (1024K)
 Metaspace       used 69225K, committed 69824K, reserved 1114112K
  class space    used 9317K, committed 9600K, reserved 1048576K
}
Event: 55.789 GC heap before
{Heap before GC invocations=48 (full 0):
 garbage-first heap   total 96256K, used 76414K [0x0000000080000000, 0x0000000100000000)
  region size 1024K, 19 young (19456K), 1 survivors (1024K)
 Metaspace       used 70684K, committed 71296K, reserved 1114112K
  class space    used 9481K, committed 9792K, reserved 1048576K
}
Event: 55.796 GC heap after
{Heap after GC invocations=49 (full 0):
 garbage-first heap   total 96256K, used 58779K [0x0000000080000000, 0x0000000100000000)
  region size 1024K, 2 young (2048K), 2 survivors (2048K)
 Metaspace       used 70684K, committed 71296K, reserved 1114112K
  class space    used 9481K, committed 9792K, reserved 1048576K
}
Event: 57.006 GC heap before
{Heap before GC invocations=50 (full 0):
 garbage-first heap   total 106496K, used 77211K [0x0000000080000000, 0x0000000100000000)
  region size 1024K, 20 young (20480K), 2 survivors (2048K)
 Metaspace       used 71944K, committed 72576K, reserved 1114112K
  class space    used 9652K, committed 9920K, reserved 1048576K
}
Event: 57.012 GC heap after
{Heap after GC invocations=51 (full 0):
 garbage-first heap   total 106496K, used 59618K [0x0000000080000000, 0x0000000100000000)
  region size 1024K, 2 young (2048K), 2 survivors (2048K)
 Metaspace       used 71944K, committed 72576K, reserved 1114112K
  class space    used 9652K, committed 9920K, reserved 1048576K
}
Event: 57.204 GC heap before
{Heap before GC invocations=51 (full 0):
 garbage-first heap   total 106496K, used 61666K [0x0000000080000000, 0x0000000100000000)
  region size 1024K, 5 young (5120K), 2 survivors (2048K)
 Metaspace       used 72162K, committed 72832K, reserved 1114112K
  class space    used 9683K, committed 9984K, reserved 1048576K
}
Event: 57.214 GC heap after
{Heap after GC invocations=52 (full 0):
 garbage-first heap   total 106496K, used 59073K [0x0000000080000000, 0x0000000100000000)
  region size 1024K, 1 young (1024K), 1 survivors (1024K)
 Metaspace       used 72162K, committed 72832K, reserved 1114112K
  class space    used 9683K, committed 9984K, reserved 1048576K
}
Event: 59.152 GC heap before
{Heap before GC invocations=52 (full 0):
 garbage-first heap   total 106496K, used 83649K [0x0000000080000000, 0x0000000100000000)
  region size 1024K, 26 young (26624K), 1 survivors (1024K)
 Metaspace       used 74852K, committed 75456K, reserved 1114112K
  class space    used 10058K, committed 10368K, reserved 1048576K
}
Event: 59.160 GC heap after
{Heap after GC invocations=53 (full 0):
 garbage-first heap   total 106496K, used 59795K [0x0000000080000000, 0x0000000100000000)
  region size 1024K, 2 young (2048K), 2 survivors (2048K)
 Metaspace       used 74852K, committed 75456K, reserved 1114112K
  class space    used 10058K, committed 10368K, reserved 1048576K
}
Event: 61.320 GC heap before
{Heap before GC invocations=54 (full 0):
 garbage-first heap   total 106496K, used 85395K [0x0000000080000000, 0x0000000100000000)
  region size 1024K, 28 young (28672K), 2 survivors (2048K)
 Metaspace       used 77174K, committed 77696K, reserved 1179648K
  class space    used 10358K, committed 10624K, reserved 1048576K
}
Event: 61.334 GC heap after
{Heap after GC invocations=55 (full 0):
 garbage-first heap   total 106496K, used 63195K [0x0000000080000000, 0x0000000100000000)
  region size 1024K, 4 young (4096K), 4 survivors (4096K)
 Metaspace       used 77174K, committed 77696K, reserved 1179648K
  class space    used 10358K, committed 10624K, reserved 1048576K
}
Event: 61.412 GC heap before
{Heap before GC invocations=55 (full 0):
 garbage-first heap   total 106496K, used 64219K [0x0000000080000000, 0x0000000100000000)
  region size 1024K, 5 young (5120K), 4 survivors (4096K)
 Metaspace       used 77179K, committed 77760K, reserved 1179648K
  class space    used 10358K, committed 10624K, reserved 1048576K
}
Event: 61.430 GC heap after
{Heap after GC invocations=56 (full 0):
 garbage-first heap   total 106496K, used 63215K [0x0000000080000000, 0x0000000100000000)
  region size 1024K, 1 young (1024K), 1 survivors (1024K)
 Metaspace       used 77179K, committed 77760K, reserved 1179648K
  class space    used 10358K, committed 10624K, reserved 1048576K
}
Event: 63.456 GC heap before
{Heap before GC invocations=56 (full 0):
 garbage-first heap   total 106496K, used 85743K [0x0000000080000000, 0x0000000100000000)
  region size 1024K, 23 young (23552K), 1 survivors (1024K)
 Metaspace       used 78526K, committed 79168K, reserved 1179648K
  class space    used 10528K, committed 10816K, reserved 1048576K
}

Dll operation events (3 events):
Event: 0.022 Loaded shared library D:\Android_\jbr\bin\java.dll
Event: 0.694 Loaded shared library D:\Android_\jbr\bin\zip.dll
Event: 2.086 Loaded shared library D:\Android_\jbr\bin\verify.dll

Deoptimization events (20 events):
Event: 59.020 Thread 0x0000020354947530 Uncommon trap: trap_request=0xffffff45 fr.pc=0x000002034013c21c relative=0x000000000000055c
Event: 59.020 Thread 0x0000020354947530 Uncommon trap: reason=unstable_if action=reinterpret pc=0x000002034013c21c method=java.lang.AbstractStringBuilder.append(Ljava/lang/String;)Ljava/lang/AbstractStringBuilder; @ 1 c2
Event: 59.020 Thread 0x0000020354947530 DEOPT PACKING pc=0x000002034013c21c sp=0x0000009470ef8310
Event: 59.020 Thread 0x0000020354947530 DEOPT UNPACKING pc=0x000002033fbb699d sp=0x0000009470ef8290 mode 2
Event: 59.901 Thread 0x0000020354947530 Uncommon trap: trap_request=0xffffff45 fr.pc=0x000002034013cdb0 relative=0x0000000000000570
Event: 59.901 Thread 0x0000020354947530 Uncommon trap: reason=unstable_if action=reinterpret pc=0x000002034013cdb0 method=java.lang.AbstractStringBuilder.append(Ljava/lang/String;)Ljava/lang/AbstractStringBuilder; @ 1 c2
Event: 59.901 Thread 0x0000020354947530 DEOPT PACKING pc=0x000002034013cdb0 sp=0x0000009470ef88f0
Event: 59.901 Thread 0x0000020354947530 DEOPT UNPACKING pc=0x000002033fbb699d sp=0x0000009470ef88d8 mode 2
Event: 60.917 Thread 0x000002034ead08a0 Uncommon trap: trap_request=0xffffffc6 fr.pc=0x0000020340170040 relative=0x00000000000008c0
Event: 60.917 Thread 0x000002034ead08a0 Uncommon trap: reason=bimorphic_or_optimized_type_check action=maybe_recompile pc=0x0000020340170040 method=java.io.BufferedInputStream.read1([BII)I @ 39 c2
Event: 60.917 Thread 0x000002034ead08a0 DEOPT PACKING pc=0x0000020340170040 sp=0x00000094720fe100
Event: 60.917 Thread 0x000002034ead08a0 DEOPT UNPACKING pc=0x000002033fbb699d sp=0x00000094720fe018 mode 2
Event: 60.918 Thread 0x000002034ead08a0 Uncommon trap: trap_request=0xffffff45 fr.pc=0x0000020340457f74 relative=0x0000000000000054
Event: 60.918 Thread 0x000002034ead08a0 Uncommon trap: reason=unstable_if action=reinterpret pc=0x0000020340457f74 method=org.gradle.internal.io.StreamByteBuffer.prepareRead()I @ 20 c2
Event: 60.918 Thread 0x000002034ead08a0 DEOPT PACKING pc=0x0000020340457f74 sp=0x00000094720fe380
Event: 60.918 Thread 0x000002034ead08a0 DEOPT UNPACKING pc=0x000002033fbb699d sp=0x00000094720fe330 mode 2
Event: 63.239 Thread 0x000002035494aa20 Uncommon trap: trap_request=0xffffff45 fr.pc=0x000002034011835c relative=0x000000000000069c
Event: 63.239 Thread 0x000002035494aa20 Uncommon trap: reason=unstable_if action=reinterpret pc=0x000002034011835c method=java.lang.ThreadLocal$ThreadLocalMap.set(Ljava/lang/ThreadLocal;Ljava/lang/Object;)V @ 125 c2
Event: 63.239 Thread 0x000002035494aa20 DEOPT PACKING pc=0x000002034011835c sp=0x00000094716fe970
Event: 63.239 Thread 0x000002035494aa20 DEOPT UNPACKING pc=0x000002033fbb699d sp=0x00000094716fe920 mode 2

Classes unloaded (0 events):
No events

Classes redefined (0 events):
No events

Internal exceptions (20 events):
Event: 44.225 Thread 0x0000020354947530 Exception <a 'java/lang/NoSuchMethodError'{0x0000000084504d28}: 'long java.lang.invoke.DirectMethodHandle$Holder.invokeVirtual(java.lang.Object, java.lang.Object)'> (0x0000000084504d28) 
thrown [s\src\hotspot\share\interpreter\linkResolver.cpp, line 771]
Event: 44.246 Thread 0x0000020354947060 Exception <a 'java/lang/NoSuchMethodError'{0x0000000084540288}: static Lorg/gradle/internal/build/event/types/DefaultOperationFinishedProgressEvent;.<clinit>()V> (0x0000000084540288) 
thrown [s\src\hotspot\share\prims\jni.cpp, line 1108]
Event: 44.270 Thread 0x0000020354947060 Exception <a 'java/lang/NoSuchMethodError'{0x000000008456ab78}: static Lorg/gradle/internal/build/event/types/DefaultProjectConfigurationSuccessResult;.<clinit>()V> (0x000000008456ab78) 
thrown [s\src\hotspot\share\prims\jni.cpp, line 1108]
Event: 44.273 Thread 0x0000020354947060 Exception <a 'java/lang/NoSuchMethodError'{0x00000000845a5038}: static Lorg/gradle/internal/build/event/types/AbstractProjectConfigurationResult;.<clinit>()V> (0x00000000845a5038) 
thrown [s\src\hotspot\share\prims\jni.cpp, line 1108]
Event: 44.273 Thread 0x0000020354947060 Exception <a 'java/lang/NoSuchMethodError'{0x00000000845a6780}: static Lorg/gradle/internal/build/event/types/AbstractOperationResult;.<clinit>()V> (0x00000000845a6780) 
thrown [s\src\hotspot\share\prims\jni.cpp, line 1108]
Event: 44.276 Thread 0x0000020354947060 Exception <a 'java/lang/NoSuchMethodError'{0x00000000845a7bd0}: static Lorg/gradle/internal/build/event/types/AbstractResult;.<clinit>()V> (0x00000000845a7bd0) 
thrown [s\src\hotspot\share\prims\jni.cpp, line 1108]
Event: 44.286 Thread 0x0000020354947060 Exception <a 'java/lang/NoSuchMethodError'{0x00000000845c0af8}: static Lorg/gradle/internal/build/event/types/DefaultPluginApplicationResult;.<clinit>()V> (0x00000000845c0af8) 
thrown [s\src\hotspot\share\prims\jni.cpp, line 1108]
Event: 44.289 Thread 0x0000020354947060 Exception <a 'java/lang/NoSuchMethodError'{0x00000000845cd510}: static Lorg/gradle/internal/build/event/types/DefaultBinaryPluginIdentifier;.<clinit>()V> (0x00000000845cd510) 
thrown [s\src\hotspot\share\prims\jni.cpp, line 1108]
Event: 44.297 Thread 0x0000020354947060 Exception <a 'java/lang/NoSuchMethodError'{0x00000000845e7558}: static Lorg/gradle/internal/build/event/types/DefaultScriptPluginIdentifier;.<clinit>()V> (0x00000000845e7558) 
thrown [s\src\hotspot\share\prims\jni.cpp, line 1108]
Event: 44.701 Thread 0x0000020354947530 Implicit null exception at 0x00000203403f110f to 0x00000203403f1758
Event: 44.701 Thread 0x0000020354947530 Implicit null exception at 0x00000203403eff14 to 0x00000203403f0568
Event: 45.340 Thread 0x0000020354947530 Exception <a 'java/lang/ClassNotFoundException'{0x00000000848ffaf8}: sun/misc/SharedSecrets> (0x00000000848ffaf8) 
thrown [s\src\hotspot\share\classfile\systemDictionary.cpp, line 256]
Event: 45.340 Thread 0x0000020354947530 Exception <a 'java/lang/ClassNotFoundException'{0x00000000851016c8}: org/gradle/api/internal/plugins/DefaultObjectConfigurationActionBeanInfo> (0x00000000851016c8) 
thrown [s\src\hotspot\share\classfile\systemDictionary.cpp, line 256]
Event: 45.347 Thread 0x0000020354947530 Exception <a 'java/lang/ClassNotFoundException'{0x0000000085117f70}: org/gradle/api/internal/plugins/DefaultObjectConfigurationActionCustomizer> (0x0000000085117f70) 
thrown [s\src\hotspot\share\classfile\systemDictionary.cpp, line 256]
Event: 48.855 Thread 0x0000020354947530 Exception <a 'java/lang/NoSuchMethodError'{0x00000000859993d0}: 'int java.lang.invoke.DirectMethodHandle$Holder.invokeInterface(java.lang.Object, java.lang.Object, java.lang.Object, java.lang.Object)'> (0x00000000859993d0) 
thrown [s\src\hotspot\share\interpreter\linkResolver.cpp, line 771]
Event: 53.127 Thread 0x0000020354947530 Implicit null exception at 0x00000203402cad0c to 0x00000203402cae3e
Event: 54.299 Thread 0x0000020354947530 Exception <a 'sun/nio/fs/WindowsException'{0x000000008505ef60}> (0x000000008505ef60) 
thrown [s\src\hotspot\share\prims\jni.cpp, line 517]
Event: 57.455 Thread 0x0000020354947530 Implicit null exception at 0x00000203402e37c8 to 0x00000203402e3878
Event: 59.020 Thread 0x0000020354947530 Implicit null exception at 0x000002034013bcf2 to 0x000002034013c208
Event: 59.901 Thread 0x0000020354947530 Implicit null exception at 0x000002034013c872 to 0x000002034013cd9c

VM Operations (20 events):
Event: 57.214 Executing VM operation: G1CollectForAllocation done
Event: 58.220 Executing VM operation: Cleanup
Event: 58.236 Executing VM operation: Cleanup done
Event: 59.152 Executing VM operation: G1CollectForAllocation
Event: 59.160 Executing VM operation: G1CollectForAllocation done
Event: 59.347 Executing VM operation: G1Concurrent
Event: 59.431 Executing VM operation: G1Concurrent done
Event: 59.512 Executing VM operation: G1Concurrent
Event: 59.513 Executing VM operation: G1Concurrent done
Event: 60.520 Executing VM operation: Cleanup
Event: 60.522 Executing VM operation: Cleanup done
Event: 61.320 Executing VM operation: G1CollectForAllocation
Event: 61.335 Executing VM operation: G1CollectForAllocation done
Event: 61.412 Executing VM operation: G1CollectForAllocation
Event: 61.433 Executing VM operation: G1CollectForAllocation done
Event: 62.449 Executing VM operation: Cleanup
Event: 62.449 Executing VM operation: Cleanup done
Event: 62.478 Executing VM operation: HandshakeAllThreads
Event: 62.479 Executing VM operation: HandshakeAllThreads done
Event: 63.455 Executing VM operation: G1CollectForAllocation

Events (20 events):
Event: 53.933 loading class java/util/Base64$Encoder
Event: 53.934 loading class java/util/Base64$Encoder done
Event: 53.936 loading class java/util/jar/JarVerifier$VerifierStream
Event: 53.936 loading class java/util/jar/JarVerifier$VerifierStream done
Event: 53.937 loading class sun/security/util/ManifestEntryVerifier$SunProviderHolder
Event: 53.937 loading class sun/security/util/ManifestEntryVerifier$SunProviderHolder done
Event: 54.289 loading class java/security/KeyStore$ProtectionParameter
Event: 54.289 loading class java/security/KeyStore$ProtectionParameter done
Event: 56.370 loading class java/security/KeyStore
Event: 56.372 loading class java/security/KeyStore done
Event: 56.372 loading class java/security/KeyStore$1
Event: 56.372 loading class java/security/KeyStore$1 done
Event: 57.156 loading class javax/xml/stream/XMLStreamException
Event: 57.161 loading class javax/xml/stream/XMLStreamException done
Event: 57.325 loading class sun/reflect/annotation/AnnotationInvocationHandler$1
Event: 57.326 loading class sun/reflect/annotation/AnnotationInvocationHandler$1 done
Event: 60.209 loading class java/util/ArrayList$SubList$1
Event: 60.209 loading class java/util/ArrayList$SubList$1 done
Event: 60.250 loading class java/lang/Override
Event: 60.250 loading class java/lang/Override done


Dynamic libraries:
0x00007ff7ca6e0000 - 0x00007ff7ca6ea000 	D:\Android_\jbr\bin\java.exe
0x00007ff9e91f0000 - 0x00007ff9e93e8000 	C:\Windows\SYSTEM32\ntdll.dll
0x00007ff9e8cb0000 - 0x00007ff9e8d6d000 	C:\Windows\System32\KERNEL32.DLL
0x00007ff9e6bb0000 - 0x00007ff9e6ea6000 	C:\Windows\System32\KERNELBASE.dll
0x00007ff9e6970000 - 0x00007ff9e6a70000 	C:\Windows\System32\ucrtbase.dll
0x00007ff9e0b50000 - 0x00007ff9e0b67000 	D:\Android_\jbr\bin\jli.dll
0x00007ff9e86e0000 - 0x00007ff9e887e000 	C:\Windows\System32\USER32.dll
0x00007ff9e7220000 - 0x00007ff9e7242000 	C:\Windows\System32\win32u.dll
0x00007ff9e88e0000 - 0x00007ff9e890c000 	C:\Windows\System32\GDI32.dll
0x00007ff9e6fa0000 - 0x00007ff9e70ba000 	C:\Windows\System32\gdi32full.dll
0x00007ff9e68d0000 - 0x00007ff9e696d000 	C:\Windows\System32\msvcp_win.dll
0x00007ff9e0560000 - 0x00007ff9e057b000 	D:\Android_\jbr\bin\VCRUNTIME140.dll
0x00007ff9d41a0000 - 0x00007ff9d443a000 	C:\Windows\WinSxS\amd64_microsoft.windows.common-controls_6595b64144ccf1df_6.0.19041.3636_none_60b6a03d71f818d5\COMCTL32.dll
0x00007ff9e8600000 - 0x00007ff9e869e000 	C:\Windows\System32\msvcrt.dll
0x00007ff9e86b0000 - 0x00007ff9e86e0000 	C:\Windows\System32\IMM32.DLL
0x00007ff9e0b40000 - 0x00007ff9e0b4c000 	D:\Android_\jbr\bin\vcruntime140_1.dll
0x00007ff9d5520000 - 0x00007ff9d55ad000 	D:\Android_\jbr\bin\msvcp140.dll
0x00007ff9b9820000 - 0x00007ff9ba4a0000 	D:\Android_\jbr\bin\server\jvm.dll
0x00007ff9e8550000 - 0x00007ff9e85ff000 	C:\Windows\System32\ADVAPI32.dll
0x00007ff9e8ac0000 - 0x00007ff9e8b5c000 	C:\Windows\System32\sechost.dll
0x00007ff9e8d80000 - 0x00007ff9e8ea6000 	C:\Windows\System32\RPCRT4.dll
0x00007ff9e40b0000 - 0x00007ff9e40b9000 	C:\Windows\SYSTEM32\WSOCK32.dll
0x00007ff9e7bf0000 - 0x00007ff9e7c5b000 	C:\Windows\System32\WS2_32.dll
0x00007ff9d4080000 - 0x00007ff9d40a7000 	C:\Windows\SYSTEM32\WINMM.dll
0x00007ff9d6ee0000 - 0x00007ff9d6eea000 	C:\Windows\SYSTEM32\VERSION.dll
0x00007ff9e4790000 - 0x00007ff9e47a2000 	C:\Windows\SYSTEM32\kernel.appcore.dll
0x00007ff9e2370000 - 0x00007ff9e237a000 	D:\Android_\jbr\bin\jimage.dll
0x00007ff9d0a50000 - 0x00007ff9d0c34000 	C:\Windows\SYSTEM32\DBGHELP.DLL
0x00007ff9d09f0000 - 0x00007ff9d0a24000 	C:\Windows\SYSTEM32\dbgcore.DLL
0x00007ff9e6a70000 - 0x00007ff9e6af2000 	C:\Windows\System32\bcryptPrimitives.dll
0x00007ff9e0d50000 - 0x00007ff9e0d5e000 	D:\Android_\jbr\bin\instrument.dll
0x00007ff9e1690000 - 0x00007ff9e16b5000 	D:\Android_\jbr\bin\java.dll
0x00007ff9e1670000 - 0x00007ff9e1688000 	D:\Android_\jbr\bin\zip.dll
0x00007ff9e74a0000 - 0x00007ff9e7be5000 	C:\Windows\System32\SHELL32.dll
0x00007ff9e4990000 - 0x00007ff9e512b000 	C:\Windows\SYSTEM32\windows.storage.dll
0x00007ff9e81f0000 - 0x00007ff9e8544000 	C:\Windows\System32\combase.dll
0x00007ff9e6240000 - 0x00007ff9e626d000 	C:\Windows\SYSTEM32\Wldp.dll
0x00007ff9e9100000 - 0x00007ff9e91ad000 	C:\Windows\System32\SHCORE.dll
0x00007ff9e7250000 - 0x00007ff9e72a5000 	C:\Windows\System32\shlwapi.dll
0x00007ff9e6800000 - 0x00007ff9e6825000 	C:\Windows\SYSTEM32\profapi.dll
0x00007ff9e1390000 - 0x00007ff9e13a9000 	D:\Android_\jbr\bin\net.dll
0x00007ff9ddfb0000 - 0x00007ff9de0ba000 	C:\Windows\SYSTEM32\WINHTTP.dll
0x00007ff9e5fa0000 - 0x00007ff9e600a000 	C:\Windows\system32\mswsock.dll
0x00007ff9e0d70000 - 0x00007ff9e0d86000 	D:\Android_\jbr\bin\nio.dll
0x00007ff9e22d0000 - 0x00007ff9e22e0000 	D:\Android_\jbr\bin\verify.dll
0x00007ff9e0420000 - 0x00007ff9e0447000 	C:\Users\user\.gradle\native\c067742578af261105cb4f569cf0c3c89f3d7b1fecec35dd04571415982c5e48\windows-amd64\native-platform.dll
0x00007ff9c8470000 - 0x00007ff9c85b4000 	C:\Users\user\.gradle\native\38dada09dfb8b06ba9b0570ebf7e218e3eb74d4ef43ca46872605cf95ebc2f47\windows-amd64\native-platform-file-events.dll
0x00007ff9e1380000 - 0x00007ff9e1389000 	D:\Android_\jbr\bin\management.dll
0x00007ff9e0d60000 - 0x00007ff9e0d6b000 	D:\Android_\jbr\bin\management_ext.dll
0x00007ff9e86a0000 - 0x00007ff9e86a8000 	C:\Windows\System32\PSAPI.DLL
0x00007ff9e61a0000 - 0x00007ff9e61b8000 	C:\Windows\SYSTEM32\CRYPTSP.dll
0x00007ff9e58d0000 - 0x00007ff9e5904000 	C:\Windows\system32\rsaenh.dll
0x00007ff9e6f00000 - 0x00007ff9e6f27000 	C:\Windows\System32\bcrypt.dll
0x00007ff9e6780000 - 0x00007ff9e67ae000 	C:\Windows\SYSTEM32\USERENV.dll
0x00007ff9e6190000 - 0x00007ff9e619c000 	C:\Windows\SYSTEM32\CRYPTBASE.dll
0x00007ff9e5c90000 - 0x00007ff9e5ccb000 	C:\Windows\SYSTEM32\IPHLPAPI.DLL
0x00007ff9e8d70000 - 0x00007ff9e8d78000 	C:\Windows\System32\NSI.dll
0x00007ff9df470000 - 0x00007ff9df487000 	C:\Windows\SYSTEM32\dhcpcsvc6.DLL
0x00007ff9df420000 - 0x00007ff9df43d000 	C:\Windows\SYSTEM32\dhcpcsvc.DLL
0x00007ff9e5cd0000 - 0x00007ff9e5d9a000 	C:\Windows\SYSTEM32\DNSAPI.dll
0x00007ff9e1de0000 - 0x00007ff9e1de7000 	C:\Windows\system32\wshunix.dll

dbghelp: loaded successfully - version: 4.0.5 - missing functions: none
symbol engine: initialized successfully - sym options: 0x614 - pdb path: .;D:\Android_\jbr\bin;C:\Windows\SYSTEM32;C:\Windows\WinSxS\amd64_microsoft.windows.common-controls_6595b64144ccf1df_6.0.19041.3636_none_60b6a03d71f818d5;D:\Android_\jbr\bin\server;C:\Users\user\.gradle\native\c067742578af261105cb4f569cf0c3c89f3d7b1fecec35dd04571415982c5e48\windows-amd64;C:\Users\user\.gradle\native\38dada09dfb8b06ba9b0570ebf7e218e3eb74d4ef43ca46872605cf95ebc2f47\windows-amd64

VM Arguments:
jvm_args: --add-opens=java.base/java.util=ALL-UNNAMED --add-opens=java.base/java.lang=ALL-UNNAMED --add-opens=java.base/java.lang.invoke=ALL-UNNAMED --add-opens=java.prefs/java.util.prefs=ALL-UNNAMED --add-opens=java.base/java.nio.charset=ALL-UNNAMED --add-opens=java.base/java.net=ALL-UNNAMED --add-opens=java.base/java.util.concurrent.atomic=ALL-UNNAMED -Xmx2048m -Dfile.encoding=UTF-8 -Duser.country=FR -Duser.language=fr -Duser.variant -javaagent:C:\Users\user\.gradle\wrapper\dists\gradle-8.4-bin\1w5dpkrfk8irigvoxmyhowfim\gradle-8.4\lib\agents\gradle-instrumentation-agent-8.4.jar 
java_command: org.gradle.launcher.daemon.bootstrap.GradleDaemon 8.4
java_class_path (initial): C:\Users\user\.gradle\wrapper\dists\gradle-8.4-bin\1w5dpkrfk8irigvoxmyhowfim\gradle-8.4\lib\gradle-launcher-8.4.jar
Launcher Type: SUN_STANDARD

[Global flags]
     intx CICompilerCount                          = 3                                         {product} {ergonomic}
     uint ConcGCThreads                            = 1                                         {product} {ergonomic}
     uint G1ConcRefinementThreads                  = 4                                         {product} {ergonomic}
   size_t G1HeapRegionSize                         = 1048576                                   {product} {ergonomic}
    uintx GCDrainStackTargetSize                   = 64                                        {product} {ergonomic}
   size_t InitialHeapSize                          = 67108864                                  {product} {ergonomic}
   size_t MarkStackSize                            = 4194304                                   {product} {ergonomic}
   size_t MaxHeapSize                              = 2147483648                                {product} {command line}
   size_t MaxNewSize                               = 1287651328                                {product} {ergonomic}
   size_t MinHeapDeltaBytes                        = 1048576                                   {product} {ergonomic}
   size_t MinHeapSize                              = 8388608                                   {product} {ergonomic}
    uintx NonNMethodCodeHeapSize                   = 5832780                                {pd product} {ergonomic}
    uintx NonProfiledCodeHeapSize                  = 122912730                              {pd product} {ergonomic}
    uintx ProfiledCodeHeapSize                     = 122912730                              {pd product} {ergonomic}
    uintx ReservedCodeCacheSize                    = 251658240                              {pd product} {ergonomic}
     bool SegmentedCodeCache                       = true                                      {product} {ergonomic}
   size_t SoftMaxHeapSize                          = 2147483648                             {manageable} {ergonomic}
     bool UseCompressedClassPointers               = true                           {product lp64_product} {ergonomic}
     bool UseCompressedOops                        = true                           {product lp64_product} {ergonomic}
     bool UseG1GC                                  = true                                      {product} {ergonomic}
     bool UseLargePagesIndividualAllocation        = false                                  {pd product} {ergonomic}

Logging:
Log output configuration:
 #0: stdout all=warning uptime,level,tags
 #1: stderr all=off uptime,level,tags

Environment Variables:
PATH=C:\Program Files\Eclipse Adoptium\jdk-21.0.1.12-hotspot\bin;C:\Program Files (x86)\Common Files\Oracle\Java\javapath;C:\Windows\system32;C:\Windows;C:\Windows\System32\Wbem;C:\Windows\System32\WindowsPowerShell\v1.0\;C:\Windows\System32\OpenSSH\;C:\Program Files (x86)\Windows Kits\10\Windows Performance Toolkit\;C:\Users\user\AppData\Local\Programs\Python\Launcher\;C:\Users\user\AppData\Local\Microsoft\WindowsApps;C:\Program Files\Java\jdk-19\bin;C:\Users\user\AppData\Local\Programs\oh-my-posh\bin;D:\Git\mingw64\bin\git.exe;D:\Git\bin;D:\IntelliJ IDEA 2023.1.3\bin;;D:\Microsoft VS Code\bin;C:\Users\user\AppData\Local\GitHubDesktop\bin
USERNAME=user
OS=Windows_NT
PROCESSOR_IDENTIFIER=Intel64 Family 6 Model 76 Stepping 3, GenuineIntel
TMP=C:\Users\user\AppData\Local\Temp
TEMP=C:\Users\user\AppData\Local\Temp


JNI global refs:
JNI global refs: 25, weak refs: 0

JNI global refs memory usage: 843, weak refs: 841

OOME stack traces (most recent first):
Classloader memory used:
Loader org.gradle.internal.classloader.VisitableURLClassLoader                         : 4365K
Loader bootstrap                                                                       : 2718K
Loader org.gradle.internal.classloader.VisitableURLClassLoader$InstrumentingVisitableURLClassLoader: 1420K
Loader org.gradle.initialization.MixInLegacyTypesClassLoader                           : 1170K
Loader jdk.internal.loader.ClassLoaders$PlatformClassLoader                            : 69596B
Loader jdk.internal.reflect.DelegatingClassLoader                                      : 36924B
Loader jdk.internal.loader.ClassLoaders$AppClassLoader                                 : 28358B
Loader org.gradle.internal.classloader.VisitableURLClassLoader                         : 8162B
Loader org.gradle.groovy.scripts.internal.DefaultScriptCompilationHandler$ScriptClassLoader: 1859B
Loader org.codehaus.groovy.runtime.callsite.CallSiteClassLoader                        : 356B

Classes loaded by more than one classloader:
Class Program                                                                         : loaded 5 times (x 70B)
Class Build_gradle$1                                                                  : loaded 3 times (x 72B)
Class Build_gradle                                                                    : loaded 3 times (x 128B)
Class [Lcom.google.common.collect.AbstractMapEntry;                                   : loaded 2 times (x 67B)
Class com.google.common.collect.SingletonImmutableList                                : loaded 2 times (x 167B)
Class com.google.common.cache.CacheLoader$SupplierToCacheLoader                       : loaded 2 times (x 73B)
Class org.gradle.internal.classpath.ClassPath                                         : loaded 2 times (x 68B)
Class com.google.common.cache.RemovalListener                                         : loaded 2 times (x 68B)
Class org.gradle.api.internal.classpath.DefaultModuleRegistry                         : loaded 2 times (x 84B)
Class Settings_gradle$1$1                                                             : loaded 2 times (x 72B)
Class com.google.common.collect.ImmutableEnumSet                                      : loaded 2 times (x 144B)
Class com.google.common.collect.ListMultimap                                          : loaded 2 times (x 68B)
Class com.google.common.base.CharMatcher$JavaDigit                                    : loaded 2 times (x 109B)
Class com.google.common.base.CharMatcher$Digit                                        : loaded 2 times (x 110B)
Class com.google.common.collect.AbstractMultimap                                      : loaded 2 times (x 121B)
Class com.google.common.cache.CacheBuilder$OneWeigher                                 : loaded 2 times (x 80B)
Class org.gradle.api.Action                                                           : loaded 2 times (x 68B)
Class com.google.common.collect.ImmutableEntry                                        : loaded 2 times (x 80B)
Class com.google.common.collect.Lists$StringAsImmutableList                           : loaded 2 times (x 167B)
Class com.google.common.cache.LocalCache$StrongEntry                                  : loaded 2 times (x 106B)
Class org.objectweb.asm.FieldWriter                                                   : loaded 2 times (x 75B)
Class com.google.common.base.CharMatcher                                              : loaded 2 times (x 109B)
Class com.google.common.base.CharMatcher$IsNot                                        : loaded 2 times (x 109B)
Class com.google.common.base.Splitter                                                 : loaded 2 times (x 70B)
Class [Lcom.google.common.cache.Weigher;                                              : loaded 2 times (x 67B)
Class com.google.common.collect.Iterators$ArrayItr                                    : loaded 2 times (x 95B)
Class com.google.common.cache.LocalCache$Segment                                      : loaded 2 times (x 152B)
Class org.gradle.api.internal.DefaultClassPathProvider                                : loaded 2 times (x 74B)
Class org.gradle.internal.installation.GradleInstallation$1                           : loaded 2 times (x 73B)
Class com.google.common.cache.LocalCache$AbstractReferenceEntry                       : loaded 2 times (x 105B)
Class org.objectweb.asm.Type                                                          : loaded 2 times (x 70B)
Class com.google.common.util.concurrent.AbstractFuture$Failure                        : loaded 2 times (x 70B)
Class com.google.common.base.CharMatcher$BitSetMatcher                                : loaded 2 times (x 110B)
Class com.google.common.collect.ImmutableMap$IteratorBasedImmutableMap                : loaded 2 times (x 123B)
Class com.google.common.collect.ImmutableMap                                          : loaded 2 times (x 118B)
Class com.google.common.base.Converter                                                : loaded 2 times (x 88B)
Class com.google.common.collect.ImmutableSet$EmptySetBuilderImpl                      : loaded 2 times (x 74B)
Class com.google.common.base.Equivalence                                              : loaded 2 times (x 80B)
Class com.google.common.primitives.Ints                                               : loaded 2 times (x 69B)
Class com.google.common.cache.LocalCache$EntryFactory$1                               : loaded 2 times (x 81B)
Class com.google.common.cache.LocalCache$EntryFactory$2                               : loaded 2 times (x 81B)
Class com.google.common.cache.LocalCache$EntryFactory$3                               : loaded 2 times (x 81B)
Class com.google.common.cache.LocalCache$EntryFactory$4                               : loaded 2 times (x 81B)
Class com.google.common.cache.LocalCache$EntryFactory$5                               : loaded 2 times (x 81B)
Class com.google.common.cache.LocalCache$EntryFactory$6                               : loaded 2 times (x 81B)
Class com.google.common.cache.LocalCache$EntryFactory$7                               : loaded 2 times (x 81B)
Class com.google.common.cache.LocalCache$EntryFactory$8                               : loaded 2 times (x 81B)
Class com.google.common.base.Predicate                                                : loaded 2 times (x 68B)
Class com.google.common.cache.LocalCache$StrongValueReference                         : loaded 2 times (x 88B)
Class org.gradle.internal.classloader.FilteringClassLoader                            : loaded 2 times (x 102B)
Class com.google.common.collect.RegularImmutableSet                                   : loaded 2 times (x 146B)
Class [Lcom.google.common.cache.LocalCache$Strength;                                  : loaded 2 times (x 67B)
Class org.gradle.internal.classpath.DefaultClassPath$ImmutableUniqueList$Builder      : loaded 2 times (x 73B)
Class com.google.common.collect.Maps$8                                                : loaded 2 times (x 80B)
Class com.google.common.base.PatternCompiler                                          : loaded 2 times (x 68B)
Class [Lcom.google.common.cache.CacheBuilder$NullListener;                            : loaded 2 times (x 67B)
Class com.google.common.base.CharMatcher$InRange                                      : loaded 2 times (x 109B)
Class com.google.common.collect.Sets$SetView                                          : loaded 2 times (x 136B)
Class com.google.common.collect.BiMap                                                 : loaded 2 times (x 68B)
Class com.google.common.collect.Lists                                                 : loaded 2 times (x 69B)
Class org.objectweb.asm.AnnotationWriter                                              : loaded 2 times (x 76B)
Class com.google.common.math.IntMath$1                                                : loaded 2 times (x 69B)
Class org.gradle.internal.classloader.ClassLoaderVisitor                              : loaded 2 times (x 74B)
Class org.objectweb.asm.Label                                                         : loaded 2 times (x 71B)
Class com.google.common.cache.CacheBuilder$NullListener                               : loaded 2 times (x 80B)
Class com.google.common.math.MathPreconditions                                        : loaded 2 times (x 69B)
Class org.gradle.internal.service.DefaultServiceLocator                               : loaded 2 times (x 81B)
Class org.gradle.internal.service.UnknownServiceException                             : loaded 2 times (x 81B)
Class com.google.common.util.concurrent.AbstractFuture$SynchronizedHelper             : loaded 2 times (x 76B)
Class com.google.common.collect.ArrayListMultimap                                     : loaded 2 times (x 170B)
Class com.google.common.base.Strings                                                  : loaded 2 times (x 69B)
Class com.google.common.cache.CacheLoader$InvalidCacheLoadException                   : loaded 2 times (x 80B)
Class org.gradle.internal.classloader.DefaultClassLoaderFactory                       : loaded 2 times (x 80B)
Class com.google.common.collect.UnmodifiableIterator                                  : loaded 2 times (x 78B)
Class com.google.common.base.Stopwatch                                                : loaded 2 times (x 70B)
Class com.google.common.base.Platform$JdkPatternCompiler                              : loaded 2 times (x 73B)
Class com.google.common.cache.LocalCache$LoadingValueReference                        : loaded 2 times (x 94B)
Class com.google.common.base.CharMatcher$SingleWidth                                  : loaded 2 times (x 110B)
Class com.google.common.collect.Hashing                                               : loaded 2 times (x 69B)
Class com.google.common.base.JdkPattern                                               : loaded 2 times (x 73B)
Class com.google.common.collect.Multimap                                              : loaded 2 times (x 68B)
Class com.google.common.base.FunctionalEquivalence                                    : loaded 2 times (x 81B)
Class org.objectweb.asm.AnnotationVisitor                                             : loaded 2 times (x 75B)
Class org.objectweb.asm.RecordComponentWriter                                         : loaded 2 times (x 76B)
Class com.google.common.cache.LocalCache$1                                            : loaded 2 times (x 87B)
Class com.google.common.cache.LocalCache$2                                            : loaded 2 times (x 140B)
Class com.google.common.collect.RegularImmutableBiMap                                 : loaded 2 times (x 146B)
Class org.gradle.internal.classloader.VisitableURLClassLoader$Spec                    : loaded 2 times (x 72B)
Class org.gradle.api.GradleException                                                  : loaded 2 times (x 80B)
Class com.google.common.base.CharMatcher$JavaLetterOrDigit                            : loaded 2 times (x 109B)
Class org.gradle.api.internal.classpath.ModuleRegistry                                : loaded 2 times (x 68B)
Class com.google.common.collect.ForwardingObject                                      : loaded 2 times (x 70B)
Class com.google.common.cache.CacheBuilder                                            : loaded 2 times (x 70B)
Class org.objectweb.asm.ByteVector                                                    : loaded 2 times (x 76B)
Class com.google.common.collect.ImmutableCollection                                   : loaded 2 times (x 123B)
Class com.google.common.base.PairwiseEquivalence                                      : loaded 2 times (x 81B)
Class com.google.common.base.Ticker                                                   : loaded 2 times (x 70B)
Class org.gradle.api.internal.ClassPathProvider                                       : loaded 2 times (x 68B)
Class com.google.common.base.Ascii                                                    : loaded 2 times (x 69B)
Class com.google.common.collect.RegularImmutableMap$Values                            : loaded 2 times (x 167B)
Class org.objectweb.asm.ModuleVisitor                                                 : loaded 2 times (x 78B)
Class org.gradle.internal.classloader.ClasspathUtil$1                                 : loaded 2 times (x 74B)
Class com.google.common.collect.ImmutableEnumMap                                      : loaded 2 times (x 123B)
Class com.google.common.collect.ForwardingMap                                         : loaded 2 times (x 130B)
Class com.google.common.collect.ImmutableList$ReverseImmutableList                    : loaded 2 times (x 168B)
Class com.google.common.cache.AbstractCache$StatsCounter                              : loaded 2 times (x 68B)
Class org.objectweb.asm.FieldVisitor                                                  : loaded 2 times (x 74B)
Class org.objectweb.asm.Symbol                                                        : loaded 2 times (x 71B)
Class com.google.common.cache.LocalCache$Strength$1                                   : loaded 2 times (x 79B)
Class com.google.common.cache.LocalCache$Strength$2                                   : loaded 2 times (x 79B)
Class com.google.common.cache.LocalCache$Strength$3                                   : loaded 2 times (x 79B)
Class org.gradle.internal.classloader.ClassLoaderFactory                              : loaded 2 times (x 68B)
Class com.google.common.collect.ObjectArrays                                          : loaded 2 times (x 69B)
Class com.google.common.util.concurrent.AbstractFuture$Waiter                         : loaded 2 times (x 70B)
Class com.google.common.util.concurrent.Uninterruptibles                              : loaded 2 times (x 69B)
Class com.google.common.collect.Iterators$10                                          : loaded 2 times (x 79B)
Class com.google.common.collect.ImmutableList                                         : loaded 2 times (x 166B)
Class org.gradle.api.internal.classpath.ManifestUtil                                  : loaded 2 times (x 69B)
Class org.gradle.api.specs.Spec                                                       : loaded 2 times (x 68B)
Class com.google.common.cache.CacheLoader$UnsupportedLoadingOperationException        : loaded 2 times (x 80B)
Class com.google.common.base.CharMatcher$Whitespace                                   : loaded 2 times (x 110B)
Class com.google.common.util.concurrent.ListenableFuture                              : loaded 2 times (x 68B)
Class com.google.common.collect.Iterators$1                                           : loaded 2 times (x 79B)
Class com.google.common.collect.Iterators$4                                           : loaded 2 times (x 80B)
Class com.google.common.collect.RegularImmutableMap$BucketOverflowException           : loaded 2 times (x 80B)
Class com.google.common.collect.Iterators$5                                           : loaded 2 times (x 80B)
Class com.google.common.util.concurrent.AbstractFuture$UnsafeAtomicHelper             : loaded 2 times (x 76B)
Class com.google.common.base.Joiner                                                   : loaded 2 times (x 77B)
Class com.google.common.base.Equivalence$Equals                                       : loaded 2 times (x 80B)
Class com.google.common.base.Preconditions                                            : loaded 2 times (x 69B)
Class com.google.common.base.Function                                                 : loaded 2 times (x 68B)
Class com.google.common.collect.Iterators$9                                           : loaded 2 times (x 79B)
Class org.gradle.internal.IoActions                                                   : loaded 2 times (x 69B)
Class com.google.common.cache.ReferenceEntry                                          : loaded 2 times (x 68B)
Class com.google.common.collect.RegularImmutableMap$KeySet                            : loaded 2 times (x 148B)
Class com.google.common.collect.CollectPreconditions                                  : loaded 2 times (x 69B)
Class com.google.common.primitives.IntsMethodsForWeb                                  : loaded 2 times (x 69B)
Class com.google.common.collect.Maps                                                  : loaded 2 times (x 69B)
Class com.google.common.collect.RegularImmutableMap                                   : loaded 2 times (x 119B)
Class com.google.common.collect.AbstractIndexedListIterator                           : loaded 2 times (x 94B)
Class com.google.common.base.CharMatcher$None                                         : loaded 2 times (x 110B)
Class org.gradle.api.internal.classpath.EffectiveClassPath                            : loaded 2 times (x 88B)
Class com.google.common.collect.UnmodifiableListIterator                              : loaded 2 times (x 93B)
Class com.google.common.cache.CacheLoader$FunctionToCacheLoader                       : loaded 2 times (x 73B)
Class com.google.common.cache.CacheBuilder$1                                          : loaded 2 times (x 83B)
Class com.google.common.cache.CacheBuilder$2                                          : loaded 2 times (x 77B)
Class com.google.common.collect.ImmutableList$1                                       : loaded 2 times (x 95B)
Class com.google.common.base.Splitter$Strategy                                        : loaded 2 times (x 68B)
Class com.google.common.cache.CacheBuilder$3                                          : loaded 2 times (x 70B)
Class com.google.common.collect.ImmutableMapEntrySet$RegularEntrySet                  : loaded 2 times (x 149B)
Class [Lcom.google.common.cache.RemovalListener;                                      : loaded 2 times (x 67B)
Class [Lcom.google.common.collect.ImmutableMapEntry;                                  : loaded 2 times (x 67B)
Class org.gradle.internal.installation.CurrentGradleInstallation                      : loaded 2 times (x 71B)
Class org.gradle.internal.agents.InstrumentingClassLoader                             : loaded 2 times (x 68B)
Class org.gradle.internal.installation.CurrentGradleInstallationLocator               : loaded 2 times (x 69B)
Class [Lcom.google.common.cache.LocalCache$Segment;                                   : loaded 2 times (x 67B)
Class org.gradle.api.internal.classpath.Module                                        : loaded 2 times (x 68B)
Class com.google.common.base.Splitter$1$1                                             : loaded 2 times (x 84B)
Class com.google.common.collect.ImmutableSet$JdkBackedSetBuilderImpl                  : loaded 2 times (x 74B)
Class com.google.common.collect.ImmutableSet$RegularSetBuilderImpl                    : loaded 2 times (x 75B)
Class [Lorg.objectweb.asm.AnnotationWriter;                                           : loaded 2 times (x 67B)
Class org.gradle.internal.service.CachingServiceLocator                               : loaded 2 times (x 80B)
Class [Lcom.google.common.collect.ImmutableEntry;                                     : loaded 2 times (x 67B)
Class org.gradle.internal.classpath.DefaultClassPath                                  : loaded 2 times (x 88B)
Class com.google.common.util.concurrent.AbstractFuture$SetFuture                      : loaded 2 times (x 73B)
Class com.google.common.base.Splitter$SplittingIterator                               : loaded 2 times (x 82B)
Class com.google.common.cache.LocalCache$LocalManualCache$1                           : loaded 2 times (x 73B)
Class com.google.common.collect.Iterators$MergingIterator                             : loaded 2 times (x 79B)
Class org.objectweb.asm.SymbolTable$Entry                                             : loaded 2 times (x 72B)
Class [Lcom.google.common.cache.LocalCache$EntryFactory;                              : loaded 2 times (x 67B)
Class com.google.common.base.CharMatcher$Is                                           : loaded 2 times (x 109B)
Class com.google.common.base.Platform                                                 : loaded 2 times (x 69B)
Class com.google.common.collect.RegularImmutableAsList                                : loaded 2 times (x 176B)
Class com.google.common.collect.PeekingIterator                                       : loaded 2 times (x 68B)
Class com.google.common.collect.ImmutableMapEntrySet                                  : loaded 2 times (x 149B)
Class com.google.common.cache.CacheLoader                                             : loaded 2 times (x 72B)
Class com.google.common.collect.ImmutableBiMapFauxverideShim                          : loaded 2 times (x 118B)
Class org.objectweb.asm.MethodTooLargeException                                       : loaded 2 times (x 81B)
Class com.google.common.cache.Cache                                                   : loaded 2 times (x 68B)
Class org.gradle.internal.classloader.SystemClassLoaderSpec                           : loaded 2 times (x 69B)
Class com.google.common.util.concurrent.internal.InternalFutureFailureAccess          : loaded 2 times (x 70B)
Class com.google.common.base.Charsets                                                 : loaded 2 times (x 69B)
Class com.google.common.primitives.Ints$IntConverter                                  : loaded 2 times (x 88B)
Class com.google.common.collect.SingletonImmutableSet                                 : loaded 2 times (x 144B)
Class [Lcom.google.common.base.AbstractIterator$State;                                : loaded 2 times (x 67B)
Class com.google.common.collect.ImmutableMap$Builder                                  : loaded 2 times (x 80B)
Class com.google.common.base.AbstractIterator                                         : loaded 2 times (x 78B)
Class org.objectweb.asm.ClassWriter                                                   : loaded 2 times (x 102B)
Class com.google.common.base.AbstractIterator$1                                       : loaded 2 times (x 69B)
Class [Lcom.google.common.cache.CacheBuilder$OneWeigher;                              : loaded 2 times (x 67B)
Class com.google.common.collect.Iterators                                             : loaded 2 times (x 69B)
Class com.google.common.base.CharMatcher$1                                            : loaded 2 times (x 111B)
Class com.google.common.base.CharMatcher$Ascii                                        : loaded 2 times (x 110B)
Class com.google.common.cache.LocalCache$ComputingValueReference                      : loaded 2 times (x 94B)
Class org.gradle.api.UncheckedIOException                                             : loaded 2 times (x 80B)
Class com.google.common.base.CharMatcher$And                                          : loaded 2 times (x 110B)
Class com.google.common.collect.IndexedImmutableSet                                   : loaded 2 times (x 148B)
Class com.google.common.collect.IndexedImmutableSet$1                                 : loaded 2 times (x 172B)
Class com.google.common.collect.AbstractListMultimap                                  : loaded 2 times (x 170B)
Class com.google.common.base.CharMatcher$Any                                          : loaded 2 times (x 110B)
Class org.objectweb.asm.ModuleWriter                                                  : loaded 2 times (x 79B)
Class com.google.common.cache.LocalCache$Strength                                     : loaded 2 times (x 79B)
Class com.google.common.collect.ArrayListMultimapGwtSerializationDependencies         : loaded 2 times (x 170B)
Class com.google.common.base.CharMatcher$RangesMatcher                                : loaded 2 times (x 110B)
Class org.objectweb.asm.Handler                                                       : loaded 2 times (x 70B)
Class com.google.common.collect.ImmutableList$SubList                                 : loaded 2 times (x 168B)
Class com.google.common.cache.LocalCache$ValueReference                               : loaded 2 times (x 68B)
Class org.gradle.internal.classloader.ClasspathUtil                                   : loaded 2 times (x 69B)
Class org.objectweb.asm.CurrentFrame                                                  : loaded 2 times (x 71B)
Class com.google.common.util.concurrent.AbstractFuture                                : loaded 2 times (x 93B)
Class com.google.common.base.Splitter$1                                               : loaded 2 times (x 75B)
Class com.google.common.base.Ticker$1                                                 : loaded 2 times (x 70B)
Class com.google.common.collect.Maps$BiMapConverter                                   : loaded 2 times (x 88B)
Class org.gradle.api.internal.DefaultClassPathRegistry                                : loaded 2 times (x 74B)
Class [Lorg.objectweb.asm.Symbol;                                                     : loaded 2 times (x 67B)
Class com.google.common.util.concurrent.AbstractFuture$Cancellation                   : loaded 2 times (x 70B)
Class com.google.common.collect.ImmutableSet$SetBuilderImpl                           : loaded 2 times (x 74B)
Class org.gradle.api.internal.classpath.DefaultModuleRegistry$DefaultModule           : loaded 2 times (x 84B)
Class com.google.common.base.CharMatcher$JavaIsoControl                               : loaded 2 times (x 110B)
Class com.google.common.collect.ImmutableMap$1                                        : loaded 2 times (x 79B)
Class com.google.common.base.CharMatcher$Or                                           : loaded 2 times (x 110B)
Class org.gradle.kotlin.dsl.VersionCatalogAccessorsKt                                 : loaded 2 times (x 69B)
Class com.google.common.base.Suppliers$SupplierOfInstance                             : loaded 2 times (x 77B)
Class org.objectweb.asm.RecordComponentVisitor                                        : loaded 2 times (x 75B)
Class com.google.common.collect.Iterables                                             : loaded 2 times (x 69B)
Class com.google.common.base.CharMatcher$JavaLowerCase                                : loaded 2 times (x 109B)
Class org.objectweb.asm.ClassTooLargeException                                        : loaded 2 times (x 81B)
Class org.gradle.api.internal.classpath.UnknownModuleException                        : loaded 2 times (x 80B)
Class com.google.common.util.concurrent.AbstractFuture$Listener                       : loaded 2 times (x 70B)
Class org.objectweb.asm.Edge                                                          : loaded 2 times (x 70B)
Class com.google.common.collect.Maps$EntryTransformer                                 : loaded 2 times (x 68B)
Class com.google.common.collect.ImmutableCollection$Builder                           : loaded 2 times (x 74B)
Class [Lorg.objectweb.asm.SymbolTable$Entry;                                          : loaded 2 times (x 67B)
Class com.google.common.collect.SingletonImmutableBiMap                               : loaded 2 times (x 141B)
Class com.google.common.base.CommonPattern                                            : loaded 2 times (x 72B)
Class com.google.common.base.Suppliers                                                : loaded 2 times (x 69B)
Class org.objectweb.asm.ClassVisitor                                                  : loaded 2 times (x 85B)
Class com.google.common.cache.LoadingCache                                            : loaded 2 times (x 68B)
Class org.gradle.internal.service.ServiceLookupException                              : loaded 2 times (x 80B)
Class org.gradle.cache.GlobalCache                                                    : loaded 2 times (x 68B)
Class com.google.common.base.CharMatcher$NegatedFastMatcher                           : loaded 2 times (x 111B)
Class [Lorg.gradle.api.internal.ClassPathProvider;                                    : loaded 2 times (x 67B)
Class com.google.common.util.concurrent.AbstractFuture$SafeAtomicHelper               : loaded 2 times (x 77B)
Class org.gradle.util.internal.GUtil                                                  : loaded 2 times (x 69B)
Class com.google.common.math.IntMath                                                  : loaded 2 times (x 69B)
Class com.google.common.collect.AbstractIterator                                      : loaded 2 times (x 80B)
Class org.gradle.internal.classloader.ClassLoaderSpec                                 : loaded 2 times (x 69B)
Class com.google.common.base.NullnessCasts                                            : loaded 2 times (x 69B)
Class org.objectweb.asm.Frame                                                         : loaded 2 times (x 71B)
Class com.google.common.cache.LocalCache$LocalManualCache                             : loaded 2 times (x 97B)
Class com.google.common.collect.AbstractMapEntry                                      : loaded 2 times (x 79B)
Class com.google.common.collect.ImmutableList$Builder                                 : loaded 2 times (x 75B)
Class com.google.common.base.CharMatcher$Negated                                      : loaded 2 times (x 111B)
Class com.google.common.cache.CacheLoader$1                                           : loaded 2 times (x 73B)
Class com.google.common.util.concurrent.AbstractFuture$TrustedFuture                  : loaded 2 times (x 95B)
Class com.google.common.collect.Sets                                                  : loaded 2 times (x 69B)
Class com.google.common.collect.ImmutableSet$Builder                                  : loaded 2 times (x 83B)
Class com.google.common.base.CharMatcher$ForPredicate                                 : loaded 2 times (x 110B)
Class com.google.common.collect.ImmutableMap$MapViewOfValuesAsSingletonSets           : loaded 2 times (x 123B)
Class com.google.common.base.MoreObjects                                              : loaded 2 times (x 69B)
Class com.google.common.collect.SortedMapDifference                                   : loaded 2 times (x 68B)
Class org.objectweb.asm.SymbolTable                                                   : loaded 2 times (x 70B)
Class [Lorg.objectweb.asm.AnnotationVisitor;                                          : loaded 2 times (x 67B)
Class com.google.common.cache.CacheStats                                              : loaded 2 times (x 69B)
Class org.objectweb.asm.Attribute                                                     : loaded 2 times (x 75B)
Class org.gradle.internal.classloader.VisitableURLClassLoader                         : loaded 2 times (x 114B)
Class com.google.common.cache.LocalCache$LocalLoadingCache                            : loaded 2 times (x 132B)
Class com.google.common.base.Supplier                                                 : loaded 2 times (x 68B)
Class com.google.common.util.concurrent.AbstractFuture$AtomicHelper                   : loaded 2 times (x 76B)
Class com.google.common.collect.ImmutableBiMap                                        : loaded 2 times (x 141B)
Class org.gradle.internal.Cast                                                        : loaded 2 times (x 69B)
Class org.gradle.internal.installation.GradleInstallation                             : loaded 2 times (x 73B)
Class org.gradle.api.internal.ClassPathRegistry                                       : loaded 2 times (x 68B)
Class com.google.common.cache.LocalCache$EntryFactory                                 : loaded 2 times (x 81B)
Class com.google.common.util.concurrent.UncheckedExecutionException                   : loaded 2 times (x 80B)
Class com.google.common.collect.ImmutableSet                                          : loaded 2 times (x 143B)
Class org.gradle.internal.classloader.VisitableURLClassLoader$InstrumentingVisitableURLClassLoader: loaded 2 times (x 120B)
Class org.gradle.internal.classloader.ClassLoaderHierarchy                            : loaded 2 times (x 68B)
Class [Lorg.objectweb.asm.Type;                                                       : loaded 2 times (x 67B)
Class com.google.common.base.AbstractIterator$State                                   : loaded 2 times (x 77B)
Class com.google.common.cache.Weigher                                                 : loaded 2 times (x 68B)
Class com.google.common.base.CharMatcher$NamedFastMatcher                             : loaded 2 times (x 110B)
Class org.gradle.internal.InternalTransformer                                         : loaded 2 times (x 68B)
Class org.gradle.internal.service.ServiceLocator                                      : loaded 2 times (x 68B)
Class Settings_gradle$1                                                               : loaded 2 times (x 72B)
Class com.google.common.util.concurrent.SettableFuture                                : loaded 2 times (x 95B)
Class com.google.common.collect.ImmutableMapEntry                                     : loaded 2 times (x 83B)
Class com.google.common.base.CharMatcher$Invisible                                    : loaded 2 times (x 110B)
Class com.google.common.base.Joiner$1                                                 : loaded 2 times (x 78B)
Class com.google.common.base.Joiner$2                                                 : loaded 2 times (x 77B)
Class com.google.common.base.CharMatcher$FastMatcher                                  : loaded 2 times (x 109B)
Class org.gradle.internal.classpath.DefaultClassPath$ImmutableUniqueList              : loaded 2 times (x 159B)
Class com.google.common.base.CharMatcher$JavaLetter                                   : loaded 2 times (x 109B)
Class org.gradle.internal.classpath.TransformedClassPath                              : loaded 2 times (x 94B)
Class com.google.common.collect.MapDifference                                         : loaded 2 times (x 68B)
Class com.google.common.collect.Sets$1                                                : loaded 2 times (x 137B)
Class com.google.common.collect.Sets$2                                                : loaded 2 times (x 137B)
Class com.google.common.util.concurrent.AbstractFuture$Trusted                        : loaded 2 times (x 68B)
Class com.google.common.collect.Sets$3                                                : loaded 2 times (x 137B)
Class com.google.common.collect.Sets$4                                                : loaded 2 times (x 137B)
Class Settings_gradle                                                                 : loaded 2 times (x 126B)
Class org.objectweb.asm.MethodWriter                                                  : loaded 2 times (x 103B)
Class com.google.common.collect.Platform                                              : loaded 2 times (x 69B)
Class com.google.common.collect.ImmutableAsList                                       : loaded 2 times (x 169B)
Class com.google.common.util.concurrent.ExecutionError                                : loaded 2 times (x 80B)
Class com.google.common.base.Equivalence$Identity                                     : loaded 2 times (x 80B)
Class com.google.common.base.CharMatcher$AnyOf                                        : loaded 2 times (x 110B)
Class com.google.common.base.CharMatcher$IsEither                                     : loaded 2 times (x 109B)
Class com.google.common.cache.LocalCache                                              : loaded 2 times (x 185B)
Class com.google.common.collect.RegularImmutableList                                  : loaded 2 times (x 172B)
Class com.google.common.util.concurrent.AbstractFuture$UnsafeAtomicHelper$1           : loaded 2 times (x 74B)
Class com.google.common.base.CharMatcher$JavaUpperCase                                : loaded 2 times (x 109B)
Class com.google.common.collect.Multiset                                              : loaded 2 times (x 68B)
Class com.google.common.collect.ImmutableSet$CachingAsList                            : loaded 2 times (x 145B)
Class org.objectweb.asm.MethodVisitor                                                 : loaded 2 times (x 102B)
Class com.google.common.collect.ImmutableMapEntry$NonTerminalImmutableMapEntry        : loaded 2 times (x 83B)
Class com.google.common.collect.AbstractMapBasedMultimap                              : loaded 2 times (x 137B)


---------------  S Y S T E M  ---------------

OS:
 Windows 10 , 64 bit Build 19041 (10.0.19041.3636)
OS uptime: 0 days 7:58 hours

CPU: total 4 (initial active 4) (4 cores per cpu, 1 threads per core) family 6 model 76 stepping 3 microcode 0x368, cx8, cmov, fxsr, mmx, 3dnowpref, sse, sse2, sse3, ssse3, sse4.1, sse4.2, popcnt, tsc, tscinvbit, aes, erms, clmul, clflush

Memory: 4k page, system-wide physical 4015M (284M free)
TotalPageFile size 8111M (AvailPageFile size 103M)
current process WorkingSet (physical memory assigned to process): 243M, peak: 257M
current process commit charge ("private bytes"): 328M, peak: 433M

vm_info: OpenJDK 64-Bit Server VM (17.0.7+0-b2043.56-10550314) for windows-amd64 JRE (17.0.7+0-b2043.56-10550314), built on Jul 24 2023 18:27:45 by "androidbuild" with MS VC++ 16.10 / 16.11 (VS2019)

END.
