#
# There is insufficient memory for the Java Runtime Environment to continue.
# Native memory allocation (malloc) failed to allocate 1374736 bytes for Chunk::new
# Possible reasons:
#   The system is out of physical RAM or swap space
#   The process is running with CompressedOops enabled, and the Java Heap may be blocking the growth of the native heap
# Possible solutions:
#   Reduce memory load on the system
#   Increase physical memory or swap space
#   Check if swap backing store is full
#   Decrease Java heap size (-Xmx/-Xms)
#   Decrease number of Java threads
#   Decrease Java thread stack sizes (-Xss)
#   Set larger code cache with -XX:ReservedCodeCacheSize=
#   JVM is running with Unscaled Compressed Oops mode in which the Java heap is
#     placed in the first 4GB address space. The Java Heap base address is the
#     maximum limit for the native heap growth. Please use -XX:HeapBaseMinAddress
#     to set the Java Heap base and to place the Java Heap above 4GB virtual address.
# This output file may be truncated or incomplete.
#
#  Out of Memory Error (arena.cpp:191), pid=8856, tid=5772
#
# JRE version: OpenJDK Runtime Environment (17.0.9) (build 17.0.9+0--11185874)
# Java VM: OpenJDK 64-Bit Server VM (17.0.9+0--11185874, mixed mode, tiered, compressed oops, compressed class ptrs, g1 gc, windows-amd64)
# No core dump will be written. Minidumps are not enabled by default on client versions of Windows
#

---------------  S U M M A R Y ------------

Command Line: --add-opens=java.base/java.util=ALL-UNNAMED --add-opens=java.base/java.lang=ALL-UNNAMED --add-opens=java.base/java.lang.invoke=ALL-UNNAMED --add-opens=java.prefs/java.util.prefs=ALL-UNNAMED --add-opens=java.base/java.nio.charset=ALL-UNNAMED --add-opens=java.base/java.net=ALL-UNNAMED --add-opens=java.base/java.util.concurrent.atomic=ALL-UNNAMED -Xmx2048m -Dfile.encoding=UTF-8 -Duser.country=FR -Duser.language=fr -Duser.variant -javaagent:C:\Users\user\.gradle\wrapper\dists\gradle-8.4-bin\1w5dpkrfk8irigvoxmyhowfim\gradle-8.4\lib\agents\gradle-instrumentation-agent-8.4.jar org.gradle.launcher.daemon.bootstrap.GradleDaemon 8.4

Host: Intel(R) Pentium(R) CPU  N3700  @ 1.60GHz, 4 cores, 3G,  Windows 10 , 64 bit Build 19041 (10.0.19041.3636)
Time: Sat Dec 23 17:24:53 2023 Paris, Madrid elapsed time: 34.868709 seconds (0d 0h 0m 34s)

---------------  T H R E A D  ---------------

Current thread (0x000002bd06a93a90):  JavaThread "C2 CompilerThread0" daemon [_thread_in_native, id=5772, stack(0x000000e760400000,0x000000e760500000)]


Current CompileTask:
C2:  34868 4610       4       java.lang.Class::getMethodsRecursive (99 bytes)

Stack: [0x000000e760400000,0x000000e760500000]
Native frames: (J=compiled Java code, j=interpreted, Vv=VM code, C=native code)
V  [jvm.dll+0x6886e9]
V  [jvm.dll+0x841e4a]
V  [jvm.dll+0x843a8e]
V  [jvm.dll+0x8440f3]
V  [jvm.dll+0x24c14f]
V  [jvm.dll+0xac44c]
V  [jvm.dll+0xaca9c]
V  [jvm.dll+0x36c1a2]
V  [jvm.dll+0x33651a]
V  [jvm.dll+0x3359ba]
V  [jvm.dll+0x21ddb1]
V  [jvm.dll+0x21d1d1]
V  [jvm.dll+0x1a674d]
V  [jvm.dll+0x22d088]
V  [jvm.dll+0x22b1c0]
V  [jvm.dll+0x7f62f7]
V  [jvm.dll+0x7f06aa]
V  [jvm.dll+0x687565]
C  [ucrtbase.dll+0x21bb2]
C  [KERNEL32.DLL+0x17344]
C  [ntdll.dll+0x526b1]


---------------  P R O C E S S  ---------------

Threads class SMR info:
_java_thread_list=0x000002bd0c5e7d70, length=38, elements={
0x000002bd6b1dc950, 0x000002bd067e9630, 0x000002bd067ea500, 0x000002bd067ffe00,
0x000002bd068006d0, 0x000002bd068122d0, 0x000002bd06a92090, 0x000002bd06a93a90,
0x000002bd06a9fd90, 0x000002bd06aa6ad0, 0x000002bd0674da90, 0x000002bd06cde920,
0x000002bd0bef4840, 0x000002bd0be86950, 0x000002bd0bf69990, 0x000002bd0c9929a0,
0x000002bd0c241740, 0x000002bd0bccfd10, 0x000002bd0b784b70, 0x000002bd0c095590,
0x000002bd0c097900, 0x000002bd0c095aa0, 0x000002bd0c0969d0, 0x000002bd0c096ee0,
0x000002bd0c0973f0, 0x000002bd0c095080, 0x000002bd0deeedf0, 0x000002bd0deec570,
0x000002bd0deedec0, 0x000002bd0deef300, 0x000002bd0deee3d0, 0x000002bd0deeca80,
0x000002bd0deecf90, 0x000002bd0deef810, 0x000002bd0deee8e0, 0x000002bd0deed4a0,
0x000002bd0ea86440, 0x000002bd0eeda020
}

Java Threads: ( => current thread )
  0x000002bd6b1dc950 JavaThread "main" [_thread_blocked, id=4292, stack(0x000000e75f700000,0x000000e75f800000)]
  0x000002bd067e9630 JavaThread "Reference Handler" daemon [_thread_blocked, id=288, stack(0x000000e75fe00000,0x000000e75ff00000)]
  0x000002bd067ea500 JavaThread "Finalizer" daemon [_thread_blocked, id=9656, stack(0x000000e75ff00000,0x000000e760000000)]
  0x000002bd067ffe00 JavaThread "Signal Dispatcher" daemon [_thread_blocked, id=6344, stack(0x000000e760000000,0x000000e760100000)]
  0x000002bd068006d0 JavaThread "Attach Listener" daemon [_thread_blocked, id=8068, stack(0x000000e760100000,0x000000e760200000)]
  0x000002bd068122d0 JavaThread "Service Thread" daemon [_thread_blocked, id=6136, stack(0x000000e760200000,0x000000e760300000)]
  0x000002bd06a92090 JavaThread "Monitor Deflation Thread" daemon [_thread_blocked, id=4740, stack(0x000000e760300000,0x000000e760400000)]
=>0x000002bd06a93a90 JavaThread "C2 CompilerThread0" daemon [_thread_in_native, id=5772, stack(0x000000e760400000,0x000000e760500000)]
  0x000002bd06a9fd90 JavaThread "C1 CompilerThread0" daemon [_thread_blocked, id=8512, stack(0x000000e760500000,0x000000e760600000)]
  0x000002bd06aa6ad0 JavaThread "Sweeper thread" daemon [_thread_blocked, id=6780, stack(0x000000e760600000,0x000000e760700000)]
  0x000002bd0674da90 JavaThread "Common-Cleaner" daemon [_thread_blocked, id=7712, stack(0x000000e760700000,0x000000e760800000)]
  0x000002bd06cde920 JavaThread "Notification Thread" daemon [_thread_blocked, id=5816, stack(0x000000e760800000,0x000000e760900000)]
  0x000002bd0bef4840 JavaThread "Daemon health stats" [_thread_blocked, id=7392, stack(0x000000e760d00000,0x000000e760e00000)]
  0x000002bd0be86950 JavaThread "Incoming local TCP Connector on port 54094" [_thread_in_native, id=7648, stack(0x000000e760e00000,0x000000e760f00000)]
  0x000002bd0bf69990 JavaThread "Daemon periodic checks" [_thread_blocked, id=2200, stack(0x000000e760f00000,0x000000e761000000)]
  0x000002bd0c9929a0 JavaThread "Daemon" [_thread_blocked, id=4972, stack(0x000000e761000000,0x000000e761100000)]
  0x000002bd0c241740 JavaThread "Handler for socket connection from /127.0.0.1:54094 to /127.0.0.1:54095" [_thread_in_native, id=8024, stack(0x000000e761100000,0x000000e761200000)]
  0x000002bd0bccfd10 JavaThread "Cancel handler" [_thread_blocked, id=9660, stack(0x000000e761200000,0x000000e761300000)]
  0x000002bd0b784b70 JavaThread "Daemon worker" [_thread_in_vm, id=1780, stack(0x000000e761300000,0x000000e761400000)]
  0x000002bd0c095590 JavaThread "Asynchronous log dispatcher for DefaultDaemonConnection: socket connection from /127.0.0.1:54094 to /127.0.0.1:54095" [_thread_blocked, id=10140, stack(0x000000e761400000,0x000000e761500000)]
  0x000002bd0c097900 JavaThread "Stdin handler" [_thread_blocked, id=9836, stack(0x000000e761500000,0x000000e761600000)]
  0x000002bd0c095aa0 JavaThread "Daemon client event forwarder" [_thread_blocked, id=976, stack(0x000000e761600000,0x000000e761700000)]
  0x000002bd0c0969d0 JavaThread "Cache worker for journal cache (C:\Users\user\.gradle\caches\journal-1)" [_thread_blocked, id=5252, stack(0x000000e761700000,0x000000e761800000)]
  0x000002bd0c096ee0 JavaThread "File lock request listener" [_thread_in_native, id=7576, stack(0x000000e761800000,0x000000e761900000)]
  0x000002bd0c0973f0 JavaThread "Cache worker for file hash cache (C:\Users\user\.gradle\caches\8.4\fileHashes)" [_thread_blocked, id=4992, stack(0x000000e761900000,0x000000e761a00000)]
  0x000002bd0c095080 JavaThread "File watcher server" daemon [_thread_in_native, id=8136, stack(0x000000e761a00000,0x000000e761b00000)]
  0x000002bd0deeedf0 JavaThread "File watcher consumer" daemon [_thread_blocked, id=5188, stack(0x000000e761b00000,0x000000e761c00000)]
  0x000002bd0deec570 JavaThread "jar transforms" [_thread_blocked, id=9408, stack(0x000000e761c00000,0x000000e761d00000)]
  0x000002bd0deedec0 JavaThread "jar transforms Thread 2" [_thread_blocked, id=2916, stack(0x000000e761d00000,0x000000e761e00000)]
  0x000002bd0deef300 JavaThread "jar transforms Thread 3" [_thread_blocked, id=7016, stack(0x000000e761e00000,0x000000e761f00000)]
  0x000002bd0deee3d0 JavaThread "jar transforms Thread 4" [_thread_blocked, id=4504, stack(0x000000e761f00000,0x000000e762000000)]
  0x000002bd0deeca80 JavaThread "Cache worker for checksums cache (C:\Users\user\AndroidStudioProjects\MyNotes\.gradle\8.4\checksums)" [_thread_blocked, id=9684, stack(0x000000e762000000,0x000000e762100000)]
  0x000002bd0deecf90 JavaThread "Cache worker for file hash cache (C:\Users\user\AndroidStudioProjects\MyNotes\.gradle\8.4\fileHashes)" [_thread_blocked, id=5688, stack(0x000000e762100000,0x000000e762200000)]
  0x000002bd0deef810 JavaThread "Cache worker for cache directory md-supplier (C:\Users\user\.gradle\caches\8.4\md-supplier)" [_thread_blocked, id=9144, stack(0x000000e762200000,0x000000e762300000)]
  0x000002bd0deee8e0 JavaThread "Cache worker for file content cache (C:\Users\user\.gradle\caches\8.4\fileContent)" [_thread_blocked, id=9356, stack(0x000000e762300000,0x000000e762400000)]
  0x000002bd0deed4a0 JavaThread "Cache worker for cache directory md-rule (C:\Users\user\.gradle\caches\8.4\md-rule)" [_thread_blocked, id=5676, stack(0x000000e762400000,0x000000e762500000)]
  0x000002bd0ea86440 JavaThread "Cache worker for execution history cache (C:\Users\user\.gradle\caches\8.4\executionHistory)" [_thread_blocked, id=10200, stack(0x000000e762500000,0x000000e762600000)]
  0x000002bd0eeda020 JavaThread "C2 CompilerThread1" daemon [_thread_blocked, id=4852, stack(0x000000e762600000,0x000000e762700000)]

Other Threads:
  0x000002bd067c4be0 VMThread "VM Thread" [stack: 0x000000e75fd00000,0x000000e75fe00000] [id=6112]
  0x000002bd06cdee00 WatcherThread [stack: 0x000000e760900000,0x000000e760a00000] [id=2372]
  0x000002bd6b235d20 GCTaskThread "GC Thread#0" [stack: 0x000000e75f800000,0x000000e75f900000] [id=6928]
  0x000002bd0b0a1de0 GCTaskThread "GC Thread#1" [stack: 0x000000e760a00000,0x000000e760b00000] [id=5996]
  0x000002bd0b3d2be0 GCTaskThread "GC Thread#2" [stack: 0x000000e760b00000,0x000000e760c00000] [id=5932]
  0x000002bd0b704950 GCTaskThread "GC Thread#3" [stack: 0x000000e760c00000,0x000000e760d00000] [id=8660]
  0x000002bd6b247b90 ConcurrentGCThread "G1 Main Marker" [stack: 0x000000e75f900000,0x000000e75fa00000] [id=9428]
  0x000002bd6b248c60 ConcurrentGCThread "G1 Conc#0" [stack: 0x000000e75fa00000,0x000000e75fb00000] [id=9220]
  0x000002bd6b298a70 ConcurrentGCThread "G1 Refine#0" [stack: 0x000000e75fb00000,0x000000e75fc00000] [id=4632]
  0x000002bd6b2993b0 ConcurrentGCThread "G1 Service" [stack: 0x000000e75fc00000,0x000000e75fd00000] [id=6172]

Threads with active compile tasks:
C2 CompilerThread0    34944 4610       4       java.lang.Class::getMethodsRecursive (99 bytes)

VM state: not at safepoint (normal execution)

VM Mutex/Monitor currently owned by a thread: None

Heap address: 0x0000000080000000, size: 2048 MB, Compressed Oops mode: 32-bit

CDS archive(s) not mapped
Compressed class space mapped at: 0x0000000100000000-0x0000000140000000, reserved size: 1073741824
Narrow klass base: 0x0000000000000000, Narrow klass shift: 3, Narrow klass range: 0x140000000

GC Precious Log:
 CPUs: 4 total, 4 available
 Memory: 4015M
 Large Page Support: Disabled
 NUMA Support: Disabled
 Compressed Oops: Enabled (32-bit)
 Heap Region Size: 1M
 Heap Min Capacity: 8M
 Heap Initial Capacity: 64M
 Heap Max Capacity: 2G
 Pre-touch: Disabled
 Parallel Workers: 4
 Concurrent Workers: 1
 Concurrent Refinement Workers: 4
 Periodic GC: Disabled

Heap:
 garbage-first heap   total 107520K, used 57317K [0x0000000080000000, 0x0000000100000000)
  region size 1024K, 6 young (6144K), 5 survivors (5120K)
 Metaspace       used 50981K, committed 51456K, reserved 1114112K
  class space    used 6683K, committed 6912K, reserved 1048576K

Heap Regions: E=young(eden), S=young(survivor), O=old, HS=humongous(starts), HC=humongous(continues), CS=collection set, F=free, OA=open archive, CA=closed archive, TAMS=top-at-mark-start (previous, next)
|   0|0x0000000080000000, 0x0000000080100000, 0x0000000080100000|100%| O|  |TAMS 0x0000000080100000, 0x0000000080100000| Untracked 
|   1|0x0000000080100000, 0x0000000080200000, 0x0000000080200000|100%| O|  |TAMS 0x0000000080200000, 0x0000000080200000| Untracked 
|   2|0x0000000080200000, 0x0000000080300000, 0x0000000080300000|100%|HS|  |TAMS 0x0000000080300000, 0x0000000080300000| Complete 
|   3|0x0000000080300000, 0x0000000080400000, 0x0000000080400000|100%|HC|  |TAMS 0x0000000080400000, 0x0000000080400000| Complete 
|   4|0x0000000080400000, 0x0000000080500000, 0x0000000080500000|100%|HC|  |TAMS 0x0000000080500000, 0x0000000080500000| Complete 
|   5|0x0000000080500000, 0x0000000080600000, 0x0000000080600000|100%|HC|  |TAMS 0x0000000080600000, 0x0000000080600000| Complete 
|   6|0x0000000080600000, 0x0000000080700000, 0x0000000080700000|100%| O|  |TAMS 0x0000000080700000, 0x0000000080700000| Untracked 
|   7|0x0000000080700000, 0x0000000080800000, 0x0000000080800000|100%| O|  |TAMS 0x0000000080800000, 0x0000000080800000| Untracked 
|   8|0x0000000080800000, 0x0000000080900000, 0x0000000080900000|100%| O|  |TAMS 0x0000000080900000, 0x0000000080900000| Untracked 
|   9|0x0000000080900000, 0x0000000080a00000, 0x0000000080a00000|100%| O|  |TAMS 0x0000000080a00000, 0x0000000080a00000| Untracked 
|  10|0x0000000080a00000, 0x0000000080b00000, 0x0000000080b00000|100%| O|  |TAMS 0x0000000080b00000, 0x0000000080b00000| Untracked 
|  11|0x0000000080b00000, 0x0000000080c00000, 0x0000000080c00000|100%| O|  |TAMS 0x0000000080c00000, 0x0000000080c00000| Untracked 
|  12|0x0000000080c00000, 0x0000000080d00000, 0x0000000080d00000|100%| O|  |TAMS 0x0000000080d00000, 0x0000000080d00000| Untracked 
|  13|0x0000000080d00000, 0x0000000080e00000, 0x0000000080e00000|100%| O|  |TAMS 0x0000000080e00000, 0x0000000080e00000| Untracked 
|  14|0x0000000080e00000, 0x0000000080f00000, 0x0000000080f00000|100%| O|  |TAMS 0x0000000080f00000, 0x0000000080f00000| Untracked 
|  15|0x0000000080f00000, 0x0000000081000000, 0x0000000081000000|100%| O|  |TAMS 0x0000000081000000, 0x0000000081000000| Untracked 
|  16|0x0000000081000000, 0x0000000081100000, 0x0000000081100000|100%| O|  |TAMS 0x0000000081100000, 0x0000000081100000| Untracked 
|  17|0x0000000081100000, 0x0000000081200000, 0x0000000081200000|100%| O|  |TAMS 0x0000000081200000, 0x0000000081200000| Untracked 
|  18|0x0000000081200000, 0x0000000081300000, 0x0000000081300000|100%| O|  |TAMS 0x0000000081300000, 0x0000000081300000| Untracked 
|  19|0x0000000081300000, 0x0000000081400000, 0x0000000081400000|100%| O|  |TAMS 0x0000000081400000, 0x0000000081400000| Untracked 
|  20|0x0000000081400000, 0x0000000081500000, 0x0000000081500000|100%| O|  |TAMS 0x0000000081500000, 0x0000000081500000| Untracked 
|  21|0x0000000081500000, 0x0000000081600000, 0x0000000081600000|100%|HS|  |TAMS 0x0000000081600000, 0x0000000081600000| Complete 
|  22|0x0000000081600000, 0x0000000081700000, 0x0000000081700000|100%|HC|  |TAMS 0x0000000081700000, 0x0000000081700000| Complete 
|  23|0x0000000081700000, 0x0000000081800000, 0x0000000081800000|100%|HS|  |TAMS 0x0000000081800000, 0x0000000081800000| Complete 
|  24|0x0000000081800000, 0x0000000081900000, 0x0000000081900000|100%|HC|  |TAMS 0x0000000081900000, 0x0000000081900000| Complete 
|  25|0x0000000081900000, 0x0000000081a00000, 0x0000000081a00000|100%|HC|  |TAMS 0x0000000081a00000, 0x0000000081a00000| Complete 
|  26|0x0000000081a00000, 0x0000000081b00000, 0x0000000081b00000|100%|HS|  |TAMS 0x0000000081b00000, 0x0000000081b00000| Complete 
|  27|0x0000000081b00000, 0x0000000081c00000, 0x0000000081c00000|100%|HC|  |TAMS 0x0000000081c00000, 0x0000000081c00000| Complete 
|  28|0x0000000081c00000, 0x0000000081d00000, 0x0000000081d00000|100%|HC|  |TAMS 0x0000000081d00000, 0x0000000081d00000| Complete 
|  29|0x0000000081d00000, 0x0000000081e00000, 0x0000000081e00000|100%| O|  |TAMS 0x0000000081e00000, 0x0000000081e00000| Untracked 
|  30|0x0000000081e00000, 0x0000000081f00000, 0x0000000081f00000|100%|HS|  |TAMS 0x0000000081f00000, 0x0000000081f00000| Complete 
|  31|0x0000000081f00000, 0x0000000082000000, 0x0000000082000000|100%|HC|  |TAMS 0x0000000082000000, 0x0000000082000000| Complete 
|  32|0x0000000082000000, 0x0000000082100000, 0x0000000082100000|100%|HC|  |TAMS 0x0000000082100000, 0x0000000082100000| Complete 
|  33|0x0000000082100000, 0x0000000082200000, 0x0000000082200000|100%| O|  |TAMS 0x0000000082200000, 0x0000000082200000| Untracked 
|  34|0x0000000082200000, 0x0000000082300000, 0x0000000082300000|100%| O|  |TAMS 0x0000000082300000, 0x0000000082300000| Untracked 
|  35|0x0000000082300000, 0x0000000082400000, 0x0000000082400000|100%| O|  |TAMS 0x0000000082400000, 0x0000000082400000| Untracked 
|  36|0x0000000082400000, 0x0000000082500000, 0x0000000082500000|100%| O|  |TAMS 0x0000000082500000, 0x0000000082500000| Untracked 
|  37|0x0000000082500000, 0x0000000082600000, 0x0000000082600000|100%| O|  |TAMS 0x0000000082600000, 0x0000000082600000| Untracked 
|  38|0x0000000082600000, 0x0000000082700000, 0x0000000082700000|100%| O|  |TAMS 0x0000000082700000, 0x0000000082700000| Untracked 
|  39|0x0000000082700000, 0x0000000082800000, 0x0000000082800000|100%| O|  |TAMS 0x0000000082800000, 0x0000000082800000| Untracked 
|  40|0x0000000082800000, 0x0000000082900000, 0x0000000082900000|100%| O|  |TAMS 0x0000000082900000, 0x0000000082900000| Untracked 
|  41|0x0000000082900000, 0x0000000082a00000, 0x0000000082a00000|100%| O|  |TAMS 0x0000000082a00000, 0x0000000082a00000| Untracked 
|  42|0x0000000082a00000, 0x0000000082b00000, 0x0000000082b00000|100%| O|  |TAMS 0x0000000082b00000, 0x0000000082b00000| Untracked 
|  43|0x0000000082b00000, 0x0000000082c00000, 0x0000000082c00000|100%| O|  |TAMS 0x0000000082c00000, 0x0000000082c00000| Untracked 
|  44|0x0000000082c00000, 0x0000000082d00000, 0x0000000082d00000|100%| O|  |TAMS 0x0000000082c00000, 0x0000000082d00000| Untracked 
|  45|0x0000000082d00000, 0x0000000082d79a00, 0x0000000082e00000| 47%| O|  |TAMS 0x0000000082d00000, 0x0000000082d79a00| Untracked 
|  46|0x0000000082e00000, 0x0000000082f00000, 0x0000000082f00000|100%|HS|  |TAMS 0x0000000082e00000, 0x0000000082f00000| Complete 
|  47|0x0000000082f00000, 0x0000000083000000, 0x0000000083000000|100%|HC|  |TAMS 0x0000000082f00000, 0x0000000083000000| Complete 
|  48|0x0000000083000000, 0x0000000083100000, 0x0000000083100000|100%|HC|  |TAMS 0x0000000083000000, 0x0000000083100000| Complete 
|  49|0x0000000083100000, 0x0000000083200000, 0x0000000083200000|100%| O|  |TAMS 0x00000000831bd400, 0x0000000083200000| Untracked 
|  50|0x0000000083200000, 0x0000000083300000, 0x0000000083300000|100%|HS|  |TAMS 0x0000000083200000, 0x0000000083200000| Complete 
|  51|0x0000000083300000, 0x0000000083400000, 0x0000000083400000|100%|HS|  |TAMS 0x0000000083300000, 0x0000000083300000| Complete 
|  52|0x0000000083400000, 0x0000000083400000, 0x0000000083500000|  0%| F|  |TAMS 0x0000000083400000, 0x0000000083400000| Untracked 
|  53|0x0000000083500000, 0x0000000083500000, 0x0000000083600000|  0%| F|  |TAMS 0x0000000083500000, 0x0000000083500000| Untracked 
|  54|0x0000000083600000, 0x0000000083600000, 0x0000000083700000|  0%| F|  |TAMS 0x0000000083600000, 0x0000000083600000| Untracked 
|  55|0x0000000083700000, 0x0000000083700000, 0x0000000083800000|  0%| F|  |TAMS 0x0000000083700000, 0x0000000083700000| Untracked 
|  56|0x0000000083800000, 0x0000000083800000, 0x0000000083900000|  0%| F|  |TAMS 0x0000000083800000, 0x0000000083800000| Untracked 
|  57|0x0000000083900000, 0x0000000083900000, 0x0000000083a00000|  0%| F|  |TAMS 0x0000000083900000, 0x0000000083900000| Untracked 
|  58|0x0000000083a00000, 0x0000000083a00000, 0x0000000083b00000|  0%| F|  |TAMS 0x0000000083a00000, 0x0000000083a00000| Untracked 
|  59|0x0000000083b00000, 0x0000000083b00000, 0x0000000083c00000|  0%| F|  |TAMS 0x0000000083b00000, 0x0000000083b00000| Untracked 
|  60|0x0000000083c00000, 0x0000000083c00000, 0x0000000083d00000|  0%| F|  |TAMS 0x0000000083c00000, 0x0000000083c00000| Untracked 
|  61|0x0000000083d00000, 0x0000000083d00000, 0x0000000083e00000|  0%| F|  |TAMS 0x0000000083d00000, 0x0000000083d00000| Untracked 
|  62|0x0000000083e00000, 0x0000000083e00000, 0x0000000083f00000|  0%| F|  |TAMS 0x0000000083e00000, 0x0000000083e00000| Untracked 
|  63|0x0000000083f00000, 0x0000000083f00000, 0x0000000084000000|  0%| F|  |TAMS 0x0000000083f00000, 0x0000000083f00000| Untracked 
|  64|0x0000000084000000, 0x0000000084000000, 0x0000000084100000|  0%| F|  |TAMS 0x0000000084000000, 0x0000000084000000| Untracked 
|  65|0x0000000084100000, 0x0000000084100000, 0x0000000084200000|  0%| F|  |TAMS 0x0000000084100000, 0x0000000084100000| Untracked 
|  66|0x0000000084200000, 0x0000000084200000, 0x0000000084300000|  0%| F|  |TAMS 0x0000000084200000, 0x0000000084200000| Untracked 
|  67|0x0000000084300000, 0x0000000084300000, 0x0000000084400000|  0%| F|  |TAMS 0x0000000084300000, 0x0000000084300000| Untracked 
|  68|0x0000000084400000, 0x0000000084400000, 0x0000000084500000|  0%| F|  |TAMS 0x0000000084400000, 0x0000000084400000| Untracked 
|  69|0x0000000084500000, 0x0000000084500000, 0x0000000084600000|  0%| F|  |TAMS 0x0000000084500000, 0x0000000084500000| Untracked 
|  70|0x0000000084600000, 0x0000000084600000, 0x0000000084700000|  0%| F|  |TAMS 0x0000000084600000, 0x0000000084600000| Untracked 
|  71|0x0000000084700000, 0x0000000084700000, 0x0000000084800000|  0%| F|  |TAMS 0x0000000084700000, 0x0000000084700000| Untracked 
|  72|0x0000000084800000, 0x0000000084800000, 0x0000000084900000|  0%| F|  |TAMS 0x0000000084800000, 0x0000000084800000| Untracked 
|  73|0x0000000084900000, 0x0000000084900000, 0x0000000084a00000|  0%| F|  |TAMS 0x0000000084900000, 0x0000000084900000| Untracked 
|  74|0x0000000084a00000, 0x0000000084a00000, 0x0000000084b00000|  0%| F|  |TAMS 0x0000000084a00000, 0x0000000084a00000| Untracked 
|  75|0x0000000084b00000, 0x0000000084b00000, 0x0000000084c00000|  0%| F|  |TAMS 0x0000000084b00000, 0x0000000084b00000| Untracked 
|  76|0x0000000084c00000, 0x0000000084c00000, 0x0000000084d00000|  0%| F|  |TAMS 0x0000000084c00000, 0x0000000084c00000| Untracked 
|  77|0x0000000084d00000, 0x0000000084d00000, 0x0000000084e00000|  0%| F|  |TAMS 0x0000000084d00000, 0x0000000084d00000| Untracked 
|  78|0x0000000084e00000, 0x0000000084e00000, 0x0000000084f00000|  0%| F|  |TAMS 0x0000000084e00000, 0x0000000084e00000| Untracked 
|  79|0x0000000084f00000, 0x0000000084f00000, 0x0000000085000000|  0%| F|  |TAMS 0x0000000084f00000, 0x0000000084f00000| Untracked 
|  80|0x0000000085000000, 0x0000000085000000, 0x0000000085100000|  0%| F|  |TAMS 0x0000000085000000, 0x0000000085000000| Untracked 
|  81|0x0000000085100000, 0x0000000085100000, 0x0000000085200000|  0%| F|  |TAMS 0x0000000085100000, 0x0000000085100000| Untracked 
|  82|0x0000000085200000, 0x0000000085200000, 0x0000000085300000|  0%| F|  |TAMS 0x0000000085200000, 0x0000000085200000| Untracked 
|  83|0x0000000085300000, 0x000000008537fc20, 0x0000000085400000| 49%| S|CS|TAMS 0x0000000085300000, 0x0000000085300000| Complete 
|  84|0x0000000085400000, 0x0000000085500000, 0x0000000085500000|100%| S|CS|TAMS 0x0000000085400000, 0x0000000085400000| Complete 
|  85|0x0000000085500000, 0x0000000085600000, 0x0000000085600000|100%| S|CS|TAMS 0x0000000085500000, 0x0000000085500000| Complete 
|  86|0x0000000085600000, 0x0000000085700000, 0x0000000085700000|100%| S|CS|TAMS 0x0000000085600000, 0x0000000085600000| Complete 
|  87|0x0000000085700000, 0x0000000085800000, 0x0000000085800000|100%| S|CS|TAMS 0x0000000085700000, 0x0000000085700000| Complete 
|  88|0x0000000085800000, 0x0000000085800000, 0x0000000085900000|  0%| F|  |TAMS 0x0000000085800000, 0x0000000085800000| Untracked 
|  89|0x0000000085900000, 0x0000000085900000, 0x0000000085a00000|  0%| F|  |TAMS 0x0000000085900000, 0x0000000085900000| Untracked 
|  90|0x0000000085a00000, 0x0000000085a00000, 0x0000000085b00000|  0%| F|  |TAMS 0x0000000085a00000, 0x0000000085a00000| Untracked 
|  91|0x0000000085b00000, 0x0000000085b00000, 0x0000000085c00000|  0%| F|  |TAMS 0x0000000085b00000, 0x0000000085b00000| Untracked 
|  92|0x0000000085c00000, 0x0000000085c00000, 0x0000000085d00000|  0%| F|  |TAMS 0x0000000085c00000, 0x0000000085c00000| Untracked 
|  93|0x0000000085d00000, 0x0000000085d00000, 0x0000000085e00000|  0%| F|  |TAMS 0x0000000085d00000, 0x0000000085d00000| Untracked 
|  94|0x0000000085e00000, 0x0000000085e00000, 0x0000000085f00000|  0%| F|  |TAMS 0x0000000085e00000, 0x0000000085e00000| Untracked 
|  95|0x0000000085f00000, 0x0000000085f00000, 0x0000000086000000|  0%| F|  |TAMS 0x0000000085f00000, 0x0000000085f00000| Untracked 
|  96|0x0000000086000000, 0x0000000086000000, 0x0000000086100000|  0%| F|  |TAMS 0x0000000086000000, 0x0000000086000000| Untracked 
|  97|0x0000000086100000, 0x0000000086100000, 0x0000000086200000|  0%| F|  |TAMS 0x0000000086100000, 0x0000000086100000| Untracked 
|  98|0x0000000086200000, 0x0000000086200000, 0x0000000086300000|  0%| F|  |TAMS 0x0000000086200000, 0x0000000086200000| Untracked 
|  99|0x0000000086300000, 0x0000000086300000, 0x0000000086400000|  0%| F|  |TAMS 0x0000000086300000, 0x0000000086300000| Untracked 
| 100|0x0000000086400000, 0x0000000086400000, 0x0000000086500000|  0%| F|  |TAMS 0x0000000086400000, 0x0000000086400000| Untracked 
| 101|0x0000000086500000, 0x0000000086500000, 0x0000000086600000|  0%| F|  |TAMS 0x0000000086500000, 0x0000000086500000| Untracked 
| 102|0x0000000086600000, 0x0000000086600000, 0x0000000086700000|  0%| F|  |TAMS 0x0000000086600000, 0x0000000086600000| Untracked 
| 103|0x0000000086700000, 0x0000000086700000, 0x0000000086800000|  0%| F|  |TAMS 0x0000000086700000, 0x0000000086700000| Untracked 
| 104|0x0000000086800000, 0x000000008687ff20, 0x0000000086900000| 49%| E|  |TAMS 0x0000000086800000, 0x0000000086800000| Complete 

Card table byte_map: [0x000002bd7f8d0000,0x000002bd7fcd0000] _byte_map_base: 0x000002bd7f4d0000

Marking Bits (Prev, Next): (CMBitMap*) 0x000002bd6b2372a0, (CMBitMap*) 0x000002bd6b237260
 Prev Bits: [0x000002bd02400000, 0x000002bd04400000)
 Next Bits: [0x000002bd00400000, 0x000002bd02400000)

Polling page: 0x000002bd6b2a0000

Metaspace:

Usage:
  Non-class:     43.28 MB used.
      Class:      6.53 MB used.
       Both:     49.82 MB used.

Virtual space:
  Non-class space:       64.00 MB reserved,      43.50 MB ( 68%) committed,  1 nodes.
      Class space:        1.00 GB reserved,       6.75 MB ( <1%) committed,  1 nodes.
             Both:        1.06 GB reserved,      50.25 MB (  5%) committed. 

Chunk freelists:
   Non-Class:  4.27 MB
       Class:  9.22 MB
        Both:  13.49 MB

MaxMetaspaceSize: unlimited
CompressedClassSpaceSize: 1.00 GB
Initial GC threshold: 21.00 MB
Current GC threshold: 80.88 MB
CDS: off
MetaspaceReclaimPolicy: balanced
 - commit_granule_bytes: 65536.
 - commit_granule_words: 8192.
 - virtual_space_node_default_size: 8388608.
 - enlarge_chunks_in_place: 1.
 - new_chunks_are_fully_committed: 0.
 - uncommit_free_chunks: 1.
 - use_allocation_guard: 0.
 - handle_deallocations: 1.


Internal statistics:

num_allocs_failed_limit: 3.
num_arena_births: 456.
num_arena_deaths: 0.
num_vsnodes_births: 2.
num_vsnodes_deaths: 0.
num_space_committed: 804.
num_space_uncommitted: 0.
num_chunks_returned_to_freelist: 3.
num_chunks_taken_from_freelist: 2060.
num_chunk_merges: 3.
num_chunk_splits: 1345.
num_chunks_enlarged: 928.
num_inconsistent_stats: 0.

CodeHeap 'non-profiled nmethods': size=120000Kb used=2624Kb max_used=2624Kb free=117375Kb
 bounds [0x000002bd77970000, 0x000002bd77c10000, 0x000002bd7eea0000]
CodeHeap 'profiled nmethods': size=120000Kb used=9756Kb max_used=9756Kb free=110243Kb
 bounds [0x000002bd6fea0000, 0x000002bd70830000, 0x000002bd773d0000]
CodeHeap 'non-nmethods': size=5760Kb used=2303Kb max_used=2371Kb free=3456Kb
 bounds [0x000002bd773d0000, 0x000002bd77640000, 0x000002bd77970000]
 total_blobs=5440 nmethods=4623 adapters=730
 compilation: enabled
              stopped_count=0, restarted_count=0
 full_count=0

Compilation events (20 events):
Event: 34.779 Thread 0x000002bd06a9fd90 4626       3       java.util.HashMap::values (25 bytes)
Event: 34.779 Thread 0x000002bd06a9fd90 nmethod 4626 0x000002bd70823910 code [0x000002bd70823ac0, 0x000002bd70823e38]
Event: 34.780 Thread 0x000002bd06a9fd90 4628       3       org.gradle.internal.io.StreamByteBuffer$StreamByteBufferChunk::readFrom (30 bytes)
Event: 34.780 Thread 0x000002bd06a9fd90 nmethod 4628 0x000002bd70823f90 code [0x000002bd70824140, 0x000002bd70824368]
Event: 34.796 Thread 0x000002bd06a9fd90 4629       1       org.codehaus.groovy.runtime.metaclass.MetaClassRegistryImpl::getMetaClassCreationHandler (5 bytes)
Event: 34.796 Thread 0x000002bd06a9fd90 nmethod 4629 0x000002bd77bff790 code [0x000002bd77bff920, 0x000002bd77bff9f8]
Event: 34.809 Thread 0x000002bd06a9fd90 4630       3       org.gradle.internal.classpath.Instrumented$CallInterceptorRegistry::getGroovyCallDecorator (4 bytes)
Event: 34.810 Thread 0x000002bd06a9fd90 nmethod 4630 0x000002bd70824490 code [0x000002bd70824620, 0x000002bd70824718]
Event: 34.811 Thread 0x000002bd0eeda020 4631       4       org.codehaus.groovy.reflection.CachedMethod::isStatic (8 bytes)
Event: 34.813 Thread 0x000002bd0eeda020 nmethod 4631 0x000002bd77bffa90 code [0x000002bd77bffc00, 0x000002bd77bffc98]
Event: 34.817 Thread 0x000002bd0eeda020 4632       4       jdk.internal.reflect.AccessorGenerator::sub (5 bytes)
Event: 34.818 Thread 0x000002bd0eeda020 nmethod 4632 0x000002bd77bffd90 code [0x000002bd77bfff00, 0x000002bd77bfff58]
Event: 34.818 Thread 0x000002bd0eeda020 4633       4       jdk.internal.reflect.ClassFileAssembler::cpi (22 bytes)
Event: 34.819 Thread 0x000002bd0eeda020 nmethod 4633 0x000002bd77c00090 code [0x000002bd77c00200, 0x000002bd77c00298]
Event: 34.819 Thread 0x000002bd06a9fd90 4634       3       com.google.common.collect.MapMakerInternalMap$Segment::getLiveEntry (7 bytes)
Event: 34.820 Thread 0x000002bd06a9fd90 nmethod 4634 0x000002bd70824790 code [0x000002bd70824920, 0x000002bd70824ac8]
Event: 34.820 Thread 0x000002bd06a9fd90 4635       3       com.google.common.collect.MapMakerInternalMap$Segment::postReadCleanup (18 bytes)
Event: 34.820 Thread 0x000002bd06a9fd90 nmethod 4635 0x000002bd70824b90 code [0x000002bd70824d40, 0x000002bd70825058]
Event: 34.821 Thread 0x000002bd06a9fd90 4636   !   3       com.google.common.collect.MapMakerInternalMap$Segment::get (58 bytes)
Event: 34.823 Thread 0x000002bd06a9fd90 nmethod 4636 0x000002bd70825190 code [0x000002bd70825480, 0x000002bd708269b8]

GC Heap History (20 events):
Event: 21.946 GC heap before
{Heap before GC invocations=11 (full 0):
 garbage-first heap   total 65536K, used 51499K [0x0000000080000000, 0x0000000100000000)
  region size 1024K, 19 young (19456K), 4 survivors (4096K)
 Metaspace       used 33030K, committed 33472K, reserved 1114112K
  class space    used 4482K, committed 4672K, reserved 1048576K
}
Event: 21.962 GC heap after
{Heap after GC invocations=12 (full 0):
 garbage-first heap   total 65536K, used 39242K [0x0000000080000000, 0x0000000100000000)
  region size 1024K, 2 young (2048K), 2 survivors (2048K)
 Metaspace       used 33030K, committed 33472K, reserved 1114112K
  class space    used 4482K, committed 4672K, reserved 1048576K
}
Event: 23.038 GC heap before
{Heap before GC invocations=12 (full 0):
 garbage-first heap   total 65536K, used 51530K [0x0000000080000000, 0x0000000100000000)
  region size 1024K, 14 young (14336K), 2 survivors (2048K)
 Metaspace       used 34615K, committed 35008K, reserved 1114112K
  class space    used 4746K, committed 4928K, reserved 1048576K
}
Event: 23.046 GC heap after
{Heap after GC invocations=13 (full 0):
 garbage-first heap   total 65536K, used 40192K [0x0000000080000000, 0x0000000100000000)
  region size 1024K, 1 young (1024K), 1 survivors (1024K)
 Metaspace       used 34615K, committed 35008K, reserved 1114112K
  class space    used 4746K, committed 4928K, reserved 1048576K
}
Event: 24.640 GC heap before
{Heap before GC invocations=14 (full 0):
 garbage-first heap   total 70656K, used 51456K [0x0000000080000000, 0x0000000100000000)
  region size 1024K, 13 young (13312K), 1 survivors (1024K)
 Metaspace       used 36063K, committed 36352K, reserved 1114112K
  class space    used 4985K, committed 5120K, reserved 1048576K
}
Event: 24.646 GC heap after
{Heap after GC invocations=15 (full 0):
 garbage-first heap   total 70656K, used 40609K [0x0000000080000000, 0x0000000100000000)
  region size 1024K, 2 young (2048K), 2 survivors (2048K)
 Metaspace       used 36063K, committed 36352K, reserved 1114112K
  class space    used 4985K, committed 5120K, reserved 1048576K
}
Event: 26.209 GC heap before
{Heap before GC invocations=15 (full 0):
 garbage-first heap   total 70656K, used 55969K [0x0000000080000000, 0x0000000100000000)
  region size 1024K, 17 young (17408K), 2 survivors (2048K)
 Metaspace       used 38694K, committed 39104K, reserved 1114112K
  class space    used 5368K, committed 5568K, reserved 1048576K
}
Event: 26.218 GC heap after
{Heap after GC invocations=16 (full 0):
 garbage-first heap   total 70656K, used 41756K [0x0000000080000000, 0x0000000100000000)
  region size 1024K, 3 young (3072K), 3 survivors (3072K)
 Metaspace       used 38694K, committed 39104K, reserved 1114112K
  class space    used 5368K, committed 5568K, reserved 1048576K
}
Event: 27.225 GC heap before
{Heap before GC invocations=17 (full 0):
 garbage-first heap   total 73728K, used 55068K [0x0000000080000000, 0x0000000100000000)
  region size 1024K, 17 young (17408K), 3 survivors (3072K)
 Metaspace       used 42508K, committed 42880K, reserved 1114112K
  class space    used 5758K, committed 5952K, reserved 1048576K
}
Event: 27.234 GC heap after
{Heap after GC invocations=18 (full 0):
 garbage-first heap   total 73728K, used 43617K [0x0000000080000000, 0x0000000100000000)
  region size 1024K, 3 young (3072K), 3 survivors (3072K)
 Metaspace       used 42508K, committed 42880K, reserved 1114112K
  class space    used 5758K, committed 5952K, reserved 1048576K
}
Event: 27.957 GC heap before
{Heap before GC invocations=18 (full 0):
 garbage-first heap   total 73728K, used 57953K [0x0000000080000000, 0x0000000100000000)
  region size 1024K, 18 young (18432K), 3 survivors (3072K)
 Metaspace       used 43556K, committed 44032K, reserved 1114112K
  class space    used 5834K, committed 6080K, reserved 1048576K
}
Event: 27.968 GC heap after
{Heap after GC invocations=19 (full 0):
 garbage-first heap   total 73728K, used 45829K [0x0000000080000000, 0x0000000100000000)
  region size 1024K, 3 young (3072K), 3 survivors (3072K)
 Metaspace       used 43556K, committed 44032K, reserved 1114112K
  class space    used 5834K, committed 6080K, reserved 1048576K
}
Event: 28.784 GC heap before
{Heap before GC invocations=20 (full 0):
 garbage-first heap   total 83968K, used 58117K [0x0000000080000000, 0x0000000100000000)
  region size 1024K, 16 young (16384K), 3 survivors (3072K)
 Metaspace       used 44012K, committed 44416K, reserved 1114112K
  class space    used 5882K, committed 6080K, reserved 1048576K
}
Event: 28.792 GC heap after
{Heap after GC invocations=21 (full 0):
 garbage-first heap   total 83968K, used 46268K [0x0000000080000000, 0x0000000100000000)
  region size 1024K, 2 young (2048K), 2 survivors (2048K)
 Metaspace       used 44012K, committed 44416K, reserved 1114112K
  class space    used 5882K, committed 6080K, reserved 1048576K
}
Event: 31.043 GC heap before
{Heap before GC invocations=22 (full 0):
 garbage-first heap   total 89088K, used 70844K [0x0000000080000000, 0x0000000100000000)
  region size 1024K, 22 young (22528K), 2 survivors (2048K)
 Metaspace       used 47258K, committed 47680K, reserved 1114112K
  class space    used 6257K, committed 6464K, reserved 1048576K
}
Event: 31.056 GC heap after
{Heap after GC invocations=23 (full 0):
 garbage-first heap   total 89088K, used 47782K [0x0000000080000000, 0x0000000100000000)
  region size 1024K, 2 young (2048K), 2 survivors (2048K)
 Metaspace       used 47258K, committed 47680K, reserved 1114112K
  class space    used 6257K, committed 6464K, reserved 1048576K
}
Event: 33.171 GC heap before
{Heap before GC invocations=23 (full 0):
 garbage-first heap   total 89088K, used 70310K [0x0000000080000000, 0x0000000100000000)
  region size 1024K, 25 young (25600K), 2 survivors (2048K)
 Metaspace       used 49188K, committed 49664K, reserved 1114112K
  class space    used 6557K, committed 6784K, reserved 1048576K
}
Event: 33.186 GC heap after
{Heap after GC invocations=24 (full 0):
 garbage-first heap   total 107520K, used 49829K [0x0000000080000000, 0x0000000100000000)
  region size 1024K, 4 young (4096K), 4 survivors (4096K)
 Metaspace       used 49188K, committed 49664K, reserved 1114112K
  class space    used 6557K, committed 6784K, reserved 1048576K
}
Event: 33.498 GC heap before
{Heap before GC invocations=25 (full 0):
 garbage-first heap   total 107520K, used 50853K [0x0000000080000000, 0x0000000100000000)
  region size 1024K, 6 young (6144K), 4 survivors (4096K)
 Metaspace       used 49279K, committed 49728K, reserved 1114112K
  class space    used 6566K, committed 6784K, reserved 1048576K
}
Event: 33.509 GC heap after
{Heap after GC invocations=26 (full 0):
 garbage-first heap   total 107520K, used 50267K [0x0000000080000000, 0x0000000100000000)
  region size 1024K, 3 young (3072K), 3 survivors (3072K)
 Metaspace       used 49279K, committed 49728K, reserved 1114112K
  class space    used 6566K, committed 6784K, reserved 1048576K
}

Dll operation events (3 events):
Event: 0.093 Loaded shared library D:\android-studio-2023.2.1.18-windows\android-studio\jbr\bin\java.dll
Event: 0.483 Loaded shared library D:\android-studio-2023.2.1.18-windows\android-studio\jbr\bin\zip.dll
Event: 1.802 Loaded shared library D:\android-studio-2023.2.1.18-windows\android-studio\jbr\bin\verify.dll

Deoptimization events (20 events):
Event: 34.016 Thread 0x000002bd0b784b70 Uncommon trap: trap_request=0xffffff76 fr.pc=0x000002bd77bd4354 relative=0x0000000000000194
Event: 34.016 Thread 0x000002bd0b784b70 Uncommon trap: reason=predicate action=maybe_recompile pc=0x000002bd77bd4354 method=java.util.Arrays.binarySearch0([Ljava/lang/Object;IILjava/lang/Object;Ljava/util/Comparator;)I @ 25 c2
Event: 34.016 Thread 0x000002bd0b784b70 DEOPT PACKING pc=0x000002bd77bd4354 sp=0x000000e7613f6a40
Event: 34.016 Thread 0x000002bd0b784b70 DEOPT UNPACKING pc=0x000002bd7742699d sp=0x000000e7613f69d0 mode 2
Event: 34.485 Thread 0x000002bd0b784b70 Uncommon trap: trap_request=0xffffffbe fr.pc=0x000002bd77bf978c relative=0x00000000000002cc
Event: 34.485 Thread 0x000002bd0b784b70 Uncommon trap: reason=profile_predicate action=maybe_recompile pc=0x000002bd77bf978c method=sun.instrument.TransformerManager.transform(Ljava/lang/Module;Ljava/lang/ClassLoader;Ljava/lang/String;Ljava/lang/Class;Ljava/security/ProtectionDomain;[B)[B @ 21 
Event: 34.485 Thread 0x000002bd0b784b70 DEOPT PACKING pc=0x000002bd77bf978c sp=0x000000e7613f47f0
Event: 34.485 Thread 0x000002bd0b784b70 DEOPT UNPACKING pc=0x000002bd7742699d sp=0x000000e7613f4700 mode 2
Event: 34.489 Thread 0x000002bd0b784b70 Uncommon trap: trap_request=0xffffffbe fr.pc=0x000002bd77bf978c relative=0x00000000000002cc
Event: 34.489 Thread 0x000002bd0b784b70 Uncommon trap: reason=profile_predicate action=maybe_recompile pc=0x000002bd77bf978c method=sun.instrument.TransformerManager.transform(Ljava/lang/Module;Ljava/lang/ClassLoader;Ljava/lang/String;Ljava/lang/Class;Ljava/security/ProtectionDomain;[B)[B @ 21 
Event: 34.489 Thread 0x000002bd0b784b70 DEOPT PACKING pc=0x000002bd77bf978c sp=0x000000e7613f3910
Event: 34.489 Thread 0x000002bd0b784b70 DEOPT UNPACKING pc=0x000002bd7742699d sp=0x000000e7613f3820 mode 2
Event: 34.490 Thread 0x000002bd0b784b70 Uncommon trap: trap_request=0xffffffbe fr.pc=0x000002bd77bf978c relative=0x00000000000002cc
Event: 34.491 Thread 0x000002bd0b784b70 Uncommon trap: reason=profile_predicate action=maybe_recompile pc=0x000002bd77bf978c method=sun.instrument.TransformerManager.transform(Ljava/lang/Module;Ljava/lang/ClassLoader;Ljava/lang/String;Ljava/lang/Class;Ljava/security/ProtectionDomain;[B)[B @ 21 
Event: 34.491 Thread 0x000002bd0b784b70 DEOPT PACKING pc=0x000002bd77bf978c sp=0x000000e7613f3910
Event: 34.491 Thread 0x000002bd0b784b70 DEOPT UNPACKING pc=0x000002bd7742699d sp=0x000000e7613f3820 mode 2
Event: 34.492 Thread 0x000002bd0b784b70 Uncommon trap: trap_request=0xffffffbe fr.pc=0x000002bd77bf978c relative=0x00000000000002cc
Event: 34.492 Thread 0x000002bd0b784b70 Uncommon trap: reason=profile_predicate action=maybe_recompile pc=0x000002bd77bf978c method=sun.instrument.TransformerManager.transform(Ljava/lang/Module;Ljava/lang/ClassLoader;Ljava/lang/String;Ljava/lang/Class;Ljava/security/ProtectionDomain;[B)[B @ 21 
Event: 34.492 Thread 0x000002bd0b784b70 DEOPT PACKING pc=0x000002bd77bf978c sp=0x000000e7613f3910
Event: 34.492 Thread 0x000002bd0b784b70 DEOPT UNPACKING pc=0x000002bd7742699d sp=0x000000e7613f3820 mode 2

Classes unloaded (0 events):
No events

Classes redefined (0 events):
No events

Internal exceptions (20 events):
Event: 34.348 Thread 0x000002bd0b784b70 Exception <a 'java/lang/ClassNotFoundException'{0x00000000862fbc98}: org/jetbrains/plugins/gradle/tooling/builder/ScalaModelBuilderImplBeanInfo> (0x00000000862fbc98) 
thrown [s\src\hotspot\share\classfile\systemDictionary.cpp, line 256]
Event: 34.350 Thread 0x000002bd0b784b70 Exception <a 'java/lang/ClassNotFoundException'{0x000000008610bbb8}: org/jetbrains/plugins/gradle/tooling/builder/ScalaModelBuilderImplCustomizer> (0x000000008610bbb8) 
thrown [s\src\hotspot\share\classfile\systemDictionary.cpp, line 256]
Event: 34.432 Thread 0x000002bd0b784b70 Exception <a 'java/lang/ClassNotFoundException'{0x00000000861b6c70}: org/jetbrains/plugins/gradle/tooling/builder/ExternalProjectBuilderImpl$1BeanInfo> (0x00000000861b6c70) 
thrown [s\src\hotspot\share\classfile\systemDictionary.cpp, line 256]
Event: 34.437 Thread 0x000002bd0b784b70 Exception <a 'java/lang/ClassNotFoundException'{0x00000000861c2238}: org/jetbrains/plugins/gradle/tooling/builder/ExternalProjectBuilderImpl$1Customizer> (0x00000000861c2238) 
thrown [s\src\hotspot\share\classfile\systemDictionary.cpp, line 256]
Event: 34.474 Thread 0x000002bd0b784b70 Exception <a 'java/lang/ClassNotFoundException'{0x0000000086045f58}: org/jetbrains/plugins/gradle/tooling/builder/ExternalProjectBuilderImplBeanInfo> (0x0000000086045f58) 
thrown [s\src\hotspot\share\classfile\systemDictionary.cpp, line 256]
Event: 34.475 Thread 0x000002bd0b784b70 Exception <a 'java/lang/ClassNotFoundException'{0x0000000086051508}: org/jetbrains/plugins/gradle/tooling/builder/ExternalProjectBuilderImplCustomizer> (0x0000000086051508) 
thrown [s\src\hotspot\share\classfile\systemDictionary.cpp, line 256]
Event: 34.598 Thread 0x000002bd0b784b70 Exception <a 'java/lang/ClassNotFoundException'{0x0000000085ee4158}: org/jetbrains/plugins/gradle/tooling/tasks/DependenciesReport$ReportGeneratorBeanInfo> (0x0000000085ee4158) 
thrown [s\src\hotspot\share\classfile\systemDictionary.cpp, line 256]
Event: 34.599 Thread 0x000002bd0b784b70 Exception <a 'java/lang/ClassNotFoundException'{0x0000000085eef730}: org/jetbrains/plugins/gradle/tooling/tasks/DependenciesReport$ReportGeneratorCustomizer> (0x0000000085eef730) 
thrown [s\src\hotspot\share\classfile\systemDictionary.cpp, line 256]
Event: 34.607 Thread 0x000002bd0b784b70 Exception <a 'java/lang/ClassNotFoundException'{0x0000000085d21b30}: org/jetbrains/plugins/gradle/tooling/builder/DependencyGraphModelBuilderImplBeanInfo> (0x0000000085d21b30) 
thrown [s\src\hotspot\share\classfile\systemDictionary.cpp, line 256]
Event: 34.608 Thread 0x000002bd0b784b70 Exception <a 'java/lang/ClassNotFoundException'{0x0000000085d2d100}: org/jetbrains/plugins/gradle/tooling/builder/DependencyGraphModelBuilderImplCustomizer> (0x0000000085d2d100) 
thrown [s\src\hotspot\share\classfile\systemDictionary.cpp, line 256]
Event: 34.642 Thread 0x000002bd0b784b70 Exception <a 'java/lang/ClassNotFoundException'{0x0000000085dd7890}: org/jetbrains/plugins/gradle/tooling/builder/ExternalTestsModelBuilderImplBeanInfo> (0x0000000085dd7890) 
thrown [s\src\hotspot\share\classfile\systemDictionary.cpp, line 256]
Event: 34.645 Thread 0x000002bd0b784b70 Exception <a 'java/lang/ClassNotFoundException'{0x0000000085de2e58}: org/jetbrains/plugins/gradle/tooling/builder/ExternalTestsModelBuilderImplCustomizer> (0x0000000085de2e58) 
thrown [s\src\hotspot\share\classfile\systemDictionary.cpp, line 256]
Event: 34.775 Thread 0x000002bd0b784b70 Exception <a 'java/lang/ClassNotFoundException'{0x0000000085b5fca8}: org/jetbrains/plugins/gradle/tooling/builder/ProjectExtensionsDataBuilderImplBeanInfo> (0x0000000085b5fca8) 
thrown [s\src\hotspot\share\classfile\systemDictionary.cpp, line 256]
Event: 34.776 Thread 0x000002bd0b784b70 Exception <a 'java/lang/ClassNotFoundException'{0x0000000085b6b278}: org/jetbrains/plugins/gradle/tooling/builder/ProjectExtensionsDataBuilderImplCustomizer> (0x0000000085b6b278) 
thrown [s\src\hotspot\share\classfile\systemDictionary.cpp, line 256]
Event: 34.787 Thread 0x000002bd0b784b70 Exception <a 'java/lang/ClassNotFoundException'{0x0000000085b9b9f0}: org/jetbrains/plugins/gradle/tooling/builder/IntelliJSettingsBuilderBeanInfo> (0x0000000085b9b9f0) 
thrown [s\src\hotspot\share\classfile\systemDictionary.cpp, line 256]
Event: 34.790 Thread 0x000002bd0b784b70 Exception <a 'java/lang/ClassNotFoundException'{0x0000000085ba6f40}: org/jetbrains/plugins/gradle/tooling/builder/IntelliJSettingsBuilderCustomizer> (0x0000000085ba6f40) 
thrown [s\src\hotspot\share\classfile\systemDictionary.cpp, line 256]
Event: 34.800 Thread 0x000002bd0b784b70 Exception <a 'java/lang/ClassNotFoundException'{0x0000000085bd6420}: org/jetbrains/plugins/gradle/tooling/builder/IntelliJProjectSettingsBuilderBeanInfo> (0x0000000085bd6420) 
thrown [s\src\hotspot\share\classfile\systemDictionary.cpp, line 256]
Event: 34.802 Thread 0x000002bd0b784b70 Exception <a 'java/lang/ClassNotFoundException'{0x0000000085be19f0}: org/jetbrains/plugins/gradle/tooling/builder/IntelliJProjectSettingsBuilderCustomizer> (0x0000000085be19f0) 
thrown [s\src\hotspot\share\classfile\systemDictionary.cpp, line 256]
Event: 34.814 Thread 0x000002bd0b784b70 Exception <a 'java/lang/ClassNotFoundException'{0x0000000085a16ba0}: org/jetbrains/plugins/gradle/tooling/builder/DependencyAccessorsModelBuilderBeanInfo> (0x0000000085a16ba0) 
thrown [s\src\hotspot\share\classfile\systemDictionary.cpp, line 256]
Event: 34.816 Thread 0x000002bd0b784b70 Exception <a 'java/lang/ClassNotFoundException'{0x0000000085a22178}: org/jetbrains/plugins/gradle/tooling/builder/DependencyAccessorsModelBuilderCustomizer> (0x0000000085a22178) 
thrown [s\src\hotspot\share\classfile\systemDictionary.cpp, line 256]

VM Operations (20 events):
Event: 29.712 Executing VM operation: HandshakeAllThreads
Event: 29.712 Executing VM operation: HandshakeAllThreads done
Event: 30.370 Executing VM operation: HandshakeAllThreads
Event: 30.371 Executing VM operation: HandshakeAllThreads done
Event: 30.371 Executing VM operation: Cleanup
Event: 30.371 Executing VM operation: Cleanup done
Event: 31.043 Executing VM operation: G1CollectForAllocation
Event: 31.056 Executing VM operation: G1CollectForAllocation done
Event: 32.888 Executing VM operation: HandshakeAllThreads
Event: 32.888 Executing VM operation: HandshakeAllThreads done
Event: 32.888 Executing VM operation: Cleanup
Event: 32.889 Executing VM operation: Cleanup done
Event: 33.171 Executing VM operation: G1CollectForAllocation
Event: 33.192 Executing VM operation: G1CollectForAllocation done
Event: 33.298 Executing VM operation: G1PauseRemark
Event: 33.307 Executing VM operation: G1PauseRemark done
Event: 33.350 Executing VM operation: G1PauseCleanup
Event: 33.387 Executing VM operation: G1PauseCleanup done
Event: 33.498 Executing VM operation: G1TryInitiateConcMark
Event: 33.509 Executing VM operation: G1TryInitiateConcMark done

Events (20 events):
Event: 33.399 loading class java/lang/ClassLoaderBeanInfo
Event: 33.399 loading class java/lang/ClassLoaderBeanInfo done
Event: 33.401 loading class java/lang/ClassLoaderBeanInfo
Event: 33.401 loading class java/lang/ClassLoaderBeanInfo done
Event: 33.402 loading class java/lang/ClassLoaderCustomizer
Event: 33.402 loading class java/lang/ClassLoaderCustomizer done
Event: 33.404 loading class java/lang/ClassLoaderCustomizer
Event: 33.404 loading class java/lang/ClassLoaderCustomizer done
Event: 33.413 loading class java/security/SecureClassLoaderCustomizer
Event: 33.413 loading class java/security/SecureClassLoaderCustomizer done
Event: 33.414 loading class java/security/SecureClassLoaderCustomizer
Event: 33.414 loading class java/security/SecureClassLoaderCustomizer done
Event: 33.416 loading class java/net/URLClassLoaderCustomizer
Event: 33.416 loading class java/net/URLClassLoaderCustomizer done
Event: 33.417 loading class java/net/URLClassLoaderCustomizer
Event: 33.417 loading class java/net/URLClassLoaderCustomizer done
Event: 33.972 Thread 0x000002bd0d353d60 Thread exited: 0x000002bd0d353d60
Event: 34.613 Thread 0x000002bd0eeda020 Thread added: 0x000002bd0eeda020
Event: 34.808 loading class java/net/UnknownServiceException
Event: 34.808 loading class java/net/UnknownServiceException done


Dynamic libraries:
0x00007ff70a5e0000 - 0x00007ff70a5ea000 	D:\android-studio-2023.2.1.18-windows\android-studio\jbr\bin\java.exe
0x00007ff9e91f0000 - 0x00007ff9e93e8000 	C:\Windows\SYSTEM32\ntdll.dll
0x00007ff9e8cb0000 - 0x00007ff9e8d6d000 	C:\Windows\System32\KERNEL32.DLL
0x00007ff9e6bb0000 - 0x00007ff9e6ea6000 	C:\Windows\System32\KERNELBASE.dll
0x00007ff9e6970000 - 0x00007ff9e6a70000 	C:\Windows\System32\ucrtbase.dll
0x00007ff9df080000 - 0x00007ff9df097000 	D:\android-studio-2023.2.1.18-windows\android-studio\jbr\bin\jli.dll
0x00007ff9e16a0000 - 0x00007ff9e16bb000 	D:\android-studio-2023.2.1.18-windows\android-studio\jbr\bin\VCRUNTIME140.dll
0x00007ff9e86e0000 - 0x00007ff9e887e000 	C:\Windows\System32\USER32.dll
0x00007ff9e7220000 - 0x00007ff9e7242000 	C:\Windows\System32\win32u.dll
0x00007ff9d41a0000 - 0x00007ff9d443a000 	C:\Windows\WinSxS\amd64_microsoft.windows.common-controls_6595b64144ccf1df_6.0.19041.3636_none_60b6a03d71f818d5\COMCTL32.dll
0x00007ff9e88e0000 - 0x00007ff9e890c000 	C:\Windows\System32\GDI32.dll
0x00007ff9e8600000 - 0x00007ff9e869e000 	C:\Windows\System32\msvcrt.dll
0x00007ff9e6fa0000 - 0x00007ff9e70ba000 	C:\Windows\System32\gdi32full.dll
0x00007ff9e68d0000 - 0x00007ff9e696d000 	C:\Windows\System32\msvcp_win.dll
0x00007ff9e86b0000 - 0x00007ff9e86e0000 	C:\Windows\System32\IMM32.DLL
0x00007ff9e1690000 - 0x00007ff9e169c000 	D:\android-studio-2023.2.1.18-windows\android-studio\jbr\bin\vcruntime140_1.dll
0x00007ff9dc9c0000 - 0x00007ff9dca4d000 	D:\android-studio-2023.2.1.18-windows\android-studio\jbr\bin\msvcp140.dll
0x00007ff9b48c0000 - 0x00007ff9b5543000 	D:\android-studio-2023.2.1.18-windows\android-studio\jbr\bin\server\jvm.dll
0x00007ff9e8550000 - 0x00007ff9e85ff000 	C:\Windows\System32\ADVAPI32.dll
0x00007ff9e8ac0000 - 0x00007ff9e8b5c000 	C:\Windows\System32\sechost.dll
0x00007ff9e8d80000 - 0x00007ff9e8ea6000 	C:\Windows\System32\RPCRT4.dll
0x00007ff9e6730000 - 0x00007ff9e677b000 	C:\Windows\SYSTEM32\POWRPROF.dll
0x00007ff9d4080000 - 0x00007ff9d40a7000 	C:\Windows\SYSTEM32\WINMM.dll
0x00007ff9e23b0000 - 0x00007ff9e23b9000 	C:\Windows\SYSTEM32\WSOCK32.dll
0x00007ff9d6ee0000 - 0x00007ff9d6eea000 	C:\Windows\SYSTEM32\VERSION.dll
0x00007ff9e7bf0000 - 0x00007ff9e7c5b000 	C:\Windows\System32\WS2_32.dll
0x00007ff9e6700000 - 0x00007ff9e6712000 	C:\Windows\SYSTEM32\UMPDC.dll
0x00007ff9e4790000 - 0x00007ff9e47a2000 	C:\Windows\SYSTEM32\kernel.appcore.dll
0x00007ff9e2370000 - 0x00007ff9e237a000 	D:\android-studio-2023.2.1.18-windows\android-studio\jbr\bin\jimage.dll
0x00007ff9d0a50000 - 0x00007ff9d0c34000 	C:\Windows\SYSTEM32\DBGHELP.DLL
0x00007ff9d09f0000 - 0x00007ff9d0a24000 	C:\Windows\SYSTEM32\dbgcore.DLL
0x00007ff9e6a70000 - 0x00007ff9e6af2000 	C:\Windows\System32\bcryptPrimitives.dll
0x00007ff9df0a0000 - 0x00007ff9df0ae000 	D:\android-studio-2023.2.1.18-windows\android-studio\jbr\bin\instrument.dll
0x00007ff9e0270000 - 0x00007ff9e0295000 	D:\android-studio-2023.2.1.18-windows\android-studio\jbr\bin\java.dll
0x00007ff9e0b50000 - 0x00007ff9e0b68000 	D:\android-studio-2023.2.1.18-windows\android-studio\jbr\bin\zip.dll
0x00007ff9e74a0000 - 0x00007ff9e7be5000 	C:\Windows\System32\SHELL32.dll
0x00007ff9e4990000 - 0x00007ff9e512b000 	C:\Windows\SYSTEM32\windows.storage.dll
0x00007ff9e81f0000 - 0x00007ff9e8544000 	C:\Windows\System32\combase.dll
0x00007ff9e6240000 - 0x00007ff9e626d000 	C:\Windows\SYSTEM32\Wldp.dll
0x00007ff9e9100000 - 0x00007ff9e91ad000 	C:\Windows\System32\SHCORE.dll
0x00007ff9e7250000 - 0x00007ff9e72a5000 	C:\Windows\System32\shlwapi.dll
0x00007ff9e6800000 - 0x00007ff9e6825000 	C:\Windows\SYSTEM32\profapi.dll
0x00007ff9df590000 - 0x00007ff9df5a9000 	D:\android-studio-2023.2.1.18-windows\android-studio\jbr\bin\net.dll
0x00007ff9ddfb0000 - 0x00007ff9de0ba000 	C:\Windows\SYSTEM32\WINHTTP.dll
0x00007ff9e5fa0000 - 0x00007ff9e600a000 	C:\Windows\system32\mswsock.dll
0x00007ff9df390000 - 0x00007ff9df3a6000 	D:\android-studio-2023.2.1.18-windows\android-studio\jbr\bin\nio.dll
0x00007ff9e0230000 - 0x00007ff9e0240000 	D:\android-studio-2023.2.1.18-windows\android-studio\jbr\bin\verify.dll
0x00007ff9e0240000 - 0x00007ff9e0267000 	C:\Users\user\.gradle\native\c067742578af261105cb4f569cf0c3c89f3d7b1fecec35dd04571415982c5e48\windows-amd64\native-platform.dll
0x00007ff9d2db0000 - 0x00007ff9d2ef4000 	C:\Users\user\.gradle\native\38dada09dfb8b06ba9b0570ebf7e218e3eb74d4ef43ca46872605cf95ebc2f47\windows-amd64\native-platform-file-events.dll
0x00007ff9e0d40000 - 0x00007ff9e0d49000 	D:\android-studio-2023.2.1.18-windows\android-studio\jbr\bin\management.dll
0x00007ff9e0610000 - 0x00007ff9e061b000 	D:\android-studio-2023.2.1.18-windows\android-studio\jbr\bin\management_ext.dll
0x00007ff9e86a0000 - 0x00007ff9e86a8000 	C:\Windows\System32\PSAPI.DLL
0x00007ff9e61a0000 - 0x00007ff9e61b8000 	C:\Windows\SYSTEM32\CRYPTSP.dll
0x00007ff9e58d0000 - 0x00007ff9e5904000 	C:\Windows\system32\rsaenh.dll
0x00007ff9e6f00000 - 0x00007ff9e6f27000 	C:\Windows\System32\bcrypt.dll
0x00007ff9e6780000 - 0x00007ff9e67ae000 	C:\Windows\SYSTEM32\USERENV.dll
0x00007ff9e6190000 - 0x00007ff9e619c000 	C:\Windows\SYSTEM32\CRYPTBASE.dll
0x00007ff9e5c90000 - 0x00007ff9e5ccb000 	C:\Windows\SYSTEM32\IPHLPAPI.DLL
0x00007ff9e8d70000 - 0x00007ff9e8d78000 	C:\Windows\System32\NSI.dll
0x00007ff9df470000 - 0x00007ff9df487000 	C:\Windows\SYSTEM32\dhcpcsvc6.DLL
0x00007ff9df420000 - 0x00007ff9df43d000 	C:\Windows\SYSTEM32\dhcpcsvc.DLL
0x00007ff9e5cd0000 - 0x00007ff9e5d9a000 	C:\Windows\SYSTEM32\DNSAPI.dll
0x00007ff9e1380000 - 0x00007ff9e1387000 	C:\Windows\system32\wshunix.dll

dbghelp: loaded successfully - version: 4.0.5 - missing functions: none
symbol engine: initialized successfully - sym options: 0x614 - pdb path: .;D:\android-studio-2023.2.1.18-windows\android-studio\jbr\bin;C:\Windows\SYSTEM32;C:\Windows\WinSxS\amd64_microsoft.windows.common-controls_6595b64144ccf1df_6.0.19041.3636_none_60b6a03d71f818d5;D:\android-studio-2023.2.1.18-windows\android-studio\jbr\bin\server;C:\Users\user\.gradle\native\c067742578af261105cb4f569cf0c3c89f3d7b1fecec35dd04571415982c5e48\windows-amd64;C:\Users\user\.gradle\native\38dada09dfb8b06ba9b0570ebf7e218e3eb74d4ef43ca46872605cf95ebc2f47\windows-amd64

VM Arguments:
jvm_args: --add-opens=java.base/java.util=ALL-UNNAMED --add-opens=java.base/java.lang=ALL-UNNAMED --add-opens=java.base/java.lang.invoke=ALL-UNNAMED --add-opens=java.prefs/java.util.prefs=ALL-UNNAMED --add-opens=java.base/java.nio.charset=ALL-UNNAMED --add-opens=java.base/java.net=ALL-UNNAMED --add-opens=java.base/java.util.concurrent.atomic=ALL-UNNAMED -Xmx2048m -Dfile.encoding=UTF-8 -Duser.country=FR -Duser.language=fr -Duser.variant -javaagent:C:\Users\user\.gradle\wrapper\dists\gradle-8.4-bin\1w5dpkrfk8irigvoxmyhowfim\gradle-8.4\lib\agents\gradle-instrumentation-agent-8.4.jar 
java_command: org.gradle.launcher.daemon.bootstrap.GradleDaemon 8.4
java_class_path (initial): C:\Users\user\.gradle\wrapper\dists\gradle-8.4-bin\1w5dpkrfk8irigvoxmyhowfim\gradle-8.4\lib\gradle-launcher-8.4.jar
Launcher Type: SUN_STANDARD

[Global flags]
     intx CICompilerCount                          = 3                                         {product} {ergonomic}
     uint ConcGCThreads                            = 1                                         {product} {ergonomic}
     uint G1ConcRefinementThreads                  = 4                                         {product} {ergonomic}
   size_t G1HeapRegionSize                         = 1048576                                   {product} {ergonomic}
    uintx GCDrainStackTargetSize                   = 64                                        {product} {ergonomic}
   size_t InitialHeapSize                          = 67108864                                  {product} {ergonomic}
   size_t MarkStackSize                            = 4194304                                   {product} {ergonomic}
   size_t MaxHeapSize                              = 2147483648                                {product} {command line}
   size_t MaxNewSize                               = 1287651328                                {product} {ergonomic}
   size_t MinHeapDeltaBytes                        = 1048576                                   {product} {ergonomic}
   size_t MinHeapSize                              = 8388608                                   {product} {ergonomic}
    uintx NonNMethodCodeHeapSize                   = 5832780                                {pd product} {ergonomic}
    uintx NonProfiledCodeHeapSize                  = 122912730                              {pd product} {ergonomic}
    uintx ProfiledCodeHeapSize                     = 122912730                              {pd product} {ergonomic}
    uintx ReservedCodeCacheSize                    = 251658240                              {pd product} {ergonomic}
     bool SegmentedCodeCache                       = true                                      {product} {ergonomic}
   size_t SoftMaxHeapSize                          = 2147483648                             {manageable} {ergonomic}
     bool UseCompressedClassPointers               = true                           {product lp64_product} {ergonomic}
     bool UseCompressedOops                        = true                           {product lp64_product} {ergonomic}
     bool UseG1GC                                  = true                                      {product} {ergonomic}
     bool UseLargePagesIndividualAllocation        = false                                  {pd product} {ergonomic}

Logging:
Log output configuration:
 #0: stdout all=warning uptime,level,tags
 #1: stderr all=off uptime,level,tags

Environment Variables:
PATH=C:\Program Files\Eclipse Adoptium\jdk-21.0.1.12-hotspot\bin;C:\Program Files (x86)\Common Files\Oracle\Java\javapath;C:\Windows\system32;C:\Windows;C:\Windows\System32\Wbem;C:\Windows\System32\WindowsPowerShell\v1.0\;C:\Windows\System32\OpenSSH\;C:\Program Files (x86)\Windows Kits\10\Windows Performance Toolkit\;C:\Users\user\AppData\Local\Programs\Python\Launcher\;C:\Users\user\AppData\Local\Microsoft\WindowsApps;C:\Program Files\Java\jdk-19\bin;C:\Users\user\AppData\Local\Programs\oh-my-posh\bin;D:\Git\mingw64\bin\git.exe;D:\Git\bin;D:\IntelliJ IDEA 2023.1.3\bin;;D:\Microsoft VS Code\bin;C:\Users\user\AppData\Local\GitHubDesktop\bin
USERNAME=user
OS=Windows_NT
PROCESSOR_IDENTIFIER=Intel64 Family 6 Model 76 Stepping 3, GenuineIntel
TMP=C:\Users\user\AppData\Local\Temp
TEMP=C:\Users\user\AppData\Local\Temp



Periodic native trim disabled

JNI global refs:
JNI global refs: 24, weak refs: 0

JNI global refs memory usage: 843, weak refs: 209

OOME stack traces (most recent first):
Classloader memory used:
Loader org.gradle.internal.classloader.VisitableURLClassLoader                         : 3049K
Loader bootstrap                                                                       : 2382K
Loader org.gradle.initialization.MixInLegacyTypesClassLoader                           : 701K
Loader org.gradle.internal.classloader.VisitableURLClassLoader$InstrumentingVisitableURLClassLoader: 70579B
Loader jdk.internal.loader.ClassLoaders$PlatformClassLoader                            : 68812B
Loader org.gradle.internal.classloader.VisitableURLClassLoader                         : 51641B
Loader jdk.internal.loader.ClassLoaders$AppClassLoader                                 : 28453B
Loader jdk.internal.reflect.DelegatingClassLoader                                      : 23738B
Loader org.gradle.groovy.scripts.internal.DefaultScriptCompilationHandler$ScriptClassLoader: 10750B
Loader org.codehaus.groovy.runtime.callsite.CallSiteClassLoader                        : 5059B

Classes loaded by more than one classloader:
Class org.gradle.api.GradleException                                                  : loaded 3 times (x 80B)
Class org.gradle.util.GradleVersion                                                   : loaded 2 times (x 81B)
Class org.jetbrains.plugins.gradle.model.MavenRepositoryModel                         : loaded 2 times (x 68B)
Class org.gradle.internal.classpath.ClassPath                                         : loaded 2 times (x 68B)
Class org.gradle.api.internal.classpath.DefaultModuleRegistry                         : loaded 2 times (x 84B)
Class org.gradle.internal.exceptions.NonGradleCauseExceptionsHolder                   : loaded 2 times (x 68B)
Class com.intellij.openapi.externalSystem.model.ExternalSystemException               : loaded 2 times (x 84B)
Class org.gradle.api.Action                                                           : loaded 2 times (x 68B)
Class org.jetbrains.plugins.gradle.model.ExternalProject                              : loaded 2 times (x 68B)
Class org.gradle.api.internal.DefaultClassPathProvider                                : loaded 2 times (x 74B)
Class org.gradle.internal.installation.GradleInstallation$1                           : loaded 2 times (x 73B)
Class org.gradle.internal.exceptions.DefaultMultiCauseException                       : loaded 2 times (x 89B)
Class org.gradle.internal.time.MonotonicClock                                         : loaded 2 times (x 75B)
Class org.gradle.internal.classloader.FilteringClassLoader                            : loaded 2 times (x 103B)
Class org.gradle.tooling.model.Model                                                  : loaded 2 times (x 68B)
Class org.gradle.internal.classpath.DefaultClassPath$ImmutableUniqueList$Builder      : loaded 2 times (x 73B)
Class org.gradle.internal.classloader.ClassLoaderVisitor                              : loaded 2 times (x 74B)
Class org.gradle.internal.time.DefaultCountdownTimer                                  : loaded 2 times (x 86B)
Class org.gradle.internal.service.DefaultServiceLocator                               : loaded 2 times (x 81B)
Class org.gradle.internal.service.UnknownServiceException                             : loaded 2 times (x 81B)
Class org.gradle.internal.classloader.DefaultClassLoaderFactory                       : loaded 2 times (x 80B)
Class ijInit7_8pjjdirufvzvxuj11hpxg1dgk                                               : loaded 2 times (x 177B)
Class org.gradle.internal.classloader.VisitableURLClassLoader$Spec                    : loaded 2 times (x 72B)
Class org.gradle.tooling.model.ProjectModel                                           : loaded 2 times (x 68B)
Class org.gradle.internal.installation.GradleInstallation                             : loaded 2 times (x 73B)
Class org.gradle.api.internal.classpath.ModuleRegistry                                : loaded 2 times (x 68B)
Class org.jetbrains.plugins.gradle.model.RepositoriesModel                            : loaded 2 times (x 68B)
Class org.gradle.api.internal.ClassPathProvider                                       : loaded 2 times (x 68B)
Class org.gradle.internal.classloader.ClasspathUtil$1                                 : loaded 2 times (x 74B)
Class org.gradle.internal.classloader.ClassLoaderFactory                              : loaded 2 times (x 68B)
Class org.gradle.api.internal.classpath.ManifestUtil                                  : loaded 2 times (x 69B)
Class org.gradle.api.specs.Spec                                                       : loaded 2 times (x 68B)
Class sync_studio_tooling226_b95t3o27l029pxd4ttgwqtsc0                                : loaded 2 times (x 177B)
Class sync_studio_tooling226_b95t3o27l029pxd4ttgwqtsc0$_run_closure1                  : loaded 2 times (x 137B)
Class org.gradle.internal.IoActions                                                   : loaded 2 times (x 69B)
Class org.gradle.api.internal.classpath.EffectiveClassPath                            : loaded 2 times (x 88B)
Class org.gradle.internal.installation.CurrentGradleInstallation                      : loaded 2 times (x 71B)
Class org.gradle.internal.agents.InstrumentingClassLoader                             : loaded 2 times (x 68B)
Class org.gradle.internal.installation.CurrentGradleInstallationLocator               : loaded 2 times (x 69B)
Class org.gradle.api.internal.classpath.Module                                        : loaded 2 times (x 68B)
Class org.gradle.internal.service.CachingServiceLocator                               : loaded 2 times (x 80B)
Class org.gradle.internal.time.Timer                                                  : loaded 2 times (x 68B)
Class org.gradle.internal.classpath.DefaultClassPath                                  : loaded 2 times (x 88B)
Class org.gradle.internal.time.Time                                                   : loaded 2 times (x 69B)
Class org.gradle.internal.time.TimeSource$1                                           : loaded 2 times (x 75B)
Class org.gradle.internal.classloader.SystemClassLoaderSpec                           : loaded 2 times (x 69B)
Class kotlin.Function                                                                 : loaded 2 times (x 68B)
Class org.gradle.api.UncheckedIOException                                             : loaded 2 times (x 80B)
Class org.gradle.internal.time.CountdownTimer                                         : loaded 2 times (x 68B)
Class org.gradle.internal.time.Clock                                                  : loaded 2 times (x 68B)
Class org.gradle.internal.classloader.ClasspathUtil                                   : loaded 2 times (x 69B)
Class org.gradle.api.internal.DefaultClassPathRegistry                                : loaded 2 times (x 74B)
Class org.gradle.api.internal.classpath.DefaultModuleRegistry$DefaultModule           : loaded 2 times (x 84B)
Class org.gradle.internal.time.TimeSource                                             : loaded 2 times (x 68B)
Class org.gradle.api.internal.classpath.UnknownModuleException                        : loaded 2 times (x 80B)
Class org.gradle.internal.service.ServiceLookupException                              : loaded 2 times (x 80B)
Class org.gradle.cache.GlobalCache                                                    : loaded 2 times (x 68B)
Class [Lorg.gradle.api.internal.ClassPathProvider;                                    : loaded 2 times (x 67B)
Class org.gradle.internal.operations.MultipleBuildOperationFailures                   : loaded 2 times (x 89B)
Class org.gradle.util.internal.GUtil                                                  : loaded 2 times (x 69B)
Class org.gradle.internal.classloader.ClassLoaderSpec                                 : loaded 2 times (x 69B)
Class org.gradle.internal.classloader.VisitableURLClassLoader                         : loaded 2 times (x 115B)
Class org.gradle.internal.Cast                                                        : loaded 2 times (x 69B)
Class org.gradle.api.internal.ClassPathRegistry                                       : loaded 2 times (x 68B)
Class org.gradle.internal.classloader.VisitableURLClassLoader$InstrumentingVisitableURLClassLoader: loaded 2 times (x 121B)
Class org.gradle.internal.classloader.ClassLoaderHierarchy                            : loaded 2 times (x 68B)
Class org.gradle.internal.exceptions.MultiCauseException                              : loaded 2 times (x 68B)
Class org.gradle.internal.InternalTransformer                                         : loaded 2 times (x 68B)
Class org.gradle.internal.service.ServiceLocator                                      : loaded 2 times (x 68B)
Class org.gradle.internal.classpath.DefaultClassPath$ImmutableUniqueList              : loaded 2 times (x 159B)
Class org.gradle.internal.time.DefaultTimer                                           : loaded 2 times (x 78B)
Class org.gradle.internal.classpath.TransformedClassPath                              : loaded 2 times (x 94B)


---------------  S Y S T E M  ---------------

OS:
 Windows 10 , 64 bit Build 19041 (10.0.19041.3636)
OS uptime: 0 days 5:47 hours

CPU: total 4 (initial active 4) (4 cores per cpu, 1 threads per core) family 6 model 76 stepping 3 microcode 0x368, cx8, cmov, fxsr, mmx, 3dnowpref, sse, sse2, sse3, ssse3, sse4.1, sse4.2, popcnt, tsc, tscinvbit, aes, erms, clmul, clflush
Processor Information for all 4 processors :
  Max Mhz: 1601, Current Mhz: 1601, Mhz Limit: 1601

Memory: 4k page, system-wide physical 4015M (716M free)
TotalPageFile size 8111M (AvailPageFile size 3M)
current process WorkingSet (physical memory assigned to process): 248M, peak: 248M
current process commit charge ("private bytes"): 286M, peak: 288M

vm_info: OpenJDK 64-Bit Server VM (17.0.9+0--11185874) for windows-amd64 JRE (17.0.9+0--11185874), built on Dec  6 2023 18:57:44 by "androidbuild" with MS VC++ 16.10 / 16.11 (VS2019)

END.
